    "<Event xmlns=\"http://schemas.microsoft.com/win/2004/08/events/event\"><System><Provider Name=\"Service Control Manager\" Guid=\"{555908d1-a6d7-4695-8e1e-26931d2012f4}\" EventSourceName=\"Service Control Manager\"></Provider>\n<EventID Qualifiers=\"16384\">7036</EventID>\n<Version>0</Version>\n<Level>4</Level>\n<Task>0</Task>\n<Opcode>0</Opcode>\n<Keywords>0x8080000000000000</Keywords>\n<TimeCreated SystemTime=\"2024-12-18 09:11:26.322840\"></TimeCreated>\n<EventRecordID>110</EventRecordID>\n<Correlation ActivityID=\"\" RelatedActivityID=\"\"></Correlation>\n<Execution ProcessID=\"448\" ThreadID=\"548\"></Execution>\n<Channel>System</Channel>\n<Computer>37L4247F27-25</Computer>\n<Security UserID=\"\"></Security>\n</System>\n<EventData><Data Name=\"param1\">Program Compatibility Assistant Service</Data>\n<Data Name=\"param2\">running</Data>\n<Binary>UABjAGEAUwB2AGMALwA0AAAA</Binary>\n</EventData>\n</Event>\n",
    "<Event xmlns=\"http://schemas.microsoft.com/win/2004/08/events/event\"><System><Provider Name=\"Service Control Manager\" Guid=\"{555908d1-a6d7-4695-8e1e-26931d2012f4}\" EventSourceName=\"Service Control Manager\"></Provider>\n<EventID Qualifiers=\"16384\">7036</EventID>\n<Version>0</Version>\n<Level>4</Level>\n<Task>0</Task>\n<Opcode>0</Opcode>\n<Keywords>0x8080000000000000</Keywords>\n<TimeCreated SystemTime=\"2024-12-18 09:11:26.354040\"></TimeCreated>\n<EventRecordID>111</EventRecordID>\n<Correlation ActivityID=\"\" RelatedActivityID=\"\"></Correlation>\n<Execution ProcessID=\"448\" ThreadID=\"572\"></Execution>\n<Channel>System</Channel>\n<Computer>37L4247F27-25</Computer>\n<Security UserID=\"\"></Security>\n</System>\n<EventData><Data Name=\"param1\">Windows Management Instrumentation</Data>\n<Data Name=\"param2\">running</Data>\n<Binary>VwBpAG4AbQBnAG0AdAAvADQAAAA=</Binary>\n</EventData>\n</Event>\n",
    "<Event xmlns=\"http://schemas.microsoft.com/win/2004/08/events/event\"><System><Provider Name=\"Service Control Manager\" Guid=\"{555908d1-a6d7-4695-8e1e-26931d2012f4}\" EventSourceName=\"Service Control Manager\"></Provider>\n<EventID Qualifiers=\"16384\">7036</EventID>\n<Version>0</Version>\n<Level>4</Level>\n<Task>0</Task>\n<Opcode>0</Opcode>\n<Keywords>0x8080000000000000</Keywords>\n<TimeCreated SystemTime=\"2024-12-18 09:11:26.369638\"></TimeCreated>\n<EventRecordID>112</EventRecordID>\n<Correlation ActivityID=\"\" RelatedActivityID=\"\"></Correlation>\n<Execution ProcessID=\"448\" ThreadID=\"572\"></Execution>\n<Channel>System</Channel>\n<Computer>37L4247F27-25</Computer>\n<Security UserID=\"\"></Security>\n</System>\n<EventData><Data Name=\"param1\">IP Helper</Data>\n<Data Name=\"param2\">running</Data>\n<Binary>aQBwAGgAbABwAHMAdgBjAC8ANAAAAA==</Binary>\n</EventData>\n</Event>\n",
    "<Event xmlns=\"http://schemas.microsoft.com/win/2004/08/events/event\"><System><Provider Name=\"Service Control Manager\" Guid=\"{555908d1-a6d7-4695-8e1e-26931d2012f4}\" EventSourceName=\"Service Control Manager\"></Provider>\n<EventID Qualifiers=\"16384\">7036</EventID>\n<Version>0</Version>\n<Level>4</Level>\n<Task>0</Task>\n<Opcode>0</Opcode>\n<Keywords>0x8080000000000000</Keywords>\n<TimeCreated SystemTime=\"2024-12-18 09:11:26.447639\"></TimeCreated>\n<EventRecordID>113</EventRecordID>\n<Correlation ActivityID=\"\" RelatedActivityID=\"\"></Correlation>\n<Execution ProcessID=\"448\" ThreadID=\"548\"></Execution>\n<Channel>System</Channel>\n<Computer>37L4247F27-25</Computer>\n<Security UserID=\"\"></Security>\n</System>\n<EventData><Data Name=\"param1\">Server</Data>\n<Data Name=\"param2\">running</Data>\n<Binary>TABhAG4AbQBhAG4AUwBlAHIAdgBlAHIALwA0AAAA</Binary>\n</EventData>\n</Event>\n",
    "<Event xmlns=\"http://schemas.microsoft.com/win/2004/08/events/event\"><System><Provider Name=\"Service Control Manager\" Guid=\"{555908d1-a6d7-4695-8e1e-26931d2012f4}\" EventSourceName=\"Service Control Manager\"></Provider>\n<EventID Qualifiers=\"16384\">7036</EventID>\n<Version>0</Version>\n<Level>4</Level>\n<Task>0</Task>\n<Opcode>0</Opcode>\n<Keywords>0x8080000000000000</Keywords>\n<TimeCreated SystemTime=\"2024-12-18 09:11:26.525639\"></TimeCreated>\n<EventRecordID>114</EventRecordID>\n<Correlation ActivityID=\"\" RelatedActivityID=\"\"></Correlation>\n<Execution ProcessID=\"448\" ThreadID=\"564\"></Execution>\n<Channel>System</Channel>\n<Computer>37L4247F27-25</Computer>\n<Security UserID=\"\"></Security>\n</System>\n<EventData><Data Name=\"param1\">Diagnostic Service Host</Data>\n<Data Name=\"param2\">running</Data>\n<Binary>VwBkAGkAUwBlAHIAdgBpAGMAZQBIAG8AcwB0AC8ANAAAAA==</Binary>\n</EventData>\n</Event>\n",
    "<Event xmlns=\"http://schemas.microsoft.com/win/2004/08/events/event\"><System><Provider Name=\"Service Control Manager\" Guid=\"{555908d1-a6d7-4695-8e1e-26931d2012f4}\" EventSourceName=\"Service Control Manager\"></Provider>\n<EventID Qualifiers=\"16384\">7036</EventID>\n<Version>0</Version>\n<Level>4</Level>\n<Task>0</Task>\n<Opcode>0</Opcode>\n<Keywords>0x8080000000000000</Keywords>\n<TimeCreated SystemTime=\"2024-12-18 09:11:26.650440\"></TimeCreated>\n<EventRecordID>115</EventRecordID>\n<Correlation ActivityID=\"\" RelatedActivityID=\"\"></Correlation>\n<Execution ProcessID=\"448\" ThreadID=\"564\"></Execution>\n<Channel>System</Channel>\n<Computer>37L4247F27-25</Computer>\n<Security UserID=\"\"></Security>\n</System>\n<EventData><Data Name=\"param1\">Network List Service</Data>\n<Data Name=\"param2\">running</Data>\n<Binary>bgBlAHQAcAByAG8AZgBtAC8ANAAAAA==</Binary>\n</EventData>\n</Event>\n",
    "<Event xmlns=\"http://schemas.microsoft.com/win/2004/08/events/event\"><System><Provider Name=\"Service Control Manager\" Guid=\"{555908d1-a6d7-4695-8e1e-26931d2012f4}\" EventSourceName=\"Service Control Manager\"></Provider>\n<EventID Qualifiers=\"16384\">7036</EventID>\n<Version>0</Version>\n<Level>4</Level>\n<Task>0</Task>\n<Opcode>0</Opcode>\n<Keywords>0x8080000000000000</Keywords>\n<TimeCreated SystemTime=\"2024-12-18 09:11:26.681639\"></TimeCreated>\n<EventRecordID>116</EventRecordID>\n<Correlation ActivityID=\"\" RelatedActivityID=\"\"></Correlation>\n<Execution ProcessID=\"448\" ThreadID=\"560\"></Execution>\n<Channel>System</Channel>\n<Computer>37L4247F27-25</Computer>\n<Security UserID=\"\"></Security>\n</System>\n<EventData><Data Name=\"param1\">Application Experience</Data>\n<Data Name=\"param2\">running</Data>\n<Binary>QQBlAEwAbwBvAGsAdQBwAFMAdgBjAC8ANAAAAA==</Binary>\n</EventData>\n</Event>\n",
    "<Event xmlns=\"http://schemas.microsoft.com/win/2004/08/events/event\"><System><Provider Name=\"Service Control Manager\" Guid=\"{555908d1-a6d7-4695-8e1e-26931d2012f4}\" EventSourceName=\"Service Control Manager\"></Provider>\n<EventID Qualifiers=\"16384\">7036</EventID>\n<Version>0</Version>\n<Level>4</Level>\n<Task>0</Task>\n<Opcode>0</Opcode>\n<Keywords>0x8080000000000000</Keywords>\n<TimeCreated SystemTime=\"2024-12-18 09:11:26.681639\"></TimeCreated>\n<EventRecordID>117</EventRecordID>\n<Correlation ActivityID=\"\" RelatedActivityID=\"\"></Correlation>\n<Execution ProcessID=\"448\" ThreadID=\"564\"></Execution>\n<Channel>System</Channel>\n<Computer>37L4247F27-25</Computer>\n<Security UserID=\"\"></Security>\n</System>\n<EventData><Data Name=\"param1\">Diagnostic System Host</Data>\n<Data Name=\"param2\">running</Data>\n<Binary>VwBkAGkAUwB5AHMAdABlAG0ASABvAHMAdAAvADQAAAA=</Binary>\n</EventData>\n</Event>\n",
    "<Event xmlns=\"http://schemas.microsoft.com/win/2004/08/events/event\"><System><Provider Name=\"Service Control Manager\" Guid=\"{555908d1-a6d7-4695-8e1e-26931d2012f4}\" EventSourceName=\"Service Control Manager\"></Provider>\n<EventID Qualifiers=\"16384\">7036</EventID>\n<Version>0</Version>\n<Level>4</Level>\n<Task>0</Task>\n<Opcode>0</Opcode>\n<Keywords>0x8080000000000000</Keywords>\n<TimeCreated SystemTime=\"2024-12-18 09:11:26.728441\"></TimeCreated>\n<EventRecordID>118</EventRecordID>\n<Correlation ActivityID=\"\" RelatedActivityID=\"\"></Correlation>\n<Execution ProcessID=\"448\" ThreadID=\"556\"></Execution>\n<Channel>System</Channel>\n<Computer>37L4247F27-25</Computer>\n<Security UserID=\"\"></Security>\n</System>\n<EventData><Data Name=\"param1\">Portable Device Enumerator Service</Data>\n<Data Name=\"param2\">running</Data>\n<Binary>VwBQAEQAQgB1AHMARQBuAHUAbQAvADQAAAA=</Binary>\n</EventData>\n</Event>\n",
    "<Event xmlns=\"http://schemas.microsoft.com/win/2004/08/events/event\"><System><Provider Name=\"Microsoft-Windows-UserPnp\" Guid=\"{96f4a050-7e31-453c-88be-9634f4e02139}\"></Provider>\n<EventID Qualifiers=\"\">20003</EventID>\n<Version>0</Version>\n<Level>4</Level>\n<Task>7005</Task>\n<Opcode>0</Opcode>\n<Keywords>0x8000000000000000</Keywords>\n<TimeCreated SystemTime=\"2024-12-18 09:11:26.759642\"></TimeCreated>\n<EventRecordID>119</EventRecordID>\n<Correlation ActivityID=\"\" RelatedActivityID=\"\"></Correlation>\n<Execution ProcessID=\"1380\" ThreadID=\"1428\"></Execution>\n<Channel>System</Channel>\n<Computer>37L4247F27-25</Computer>\n<Security UserID=\"S-1-5-18\"></Security>\n</System>\n<UserData><AddServiceID xmlns:auto-ns2=\"http://schemas.microsoft.com/win/2004/08/events\" xmlns=\"http://manifests.microsoft.com/win/2004/08/windows/userpnp\"><ServiceName>umbus</ServiceName>\n<DriverFileName>system32\\DRIVERS\\umbus.sys</DriverFileName>\n<DeviceInstanceID>ROOT\\UMBUS\\0000</DeviceInstanceID>\n<PrimaryService>True</PrimaryService>\n<UpdateService>True</UpdateService>\n<AddServiceStatus>0</AddServiceStatus>\n</AddServiceID>\n</UserData>\n</Event>\n",
    "<Event xmlns=\"http://schemas.microsoft.com/win/2004/08/events/event\"><System><Provider Name=\"Microsoft-Windows-UserPnp\" Guid=\"{96f4a050-7e31-453c-88be-9634f4e02139}\"></Provider>\n<EventID Qualifiers=\"\">20001</EventID>\n<Version>0</Version>\n<Level>4</Level>\n<Task>7005</Task>\n<Opcode>0</Opcode>\n<Keywords>0x8000000000000000</Keywords>\n<TimeCreated SystemTime=\"2024-12-18 09:11:26.915642\"></TimeCreated>\n<EventRecordID>120</EventRecordID>\n<Correlation ActivityID=\"\" RelatedActivityID=\"\"></Correlation>\n<Execution ProcessID=\"1380\" ThreadID=\"1428\"></Execution>\n<Channel>System</Channel>\n<Computer>37L4247F27-25</Computer>\n<Security UserID=\"S-1-5-18\"></Security>\n</System>\n<UserData><InstallDeviceID xmlns:auto-ns2=\"http://schemas.microsoft.com/win/2004/08/events\" xmlns=\"http://manifests.microsoft.com/win/2004/08/windows/userpnp\"><DriverName>FileRepository\\umbus.inf_amd64_neutral_2d4257afa2e35253\\umbus.inf</DriverName>\n<DriverVersion>6.1.7601.17514</DriverVersion>\n<DriverProvider>Microsoft</DriverProvider>\n<DeviceInstanceID>ROOT\\UMBUS\\0000</DeviceInstanceID>\n<SetupClass>{4d36e97d-e325-11ce-bfc1-08002be10318}</SetupClass>\n<RebootOption>False</RebootOption>\n<UpgradeDevice>True</UpgradeDevice>\n<IsDriverOEM>False</IsDriverOEM>\n<InstallStatus>0x00000000</InstallStatus>\n<DriverDescription>UMBus Root Bus Enumerator</DriverDescription>\n</InstallDeviceID>\n</UserData>\n</Event>\n",
    "<Event xmlns=\"http://schemas.microsoft.com/win/2004/08/events/event\"><System><Provider Name=\"Microsoft-Windows-UserPnp\" Guid=\"{96f4a050-7e31-453c-88be-9634f4e02139}\"></Provider>\n<EventID Qualifiers=\"\">20003</EventID>\n<Version>0</Version>\n<Level>4</Level>\n<Task>7005</Task>\n<Opcode>0</Opcode>\n<Keywords>0x8000000000000000</Keywords>\n<TimeCreated SystemTime=\"2024-12-18 09:11:27.009241\"></TimeCreated>\n<EventRecordID>121</EventRecordID>\n<Correlation ActivityID=\"\" RelatedActivityID=\"\"></Correlation>\n<Execution ProcessID=\"1396\" ThreadID=\"1432\"></Execution>\n<Channel>System</Channel>\n<Computer>37L4247F27-25</Computer>\n<Security UserID=\"S-1-5-18\"></Security>\n</System>\n<UserData><AddServiceID xmlns:auto-ns2=\"http://schemas.microsoft.com/win/2004/08/events\" xmlns=\"http://manifests.microsoft.com/win/2004/08/windows/userpnp\"><ServiceName>volmgr</ServiceName>\n<DriverFileName>system32\\DRIVERS\\volmgr.sys</DriverFileName>\n<DeviceInstanceID>ROOT\\VOLMGR\\0000</DeviceInstanceID>\n<PrimaryService>True</PrimaryService>\n<UpdateService>True</UpdateService>\n<AddServiceStatus>0</AddServiceStatus>\n</AddServiceID>\n</UserData>\n</Event>\n",
    "<Event xmlns=\"http://schemas.microsoft.com/win/2004/08/events/event\"><System><Provider Name=\"Microsoft-Windows-UserPnp\" Guid=\"{96f4a050-7e31-453c-88be-9634f4e02139}\"></Provider>\n<EventID Qualifiers=\"\">20001</EventID>\n<Version>0</Version>\n<Level>4</Level>\n<Task>7005</Task>\n<Opcode>0</Opcode>\n<Keywords>0x8000000000000000</Keywords>\n<TimeCreated SystemTime=\"2024-12-18 09:11:27.009241\"></TimeCreated>\n<EventRecordID>122</EventRecordID>\n<Correlation ActivityID=\"\" RelatedActivityID=\"\"></Correlation>\n<Execution ProcessID=\"1396\" ThreadID=\"1432\"></Execution>\n<Channel>System</Channel>\n<Computer>37L4247F27-25</Computer>\n<Security UserID=\"S-1-5-18\"></Security>\n</System>\n<UserData><InstallDeviceID xmlns:auto-ns2=\"http://schemas.microsoft.com/win/2004/08/events\" xmlns=\"http://manifests.microsoft.com/win/2004/08/windows/userpnp\"><DriverName>FileRepository\\machine.inf_amd64_neutral_a2f120466549d68b\\machine.inf</DriverName>\n<DriverVersion>6.1.7601.17514</DriverVersion>\n<DriverProvider>Microsoft</DriverProvider>\n<DeviceInstanceID>ROOT\\VOLMGR\\0000</DeviceInstanceID>\n<SetupClass>{4d36e97d-e325-11ce-bfc1-08002be10318}</SetupClass>\n<RebootOption>True</RebootOption>\n<UpgradeDevice>True</UpgradeDevice>\n<IsDriverOEM>False</IsDriverOEM>\n<InstallStatus>0x00000000</InstallStatus>\n<DriverDescription>Volume Manager</DriverDescription>\n</InstallDeviceID>\n</UserData>\n</Event>\n",
    "<Event xmlns=\"http://schemas.microsoft.com/win/2004/08/events/event\"><System><Provider Name=\"Microsoft-Windows-UserPnp\" Guid=\"{96f4a050-7e31-453c-88be-9634f4e02139}\"></Provider>\n<EventID Qualifiers=\"\">20001</EventID>\n<Version>0</Version>\n<Level>4</Level>\n<Task>7005</Task>\n<Opcode>0</Opcode>\n<Keywords>0x8000000000000000</Keywords>\n<TimeCreated SystemTime=\"2024-12-18 09:11:27.024841\"></TimeCreated>\n<EventRecordID>123</EventRecordID>\n<Correlation ActivityID=\"\" RelatedActivityID=\"\"></Correlation>\n<Execution ProcessID=\"1408\" ThreadID=\"1424\"></Execution>\n<Channel>System</Channel>\n<Computer>37L4247F27-25</Computer>\n<Security UserID=\"S-1-5-18\"></Security>\n</System>\n<UserData><InstallDeviceID xmlns:auto-ns2=\"http://schemas.microsoft.com/win/2004/08/events\" xmlns=\"http://manifests.microsoft.com/win/2004/08/windows/userpnp\"><DriverName>FileRepository\\hal.inf_amd64_neutral_232b95977cf6d84c\\hal.inf</DriverName>\n<DriverVersion>6.1.7600.16385</DriverVersion>\n<DriverProvider>Microsoft</DriverProvider>\n<DeviceInstanceID>ROOT\\ACPI_HAL\\0000</DeviceInstanceID>\n<SetupClass>{4d36e966-e325-11ce-bfc1-08002be10318}</SetupClass>\n<RebootOption>True</RebootOption>\n<UpgradeDevice>True</UpgradeDevice>\n<IsDriverOEM>False</IsDriverOEM>\n<InstallStatus>0x00000000</InstallStatus>\n<DriverDescription>ACPI x64-based PC</DriverDescription>\n</InstallDeviceID>\n</UserData>\n</Event>\n",
    "<Event xmlns=\"http://schemas.microsoft.com/win/2004/08/events/event\"><System><Provider Name=\"Microsoft-Windows-UserPnp\" Guid=\"{96f4a050-7e31-453c-88be-9634f4e02139}\"></Provider>\n<EventID Qualifiers=\"\">20003</EventID>\n<Version>0</Version>\n<Level>4</Level>\n<Task>7005</Task>\n<Opcode>0</Opcode>\n<Keywords>0x8000000000000000</Keywords>\n<TimeCreated SystemTime=\"2024-12-18 09:11:27.056042\"></TimeCreated>\n<EventRecordID>124</EventRecordID>\n<Correlation ActivityID=\"\" RelatedActivityID=\"\"></Correlation>\n<Execution ProcessID=\"1388\" ThreadID=\"1420\"></Execution>\n<Channel>System</Channel>\n<Computer>37L4247F27-25</Computer>\n<Security UserID=\"S-1-5-18\"></Security>\n</System>\n<UserData><AddServiceID xmlns:auto-ns2=\"http://schemas.microsoft.com/win/2004/08/events\" xmlns=\"http://manifests.microsoft.com/win/2004/08/windows/userpnp\"><ServiceName>vdrvroot</ServiceName>\n<DriverFileName>system32\\DRIVERS\\vdrvroot.sys</DriverFileName>\n<DeviceInstanceID>ROOT\\VDRVROOT\\0000</DeviceInstanceID>\n<PrimaryService>True</PrimaryService>\n<UpdateService>True</UpdateService>\n<AddServiceStatus>0</AddServiceStatus>\n</AddServiceID>\n</UserData>\n</Event>\n",
    "<Event xmlns=\"http://schemas.microsoft.com/win/2004/08/events/event\"><System><Provider Name=\"Microsoft-Windows-UserPnp\" Guid=\"{96f4a050-7e31-453c-88be-9634f4e02139}\"></Provider>\n<EventID Qualifiers=\"\">20001</EventID>\n<Version>0</Version>\n<Level>4</Level>\n<Task>7005</Task>\n<Opcode>0</Opcode>\n<Keywords>0x8000000000000000</Keywords>\n<TimeCreated SystemTime=\"2024-12-18 09:11:27.212042\"></TimeCreated>\n<EventRecordID>125</EventRecordID>\n<Correlation ActivityID=\"\" RelatedActivityID=\"\"></Correlation>\n<Execution ProcessID=\"1388\" ThreadID=\"1420\"></Execution>\n<Channel>System</Channel>\n<Computer>37L4247F27-25</Computer>\n<Security UserID=\"S-1-5-18\"></Security>\n</System>\n<UserData><InstallDeviceID xmlns:auto-ns2=\"http://schemas.microsoft.com/win/2004/08/events\" xmlns=\"http://manifests.microsoft.com/win/2004/08/windows/userpnp\"><DriverName>FileRepository\\machine.inf_amd64_neutral_a2f120466549d68b\\machine.inf</DriverName>\n<DriverVersion>6.1.7601.17514</DriverVersion>\n<DriverProvider>Microsoft</DriverProvider>\n<DeviceInstanceID>ROOT\\VDRVROOT\\0000</DeviceInstanceID>\n<SetupClass>{4d36e97d-e325-11ce-bfc1-08002be10318}</SetupClass>\n<RebootOption>False</RebootOption>\n<UpgradeDevice>False</UpgradeDevice>\n<IsDriverOEM>False</IsDriverOEM>\n<InstallStatus>0x00000000</InstallStatus>\n<DriverDescription>Microsoft Virtual Drive Enumerator Driver</DriverDescription>\n</InstallDeviceID>\n</UserData>\n</Event>\n",
    "<Event xmlns=\"http://schemas.microsoft.com/win/2004/08/events/event\"><System><Provider Name=\"Microsoft-Windows-UserPnp\" Guid=\"{96f4a050-7e31-453c-88be-9634f4e02139}\"></Provider>\n<EventID Qualifiers=\"\">20003</EventID>\n<Version>0</Version>\n<Level>4</Level>\n<Task>7005</Task>\n<Opcode>0</Opcode>\n<Keywords>0x8000000000000000</Keywords>\n<TimeCreated SystemTime=\"2024-12-18 09:11:27.258841\"></TimeCreated>\n<EventRecordID>126</EventRecordID>\n<Correlation ActivityID=\"\" RelatedActivityID=\"\"></Correlation>\n<Execution ProcessID=\"1576\" ThreadID=\"1584\"></Execution>\n<Channel>System</Channel>\n<Computer>37L4247F27-25</Computer>\n<Security UserID=\"S-1-5-18\"></Security>\n</System>\n<UserData><AddServiceID xmlns:auto-ns2=\"http://schemas.microsoft.com/win/2004/08/events\" xmlns=\"http://manifests.microsoft.com/win/2004/08/windows/userpnp\"><ServiceName>blbdrive</ServiceName>\n<DriverFileName>system32\\DRIVERS\\blbdrive.sys</DriverFileName>\n<DeviceInstanceID>ROOT\\BLBDRIVE\\0000</DeviceInstanceID>\n<PrimaryService>True</PrimaryService>\n<UpdateService>True</UpdateService>\n<AddServiceStatus>0</AddServiceStatus>\n</AddServiceID>\n</UserData>\n</Event>\n",
    "<Event xmlns=\"http://schemas.microsoft.com/win/2004/08/events/event\"><System><Provider Name=\"Microsoft-Windows-UserPnp\" Guid=\"{96f4a050-7e31-453c-88be-9634f4e02139}\"></Provider>\n<EventID Qualifiers=\"\">20001</EventID>\n<Version>0</Version>\n<Level>4</Level>\n<Task>7005</Task>\n<Opcode>0</Opcode>\n<Keywords>0x8000000000000000</Keywords>\n<TimeCreated SystemTime=\"2024-12-18 09:11:27.336842\"></TimeCreated>\n<EventRecordID>127</EventRecordID>\n<Correlation ActivityID=\"\" RelatedActivityID=\"\"></Correlation>\n<Execution ProcessID=\"1576\" ThreadID=\"1584\"></Execution>\n<Channel>System</Channel>\n<Computer>37L4247F27-25</Computer>\n<Security UserID=\"S-1-5-18\"></Security>\n</System>\n<UserData><InstallDeviceID xmlns:auto-ns2=\"http://schemas.microsoft.com/win/2004/08/events\" xmlns=\"http://manifests.microsoft.com/win/2004/08/windows/userpnp\"><DriverName>FileRepository\\blbdrive.inf_amd64_neutral_1aa816fe7dc98c3f\\blbdrive.inf</DriverName>\n<DriverVersion>6.1.7600.16385</DriverVersion>\n<DriverProvider>Microsoft</DriverProvider>\n<DeviceInstanceID>ROOT\\BLBDRIVE\\0000</DeviceInstanceID>\n<SetupClass>{4d36e97d-e325-11ce-bfc1-08002be10318}</SetupClass>\n<RebootOption>True</RebootOption>\n<UpgradeDevice>True</UpgradeDevice>\n<IsDriverOEM>False</IsDriverOEM>\n<InstallStatus>0x00000000</InstallStatus>\n<DriverDescription>File as Volume Driver</DriverDescription>\n</InstallDeviceID>\n</UserData>\n</Event>\n",
    "<Event xmlns=\"http://schemas.microsoft.com/win/2004/08/events/event\"><System><Provider Name=\"Microsoft-Windows-UserPnp\" Guid=\"{96f4a050-7e31-453c-88be-9634f4e02139}\"></Provider>\n<EventID Qualifiers=\"\">20003</EventID>\n<Version>0</Version>\n<Level>4</Level>\n<Task>7005</Task>\n<Opcode>0</Opcode>\n<Keywords>0x8000000000000000</Keywords>\n<TimeCreated SystemTime=\"2024-12-18 09:11:27.461641\"></TimeCreated>\n<EventRecordID>128</EventRecordID>\n<Correlation ActivityID=\"\" RelatedActivityID=\"\"></Correlation>\n<Execution ProcessID=\"1604\" ThreadID=\"1620\"></Execution>\n<Channel>System</Channel>\n<Computer>37L4247F27-25</Computer>\n<Security UserID=\"S-1-5-18\"></Security>\n</System>\n<UserData><AddServiceID xmlns:auto-ns2=\"http://schemas.microsoft.com/win/2004/08/events\" xmlns=\"http://manifests.microsoft.com/win/2004/08/windows/userpnp\"><ServiceName>CompositeBus</ServiceName>\n<DriverFileName>system32\\DRIVERS\\CompositeBus.sys</DriverFileName>\n<DeviceInstanceID>ROOT\\COMPOSITEBUS\\0000</DeviceInstanceID>\n<PrimaryService>True</PrimaryService>\n<UpdateService>True</UpdateService>\n<AddServiceStatus>0</AddServiceStatus>\n</AddServiceID>\n</UserData>\n</Event>\n",
    "<Event xmlns=\"http://schemas.microsoft.com/win/2004/08/events/event\"><System><Provider Name=\"Microsoft-Windows-UserPnp\" Guid=\"{96f4a050-7e31-453c-88be-9634f4e02139}\"></Provider>\n<EventID Qualifiers=\"\">20001</EventID>\n<Version>0</Version>\n<Level>4</Level>\n<Task>7005</Task>\n<Opcode>0</Opcode>\n<Keywords>0x8000000000000000</Keywords>\n<TimeCreated SystemTime=\"2024-12-18 09:11:27.617641\"></TimeCreated>\n<EventRecordID>129</EventRecordID>\n<Correlation ActivityID=\"\" RelatedActivityID=\"\"></Correlation>\n<Execution ProcessID=\"1604\" ThreadID=\"1620\"></Execution>\n<Channel>System</Channel>\n<Computer>37L4247F27-25</Computer>\n<Security UserID=\"S-1-5-18\"></Security>\n</System>\n<UserData><InstallDeviceID xmlns:auto-ns2=\"http://schemas.microsoft.com/win/2004/08/events\" xmlns=\"http://manifests.microsoft.com/win/2004/08/windows/userpnp\"><DriverName>FileRepository\\compositebus.inf_amd64_neutral_b9280780a8000d4b\\compositebus.inf</DriverName>\n<DriverVersion>6.1.7601.17514</DriverVersion>\n<DriverProvider>Microsoft</DriverProvider>\n<DeviceInstanceID>ROOT\\COMPOSITEBUS\\0000</DeviceInstanceID>\n<SetupClass>{4d36e97d-e325-11ce-bfc1-08002be10318}</SetupClass>\n<RebootOption>False</RebootOption>\n<UpgradeDevice>True</UpgradeDevice>\n<IsDriverOEM>False</IsDriverOEM>\n<InstallStatus>0x00000000</InstallStatus>\n<DriverDescription>Composite Bus Enumerator</DriverDescription>\n</InstallDeviceID>\n</UserData>\n</Event>\n",
    "<Event xmlns=\"http://schemas.microsoft.com/win/2004/08/events/event\"><System><Provider Name=\"Microsoft-Windows-UserPnp\" Guid=\"{96f4a050-7e31-453c-88be-9634f4e02139}\"></Provider>\n<EventID Qualifiers=\"\">20003</EventID>\n<Version>0</Version>\n<Level>4</Level>\n<Task>7005</Task>\n<Opcode>0</Opcode>\n<Keywords>0x8000000000000000</Keywords>\n<TimeCreated SystemTime=\"2024-12-18 09:11:27.648842\"></TimeCreated>\n<EventRecordID>130</EventRecordID>\n<Correlation ActivityID=\"\" RelatedActivityID=\"\"></Correlation>\n<Execution ProcessID=\"1640\" ThreadID=\"1648\"></Execution>\n<Channel>System</Channel>\n<Computer>37L4247F27-25</Computer>\n<Security UserID=\"S-1-5-18\"></Security>\n</System>\n<UserData><AddServiceID xmlns:auto-ns2=\"http://schemas.microsoft.com/win/2004/08/events\" xmlns=\"http://manifests.microsoft.com/win/2004/08/windows/userpnp\"><ServiceName>mssmbios</ServiceName>\n<DriverFileName>system32\\DRIVERS\\mssmbios.sys</DriverFileName>\n<DeviceInstanceID>ROOT\\MSSMBIOS\\0000</DeviceInstanceID>\n<PrimaryService>True</PrimaryService>\n<UpdateService>True</UpdateService>\n<AddServiceStatus>0</AddServiceStatus>\n</AddServiceID>\n</UserData>\n</Event>\n",
    "<Event xmlns=\"http://schemas.microsoft.com/win/2004/08/events/event\"><System><Provider Name=\"Microsoft-Windows-UserPnp\" Guid=\"{96f4a050-7e31-453c-88be-9634f4e02139}\"></Provider>\n<EventID Qualifiers=\"\">20001</EventID>\n<Version>0</Version>\n<Level>4</Level>\n<Task>7005</Task>\n<Opcode>0</Opcode>\n<Keywords>0x8000000000000000</Keywords>\n<TimeCreated SystemTime=\"2024-12-18 09:11:27.804842\"></TimeCreated>\n<EventRecordID>131</EventRecordID>\n<Correlation ActivityID=\"\" RelatedActivityID=\"\"></Correlation>\n<Execution ProcessID=\"1640\" ThreadID=\"1648\"></Execution>\n<Channel>System</Channel>\n<Computer>37L4247F27-25</Computer>\n<Security UserID=\"S-1-5-18\"></Security>\n</System>\n<UserData><InstallDeviceID xmlns:auto-ns2=\"http://schemas.microsoft.com/win/2004/08/events\" xmlns=\"http://manifests.microsoft.com/win/2004/08/windows/userpnp\"><DriverName>FileRepository\\machine.inf_amd64_neutral_a2f120466549d68b\\machine.inf</DriverName>\n<DriverVersion>6.1.7601.17514</DriverVersion>\n<DriverProvider>Microsoft</DriverProvider>\n<DeviceInstanceID>ROOT\\MSSMBIOS\\0000</DeviceInstanceID>\n<SetupClass>{4d36e97d-e325-11ce-bfc1-08002be10318}</SetupClass>\n<RebootOption>False</RebootOption>\n<UpgradeDevice>False</UpgradeDevice>\n<IsDriverOEM>False</IsDriverOEM>\n<InstallStatus>0x00000000</InstallStatus>\n<DriverDescription>Microsoft System Management BIOS Driver</DriverDescription>\n</InstallDeviceID>\n</UserData>\n</Event>\n",
    "<Event xmlns=\"http://schemas.microsoft.com/win/2004/08/events/event\"><System><Provider Name=\"Microsoft-Windows-UserPnp\" Guid=\"{96f4a050-7e31-453c-88be-9634f4e02139}\"></Provider>\n<EventID Qualifiers=\"\">20003</EventID>\n<Version>0</Version>\n<Level>4</Level>\n<Task>7005</Task>\n<Opcode>0</Opcode>\n<Keywords>0x8000000000000000</Keywords>\n<TimeCreated SystemTime=\"2024-12-18 09:11:28.101242\"></TimeCreated>\n<EventRecordID>132</EventRecordID>\n<Correlation ActivityID=\"\" RelatedActivityID=\"\"></Correlation>\n<Execution ProcessID=\"1772\" ThreadID=\"1780\"></Execution>\n<Channel>System</Channel>\n<Computer>37L4247F27-25</Computer>\n<Security UserID=\"S-1-5-18\"></Security>\n</System>\n<UserData><AddServiceID xmlns:auto-ns2=\"http://schemas.microsoft.com/win/2004/08/events\" xmlns=\"http://manifests.microsoft.com/win/2004/08/windows/userpnp\"><ServiceName>NdisWan</ServiceName>\n<DriverFileName>system32\\DRIVERS\\ndiswan.sys</DriverFileName>\n<DeviceInstanceID>ROOT\\MS_NDISWANIP\\0000</DeviceInstanceID>\n<PrimaryService>True</PrimaryService>\n<UpdateService>True</UpdateService>\n<AddServiceStatus>0</AddServiceStatus>\n</AddServiceID>\n</UserData>\n</Event>\n",
    "<Event xmlns=\"http://schemas.microsoft.com/win/2004/08/events/event\"><System><Provider Name=\"Microsoft-Windows-UserPnp\" Guid=\"{96f4a050-7e31-453c-88be-9634f4e02139}\"></Provider>\n<EventID Qualifiers=\"\">20003</EventID>\n<Version>0</Version>\n<Level>4</Level>\n<Task>7005</Task>\n<Opcode>0</Opcode>\n<Keywords>0x8000000000000000</Keywords>\n<TimeCreated SystemTime=\"2024-12-18 09:11:28.101242\"></TimeCreated>\n<EventRecordID>133</EventRecordID>\n<Correlation ActivityID=\"\" RelatedActivityID=\"\"></Correlation>\n<Execution ProcessID=\"1772\" ThreadID=\"1780\"></Execution>\n<Channel>System</Channel>\n<Computer>37L4247F27-25</Computer>\n<Security UserID=\"S-1-5-18\"></Security>\n</System>\n<UserData><AddServiceID xmlns:auto-ns2=\"http://schemas.microsoft.com/win/2004/08/events\" xmlns=\"http://manifests.microsoft.com/win/2004/08/windows/userpnp\"><ServiceName>NdisTapi</ServiceName>\n<DriverFileName>system32\\DRIVERS\\ndistapi.sys</DriverFileName>\n<DeviceInstanceID>ROOT\\MS_NDISWANIP\\0000</DeviceInstanceID>\n<PrimaryService>False</PrimaryService>\n<UpdateService>True</UpdateService>\n<AddServiceStatus>0</AddServiceStatus>\n</AddServiceID>\n</UserData>\n</Event>\n",
    "<Event xmlns=\"http://schemas.microsoft.com/win/2004/08/events/event\"><System><Provider Name=\"Microsoft-Windows-UserPnp\" Guid=\"{96f4a050-7e31-453c-88be-9634f4e02139}\"></Provider>\n<EventID Qualifiers=\"\">20001</EventID>\n<Version>0</Version>\n<Level>4</Level>\n<Task>7005</Task>\n<Opcode>0</Opcode>\n<Keywords>0x8000000000000000</Keywords>\n<TimeCreated SystemTime=\"2024-12-18 09:11:28.304043\"></TimeCreated>\n<EventRecordID>134</EventRecordID>\n<Correlation ActivityID=\"\" RelatedActivityID=\"\"></Correlation>\n<Execution ProcessID=\"1772\" ThreadID=\"1780\"></Execution>\n<Channel>System</Channel>\n<Computer>37L4247F27-25</Computer>\n<Security UserID=\"S-1-5-18\"></Security>\n</System>\n<UserData><InstallDeviceID xmlns:auto-ns2=\"http://schemas.microsoft.com/win/2004/08/events\" xmlns=\"http://manifests.microsoft.com/win/2004/08/windows/userpnp\"><DriverName></DriverName>\n<DriverVersion>6.1.7601.17514</DriverVersion>\n<DriverProvider>Microsoft</DriverProvider>\n<DeviceInstanceID>ROOT\\MS_NDISWANIP\\0000</DeviceInstanceID>\n<SetupClass>{4d36e972-e325-11ce-bfc1-08002be10318}</SetupClass>\n<RebootOption>False</RebootOption>\n<UpgradeDevice>True</UpgradeDevice>\n<IsDriverOEM>False</IsDriverOEM>\n<InstallStatus>0x00000000</InstallStatus>\n<DriverDescription>WAN Miniport (IP)</DriverDescription>\n</InstallDeviceID>\n</UserData>\n</Event>\n",
    "<Event xmlns=\"http://schemas.microsoft.com/win/2004/08/events/event\"><System><Provider Name=\"Microsoft-Windows-UserPnp\" Guid=\"{96f4a050-7e31-453c-88be-9634f4e02139}\"></Provider>\n<EventID Qualifiers=\"\">20003</EventID>\n<Version>0</Version>\n<Level>4</Level>\n<Task>7005</Task>\n<Opcode>0</Opcode>\n<Keywords>0x8000000000000000</Keywords>\n<TimeCreated SystemTime=\"2024-12-18 09:11:28.319643\"></TimeCreated>\n<EventRecordID>135</EventRecordID>\n<Correlation ActivityID=\"\" RelatedActivityID=\"\"></Correlation>\n<Execution ProcessID=\"1660\" ThreadID=\"1668\"></Execution>\n<Channel>System</Channel>\n<Computer>37L4247F27-25</Computer>\n<Security UserID=\"S-1-5-18\"></Security>\n</System>\n<UserData><AddServiceID xmlns:auto-ns2=\"http://schemas.microsoft.com/win/2004/08/events\" xmlns=\"http://manifests.microsoft.com/win/2004/08/windows/userpnp\"><ServiceName>RasAgileVpn</ServiceName>\n<DriverFileName>system32\\DRIVERS\\AgileVpn.sys</DriverFileName>\n<DeviceInstanceID>ROOT\\MS_AGILEVPNMINIPORT\\0000</DeviceInstanceID>\n<PrimaryService>True</PrimaryService>\n<UpdateService>True</UpdateService>\n<AddServiceStatus>0</AddServiceStatus>\n</AddServiceID>\n</UserData>\n</Event>\n",
    "<Event xmlns=\"http://schemas.microsoft.com/win/2004/08/events/event\"><System><Provider Name=\"Microsoft-Windows-UserPnp\" Guid=\"{96f4a050-7e31-453c-88be-9634f4e02139}\"></Provider>\n<EventID Qualifiers=\"\">20001</EventID>\n<Version>0</Version>\n<Level>4</Level>\n<Task>7005</Task>\n<Opcode>0</Opcode>\n<Keywords>0x8000000000000000</Keywords>\n<TimeCreated SystemTime=\"2024-12-18 09:11:28.491243\"></TimeCreated>\n<EventRecordID>136</EventRecordID>\n<Correlation ActivityID=\"\" RelatedActivityID=\"\"></Correlation>\n<Execution ProcessID=\"1660\" ThreadID=\"1668\"></Execution>\n<Channel>System</Channel>\n<Computer>37L4247F27-25</Computer>\n<Security UserID=\"S-1-5-18\"></Security>\n</System>\n<UserData><InstallDeviceID xmlns:auto-ns2=\"http://schemas.microsoft.com/win/2004/08/events\" xmlns=\"http://manifests.microsoft.com/win/2004/08/windows/userpnp\"><DriverName></DriverName>\n<DriverVersion>6.1.7601.17514</DriverVersion>\n<DriverProvider>Microsoft</DriverProvider>\n<DeviceInstanceID>ROOT\\MS_AGILEVPNMINIPORT\\0000</DeviceInstanceID>\n<SetupClass>{4d36e972-e325-11ce-bfc1-08002be10318}</SetupClass>\n<RebootOption>False</RebootOption>\n<UpgradeDevice>True</UpgradeDevice>\n<IsDriverOEM>False</IsDriverOEM>\n<InstallStatus>0x00000000</InstallStatus>\n<DriverDescription>WAN Miniport (IKEv2)</DriverDescription>\n</InstallDeviceID>\n</UserData>\n</Event>\n",
    "<Event xmlns=\"http://schemas.microsoft.com/win/2004/08/events/event\"><System><Provider Name=\"Microsoft-Windows-UserPnp\" Guid=\"{96f4a050-7e31-453c-88be-9634f4e02139}\"></Provider>\n<EventID Qualifiers=\"\">20003</EventID>\n<Version>0</Version>\n<Level>4</Level>\n<Task>7005</Task>\n<Opcode>0</Opcode>\n<Keywords>0x8000000000000000</Keywords>\n<TimeCreated SystemTime=\"2024-12-18 09:11:28.522444\"></TimeCreated>\n<EventRecordID>137</EventRecordID>\n<Correlation ActivityID=\"\" RelatedActivityID=\"\"></Correlation>\n<Execution ProcessID=\"1704\" ThreadID=\"1712\"></Execution>\n<Channel>System</Channel>\n<Computer>37L4247F27-25</Computer>\n<Security UserID=\"S-1-5-18\"></Security>\n</System>\n<UserData><AddServiceID xmlns:auto-ns2=\"http://schemas.microsoft.com/win/2004/08/events\" xmlns=\"http://manifests.microsoft.com/win/2004/08/windows/userpnp\"><ServiceName>Rasl2tp</ServiceName>\n<DriverFileName>system32\\DRIVERS\\rasl2tp.sys</DriverFileName>\n<DeviceInstanceID>ROOT\\MS_L2TPMINIPORT\\0000</DeviceInstanceID>\n<PrimaryService>True</PrimaryService>\n<UpdateService>True</UpdateService>\n<AddServiceStatus>0</AddServiceStatus>\n</AddServiceID>\n</UserData>\n</Event>\n",
    "<Event xmlns=\"http://schemas.microsoft.com/win/2004/08/events/event\"><System><Provider Name=\"Microsoft-Windows-UserPnp\" Guid=\"{96f4a050-7e31-453c-88be-9634f4e02139}\"></Provider>\n<EventID Qualifiers=\"\">20001</EventID>\n<Version>0</Version>\n<Level>4</Level>\n<Task>7005</Task>\n<Opcode>0</Opcode>\n<Keywords>0x8000000000000000</Keywords>\n<TimeCreated SystemTime=\"2024-12-18 09:11:28.616045\"></TimeCreated>\n<EventRecordID>138</EventRecordID>\n<Correlation ActivityID=\"\" RelatedActivityID=\"\"></Correlation>\n<Execution ProcessID=\"1704\" ThreadID=\"1712\"></Execution>\n<Channel>System</Channel>\n<Computer>37L4247F27-25</Computer>\n<Security UserID=\"S-1-5-18\"></Security>\n</System>\n<UserData><InstallDeviceID xmlns:auto-ns2=\"http://schemas.microsoft.com/win/2004/08/events\" xmlns=\"http://manifests.microsoft.com/win/2004/08/windows/userpnp\"><DriverName></DriverName>\n<DriverVersion>6.1.7601.17514</DriverVersion>\n<DriverProvider>Microsoft</DriverProvider>\n<DeviceInstanceID>ROOT\\MS_L2TPMINIPORT\\0000</DeviceInstanceID>\n<SetupClass>{4d36e972-e325-11ce-bfc1-08002be10318}</SetupClass>\n<RebootOption>False</RebootOption>\n<UpgradeDevice>True</UpgradeDevice>\n<IsDriverOEM>False</IsDriverOEM>\n<InstallStatus>0x00000000</InstallStatus>\n<DriverDescription>WAN Miniport (L2TP)</DriverDescription>\n</InstallDeviceID>\n</UserData>\n</Event>\n",
    "<Event xmlns=\"http://schemas.microsoft.com/win/2004/08/events/event\"><System><Provider Name=\"Microsoft-Windows-UserPnp\" Guid=\"{96f4a050-7e31-453c-88be-9634f4e02139}\"></Provider>\n<EventID Qualifiers=\"\">20003</EventID>\n<Version>0</Version>\n<Level>4</Level>\n<Task>7005</Task>\n<Opcode>0</Opcode>\n<Keywords>0x8000000000000000</Keywords>\n<TimeCreated SystemTime=\"2024-12-18 09:11:28.647243\"></TimeCreated>\n<EventRecordID>139</EventRecordID>\n<Correlation ActivityID=\"\" RelatedActivityID=\"\"></Correlation>\n<Execution ProcessID=\"1756\" ThreadID=\"1764\"></Execution>\n<Channel>System</Channel>\n<Computer>37L4247F27-25</Computer>\n<Security UserID=\"S-1-5-18\"></Security>\n</System>\n<UserData><AddServiceID xmlns:auto-ns2=\"http://schemas.microsoft.com/win/2004/08/events\" xmlns=\"http://manifests.microsoft.com/win/2004/08/windows/userpnp\"><ServiceName>NdisWan</ServiceName>\n<DriverFileName>system32\\DRIVERS\\ndiswan.sys</DriverFileName>\n<DeviceInstanceID>ROOT\\MS_NDISWANBH\\0000</DeviceInstanceID>\n<PrimaryService>True</PrimaryService>\n<UpdateService>True</UpdateService>\n<AddServiceStatus>0</AddServiceStatus>\n</AddServiceID>\n</UserData>\n</Event>\n",
    "<Event xmlns=\"http://schemas.microsoft.com/win/2004/08/events/event\"><System><Provider Name=\"Microsoft-Windows-UserPnp\" Guid=\"{96f4a050-7e31-453c-88be-9634f4e02139}\"></Provider>\n<EventID Qualifiers=\"\">20003</EventID>\n<Version>0</Version>\n<Level>4</Level>\n<Task>7005</Task>\n<Opcode>0</Opcode>\n<Keywords>0x8000000000000000</Keywords>\n<TimeCreated SystemTime=\"2024-12-18 09:11:28.647243\"></TimeCreated>\n<EventRecordID>140</EventRecordID>\n<Correlation ActivityID=\"\" RelatedActivityID=\"\"></Correlation>\n<Execution ProcessID=\"1756\" ThreadID=\"1764\"></Execution>\n<Channel>System</Channel>\n<Computer>37L4247F27-25</Computer>\n<Security UserID=\"S-1-5-18\"></Security>\n</System>\n<UserData><AddServiceID xmlns:auto-ns2=\"http://schemas.microsoft.com/win/2004/08/events\" xmlns=\"http://manifests.microsoft.com/win/2004/08/windows/userpnp\"><ServiceName>NdisTapi</ServiceName>\n<DriverFileName>system32\\DRIVERS\\ndistapi.sys</DriverFileName>\n<DeviceInstanceID>ROOT\\MS_NDISWANBH\\0000</DeviceInstanceID>\n<PrimaryService>False</PrimaryService>\n<UpdateService>True</UpdateService>\n<AddServiceStatus>0</AddServiceStatus>\n</AddServiceID>\n</UserData>\n</Event>\n",
    "<Event xmlns=\"http://schemas.microsoft.com/win/2004/08/events/event\"><System><Provider Name=\"Microsoft-Windows-UserPnp\" Guid=\"{96f4a050-7e31-453c-88be-9634f4e02139}\"></Provider>\n<EventID Qualifiers=\"\">20001</EventID>\n<Version>0</Version>\n<Level>4</Level>\n<Task>7005</Task>\n<Opcode>0</Opcode>\n<Keywords>0x8000000000000000</Keywords>\n<TimeCreated SystemTime=\"2024-12-18 09:11:28.818844\"></TimeCreated>\n<EventRecordID>141</EventRecordID>\n<Correlation ActivityID=\"\" RelatedActivityID=\"\"></Correlation>\n<Execution ProcessID=\"1756\" ThreadID=\"1764\"></Execution>\n<Channel>System</Channel>\n<Computer>37L4247F27-25</Computer>\n<Security UserID=\"S-1-5-18\"></Security>\n</System>\n<UserData><InstallDeviceID xmlns:auto-ns2=\"http://schemas.microsoft.com/win/2004/08/events\" xmlns=\"http://manifests.microsoft.com/win/2004/08/windows/userpnp\"><DriverName></DriverName>\n<DriverVersion>6.1.7601.17514</DriverVersion>\n<DriverProvider>Microsoft</DriverProvider>\n<DeviceInstanceID>ROOT\\MS_NDISWANBH\\0000</DeviceInstanceID>\n<SetupClass>{4d36e972-e325-11ce-bfc1-08002be10318}</SetupClass>\n<RebootOption>False</RebootOption>\n<UpgradeDevice>True</UpgradeDevice>\n<IsDriverOEM>False</IsDriverOEM>\n<InstallStatus>0x00000000</InstallStatus>\n<DriverDescription>WAN Miniport (Network Monitor)</DriverDescription>\n</InstallDeviceID>\n</UserData>\n</Event>\n",
    "<Event xmlns=\"http://schemas.microsoft.com/win/2004/08/events/event\"><System><Provider Name=\"Microsoft-Windows-UserPnp\" Guid=\"{96f4a050-7e31-453c-88be-9634f4e02139}\"></Provider>\n<EventID Qualifiers=\"\">20003</EventID>\n<Version>0</Version>\n<Level>4</Level>\n<Task>7005</Task>\n<Opcode>0</Opcode>\n<Keywords>0x8000000000000000</Keywords>\n<TimeCreated SystemTime=\"2024-12-18 09:11:28.912445\"></TimeCreated>\n<EventRecordID>142</EventRecordID>\n<Correlation ActivityID=\"\" RelatedActivityID=\"\"></Correlation>\n<Execution ProcessID=\"1824\" ThreadID=\"1832\"></Execution>\n<Channel>System</Channel>\n<Computer>37L4247F27-25</Computer>\n<Security UserID=\"S-1-5-18\"></Security>\n</System>\n<UserData><AddServiceID xmlns:auto-ns2=\"http://schemas.microsoft.com/win/2004/08/events\" xmlns=\"http://manifests.microsoft.com/win/2004/08/windows/userpnp\"><ServiceName>RasPppoe</ServiceName>\n<DriverFileName>system32\\DRIVERS\\raspppoe.sys</DriverFileName>\n<DeviceInstanceID>ROOT\\MS_PPPOEMINIPORT\\0000</DeviceInstanceID>\n<PrimaryService>True</PrimaryService>\n<UpdateService>True</UpdateService>\n<AddServiceStatus>0</AddServiceStatus>\n</AddServiceID>\n</UserData>\n</Event>\n",
    "<Event xmlns=\"http://schemas.microsoft.com/win/2004/08/events/event\"><System><Provider Name=\"Microsoft-Windows-UserPnp\" Guid=\"{96f4a050-7e31-453c-88be-9634f4e02139}\"></Provider>\n<EventID Qualifiers=\"\">20001</EventID>\n<Version>0</Version>\n<Level>4</Level>\n<Task>7005</Task>\n<Opcode>0</Opcode>\n<Keywords>0x8000000000000000</Keywords>\n<TimeCreated SystemTime=\"2024-12-18 09:11:29.084044\"></TimeCreated>\n<EventRecordID>143</EventRecordID>\n<Correlation ActivityID=\"\" RelatedActivityID=\"\"></Correlation>\n<Execution ProcessID=\"1824\" ThreadID=\"1832\"></Execution>\n<Channel>System</Channel>\n<Computer>37L4247F27-25</Computer>\n<Security UserID=\"S-1-5-18\"></Security>\n</System>\n<UserData><InstallDeviceID xmlns:auto-ns2=\"http://schemas.microsoft.com/win/2004/08/events\" xmlns=\"http://manifests.microsoft.com/win/2004/08/windows/userpnp\"><DriverName></DriverName>\n<DriverVersion>6.1.7601.17514</DriverVersion>\n<DriverProvider>Microsoft</DriverProvider>\n<DeviceInstanceID>ROOT\\MS_PPPOEMINIPORT\\0000</DeviceInstanceID>\n<SetupClass>{4d36e972-e325-11ce-bfc1-08002be10318}</SetupClass>\n<RebootOption>False</RebootOption>\n<UpgradeDevice>True</UpgradeDevice>\n<IsDriverOEM>False</IsDriverOEM>\n<InstallStatus>0x00000000</InstallStatus>\n<DriverDescription>WAN Miniport (PPPOE)</DriverDescription>\n</InstallDeviceID>\n</UserData>\n</Event>\n",
    "<Event xmlns=\"http://schemas.microsoft.com/win/2004/08/events/event\"><System><Provider Name=\"Microsoft-Windows-UserPnp\" Guid=\"{96f4a050-7e31-453c-88be-9634f4e02139}\"></Provider>\n<EventID Qualifiers=\"\">20003</EventID>\n<Version>0</Version>\n<Level>4</Level>\n<Task>7005</Task>\n<Opcode>0</Opcode>\n<Keywords>0x8000000000000000</Keywords>\n<TimeCreated SystemTime=\"2024-12-18 09:11:29.208845\"></TimeCreated>\n<EventRecordID>144</EventRecordID>\n<Correlation ActivityID=\"\" RelatedActivityID=\"\"></Correlation>\n<Execution ProcessID=\"1912\" ThreadID=\"1920\"></Execution>\n<Channel>System</Channel>\n<Computer>37L4247F27-25</Computer>\n<Security UserID=\"S-1-5-18\"></Security>\n</System>\n<UserData><AddServiceID xmlns:auto-ns2=\"http://schemas.microsoft.com/win/2004/08/events\" xmlns=\"http://manifests.microsoft.com/win/2004/08/windows/userpnp\"><ServiceName>TermDD</ServiceName>\n<DriverFileName>system32\\DRIVERS\\termdd.sys</DriverFileName>\n<DeviceInstanceID>ROOT\\RDP_KBD\\0000</DeviceInstanceID>\n<PrimaryService>True</PrimaryService>\n<UpdateService>True</UpdateService>\n<AddServiceStatus>0</AddServiceStatus>\n</AddServiceID>\n</UserData>\n</Event>\n",
    "<Event xmlns=\"http://schemas.microsoft.com/win/2004/08/events/event\"><System><Provider Name=\"Microsoft-Windows-UserPnp\" Guid=\"{96f4a050-7e31-453c-88be-9634f4e02139}\"></Provider>\n<EventID Qualifiers=\"\">20003</EventID>\n<Version>0</Version>\n<Level>4</Level>\n<Task>7005</Task>\n<Opcode>0</Opcode>\n<Keywords>0x8000000000000000</Keywords>\n<TimeCreated SystemTime=\"2024-12-18 09:11:29.224443\"></TimeCreated>\n<EventRecordID>145</EventRecordID>\n<Correlation ActivityID=\"\" RelatedActivityID=\"\"></Correlation>\n<Execution ProcessID=\"1912\" ThreadID=\"1920\"></Execution>\n<Channel>System</Channel>\n<Computer>37L4247F27-25</Computer>\n<Security UserID=\"S-1-5-18\"></Security>\n</System>\n<UserData><AddServiceID xmlns:auto-ns2=\"http://schemas.microsoft.com/win/2004/08/events\" xmlns=\"http://manifests.microsoft.com/win/2004/08/windows/userpnp\"><ServiceName>kbdclass</ServiceName>\n<DriverFileName>system32\\DRIVERS\\kbdclass.sys</DriverFileName>\n<DeviceInstanceID>ROOT\\RDP_KBD\\0000</DeviceInstanceID>\n<PrimaryService>False</PrimaryService>\n<UpdateService>True</UpdateService>\n<AddServiceStatus>0</AddServiceStatus>\n</AddServiceID>\n</UserData>\n</Event>\n",
    "<Event xmlns=\"http://schemas.microsoft.com/win/2004/08/events/event\"><System><Provider Name=\"Microsoft-Windows-UserPnp\" Guid=\"{96f4a050-7e31-453c-88be-9634f4e02139}\"></Provider>\n<EventID Qualifiers=\"\">20001</EventID>\n<Version>0</Version>\n<Level>4</Level>\n<Task>7005</Task>\n<Opcode>0</Opcode>\n<Keywords>0x8000000000000000</Keywords>\n<TimeCreated SystemTime=\"2024-12-18 09:11:29.302444\"></TimeCreated>\n<EventRecordID>146</EventRecordID>\n<Correlation ActivityID=\"\" RelatedActivityID=\"\"></Correlation>\n<Execution ProcessID=\"1912\" ThreadID=\"1920\"></Execution>\n<Channel>System</Channel>\n<Computer>37L4247F27-25</Computer>\n<Security UserID=\"S-1-5-18\"></Security>\n</System>\n<UserData><InstallDeviceID xmlns:auto-ns2=\"http://schemas.microsoft.com/win/2004/08/events\" xmlns=\"http://manifests.microsoft.com/win/2004/08/windows/userpnp\"><DriverName>FileRepository\\machine.inf_amd64_neutral_a2f120466549d68b\\machine.inf</DriverName>\n<DriverVersion>6.1.7601.17514</DriverVersion>\n<DriverProvider>Microsoft</DriverProvider>\n<DeviceInstanceID>ROOT\\RDP_KBD\\0000</DeviceInstanceID>\n<SetupClass>{4d36e97d-e325-11ce-bfc1-08002be10318}</SetupClass>\n<RebootOption>True</RebootOption>\n<UpgradeDevice>True</UpgradeDevice>\n<IsDriverOEM>False</IsDriverOEM>\n<InstallStatus>0x00000000</InstallStatus>\n<DriverDescription>Terminal Server Keyboard Driver</DriverDescription>\n</InstallDeviceID>\n</UserData>\n</Event>\n",
    "<Event xmlns=\"http://schemas.microsoft.com/win/2004/08/events/event\"><System><Provider Name=\"Microsoft-Windows-UserPnp\" Guid=\"{96f4a050-7e31-453c-88be-9634f4e02139}\"></Provider>\n<EventID Qualifiers=\"\">20003</EventID>\n<Version>0</Version>\n<Level>4</Level>\n<Task>7005</Task>\n<Opcode>0</Opcode>\n<Keywords>0x8000000000000000</Keywords>\n<TimeCreated SystemTime=\"2024-12-18 09:11:29.333645\"></TimeCreated>\n<EventRecordID>147</EventRecordID>\n<Correlation ActivityID=\"\" RelatedActivityID=\"\"></Correlation>\n<Execution ProcessID=\"1852\" ThreadID=\"1868\"></Execution>\n<Channel>System</Channel>\n<Computer>37L4247F27-25</Computer>\n<Security UserID=\"S-1-5-18\"></Security>\n</System>\n<UserData><AddServiceID xmlns:auto-ns2=\"http://schemas.microsoft.com/win/2004/08/events\" xmlns=\"http://manifests.microsoft.com/win/2004/08/windows/userpnp\"><ServiceName>NdisWan</ServiceName>\n<DriverFileName>system32\\DRIVERS\\ndiswan.sys</DriverFileName>\n<DeviceInstanceID>ROOT\\MS_NDISWANIPV6\\0000</DeviceInstanceID>\n<PrimaryService>True</PrimaryService>\n<UpdateService>True</UpdateService>\n<AddServiceStatus>0</AddServiceStatus>\n</AddServiceID>\n</UserData>\n</Event>\n",
    "<Event xmlns=\"http://schemas.microsoft.com/win/2004/08/events/event\"><System><Provider Name=\"Microsoft-Windows-UserPnp\" Guid=\"{96f4a050-7e31-453c-88be-9634f4e02139}\"></Provider>\n<EventID Qualifiers=\"\">20003</EventID>\n<Version>0</Version>\n<Level>4</Level>\n<Task>7005</Task>\n<Opcode>0</Opcode>\n<Keywords>0x8000000000000000</Keywords>\n<TimeCreated SystemTime=\"2024-12-18 09:11:29.333645\"></TimeCreated>\n<EventRecordID>148</EventRecordID>\n<Correlation ActivityID=\"\" RelatedActivityID=\"\"></Correlation>\n<Execution ProcessID=\"1852\" ThreadID=\"1868\"></Execution>\n<Channel>System</Channel>\n<Computer>37L4247F27-25</Computer>\n<Security UserID=\"S-1-5-18\"></Security>\n</System>\n<UserData><AddServiceID xmlns:auto-ns2=\"http://schemas.microsoft.com/win/2004/08/events\" xmlns=\"http://manifests.microsoft.com/win/2004/08/windows/userpnp\"><ServiceName>NdisTapi</ServiceName>\n<DriverFileName>system32\\DRIVERS\\ndistapi.sys</DriverFileName>\n<DeviceInstanceID>ROOT\\MS_NDISWANIPV6\\0000</DeviceInstanceID>\n<PrimaryService>False</PrimaryService>\n<UpdateService>True</UpdateService>\n<AddServiceStatus>0</AddServiceStatus>\n</AddServiceID>\n</UserData>\n</Event>\n",
    "<Event xmlns=\"http://schemas.microsoft.com/win/2004/08/events/event\"><System><Provider Name=\"Microsoft-Windows-UserPnp\" Guid=\"{96f4a050-7e31-453c-88be-9634f4e02139}\"></Provider>\n<EventID Qualifiers=\"\">20001</EventID>\n<Version>0</Version>\n<Level>4</Level>\n<Task>7005</Task>\n<Opcode>0</Opcode>\n<Keywords>0x8000000000000000</Keywords>\n<TimeCreated SystemTime=\"2024-12-18 09:11:29.520845\"></TimeCreated>\n<EventRecordID>149</EventRecordID>\n<Correlation ActivityID=\"\" RelatedActivityID=\"\"></Correlation>\n<Execution ProcessID=\"1852\" ThreadID=\"1868\"></Execution>\n<Channel>System</Channel>\n<Computer>37L4247F27-25</Computer>\n<Security UserID=\"S-1-5-18\"></Security>\n</System>\n<UserData><InstallDeviceID xmlns:auto-ns2=\"http://schemas.microsoft.com/win/2004/08/events\" xmlns=\"http://manifests.microsoft.com/win/2004/08/windows/userpnp\"><DriverName></DriverName>\n<DriverVersion>6.1.7601.17514</DriverVersion>\n<DriverProvider>Microsoft</DriverProvider>\n<DeviceInstanceID>ROOT\\MS_NDISWANIPV6\\0000</DeviceInstanceID>\n<SetupClass>{4d36e972-e325-11ce-bfc1-08002be10318}</SetupClass>\n<RebootOption>False</RebootOption>\n<UpgradeDevice>True</UpgradeDevice>\n<IsDriverOEM>False</IsDriverOEM>\n<InstallStatus>0x00000000</InstallStatus>\n<DriverDescription>WAN Miniport (IPv6)</DriverDescription>\n</InstallDeviceID>\n</UserData>\n</Event>\n",
    "<Event xmlns=\"http://schemas.microsoft.com/win/2004/08/events/event\"><System><Provider Name=\"Microsoft-Windows-UserPnp\" Guid=\"{96f4a050-7e31-453c-88be-9634f4e02139}\"></Provider>\n<EventID Qualifiers=\"\">20003</EventID>\n<Version>0</Version>\n<Level>4</Level>\n<Task>7005</Task>\n<Opcode>0</Opcode>\n<Keywords>0x8000000000000000</Keywords>\n<TimeCreated SystemTime=\"2024-12-18 09:11:29.552046\"></TimeCreated>\n<EventRecordID>150</EventRecordID>\n<Correlation ActivityID=\"\" RelatedActivityID=\"\"></Correlation>\n<Execution ProcessID=\"1860\" ThreadID=\"1872\"></Execution>\n<Channel>System</Channel>\n<Computer>37L4247F27-25</Computer>\n<Security UserID=\"S-1-5-18\"></Security>\n</System>\n<UserData><AddServiceID xmlns:auto-ns2=\"http://schemas.microsoft.com/win/2004/08/events\" xmlns=\"http://manifests.microsoft.com/win/2004/08/windows/userpnp\"><ServiceName>PptpMiniport</ServiceName>\n<DriverFileName>system32\\DRIVERS\\raspptp.sys</DriverFileName>\n<DeviceInstanceID>ROOT\\MS_PPTPMINIPORT\\0000</DeviceInstanceID>\n<PrimaryService>True</PrimaryService>\n<UpdateService>True</UpdateService>\n<AddServiceStatus>0</AddServiceStatus>\n</AddServiceID>\n</UserData>\n</Event>\n",
