    "<Event xmlns=\"http://schemas.microsoft.com/win/2004/08/events/event\"><System><Provider Name=\"Service Control Manager\" Guid=\"{555908d1-a6d7-4695-8e1e-26931d2012f4}\" EventSourceName=\"Service Control Manager\"></Provider>\n<EventID Qualifiers=\"16384\">7036</EventID>\n<Version>0</Version>\n<Level>4</Level>\n<Task>0</Task>\n<Opcode>0</Opcode>\n<Keywords>0x8080000000000000</Keywords>\n<TimeCreated SystemTime=\"2024-12-18 00:15:14.015318\"></TimeCreated>\n<EventRecordID>686</EventRecordID>\n<Correlation ActivityID=\"\" RelatedActivityID=\"\"></Correlation>\n<Execution ProcessID=\"436\" ThreadID=\"2032\"></Execution>\n<Channel>System</Channel>\n<Computer>proactive-PC</Computer>\n<Security UserID=\"\"></Security>\n</System>\n<EventData><Data Name=\"param1\">WinHTTP Web Proxy Auto-Discovery Service</Data>\n<Data Name=\"param2\">stopped</Data>\n<Binary>VwBpAG4ASAB0AHQAcABBAHUAdABvAFAAcgBvAHgAeQBTAHYAYwAvADEAAAA=</Binary>\n</EventData>\n</Event>\n",
    "<Event xmlns=\"http://schemas.microsoft.com/win/2004/08/events/event\"><System><Provider Name=\"Microsoft-Windows-DNS-Client\" Guid=\"{1c95126e-7eea-49a9-a3fe-a378b03ddb4d}\"></Provider>\n<EventID Qualifiers=\"\">1014</EventID>\n<Version>0</Version>\n<Level>3</Level>\n<Task>0</Task>\n<Opcode>0</Opcode>\n<Keywords>0x4000000000000000</Keywords>\n<TimeCreated SystemTime=\"2024-12-18 00:17:58.582243\"></TimeCreated>\n<EventRecordID>687</EventRecordID>\n<Correlation ActivityID=\"\" RelatedActivityID=\"\"></Correlation>\n<Execution ProcessID=\"512\" ThreadID=\"2028\"></Execution>\n<Channel>System</Channel>\n<Computer>proactive-PC</Computer>\n<Security UserID=\"S-1-5-20\"></Security>\n</System>\n<EventData><Data Name=\"QueryName\">www.wireshark.org</Data>\n<Data Name=\"AddressLength\">16</Data>\n<Data Name=\"Address\">AgAANcCoJQEAAAAAAAAAAA==</Data>\n</EventData>\n</Event>\n",
    "<Event xmlns=\"http://schemas.microsoft.com/win/2004/08/events/event\"><System><Provider Name=\"Service Control Manager\" Guid=\"{555908d1-a6d7-4695-8e1e-26931d2012f4}\" EventSourceName=\"Service Control Manager\"></Provider>\n<EventID Qualifiers=\"16384\">7036</EventID>\n<Version>0</Version>\n<Level>4</Level>\n<Task>0</Task>\n<Opcode>0</Opcode>\n<Keywords>0x8080000000000000</Keywords>\n<TimeCreated SystemTime=\"2024-12-18 00:23:50.202471\"></TimeCreated>\n<EventRecordID>688</EventRecordID>\n<Correlation ActivityID=\"\" RelatedActivityID=\"\"></Correlation>\n<Execution ProcessID=\"436\" ThreadID=\"1092\"></Execution>\n<Channel>System</Channel>\n<Computer>proactive-PC</Computer>\n<Security UserID=\"\"></Security>\n</System>\n<EventData><Data Name=\"param1\">Multimedia Class Scheduler</Data>\n<Data Name=\"param2\">stopped</Data>\n<Binary>TQBNAEMAUwBTAC8AMQAAAA==</Binary>\n</EventData>\n</Event>\n",
    "<Event xmlns=\"http://schemas.microsoft.com/win/2004/08/events/event\"><System><Provider Name=\"Service Control Manager\" Guid=\"{555908d1-a6d7-4695-8e1e-26931d2012f4}\" EventSourceName=\"Service Control Manager\"></Provider>\n<EventID Qualifiers=\"16384\">7036</EventID>\n<Version>0</Version>\n<Level>4</Level>\n<Task>0</Task>\n<Opcode>0</Opcode>\n<Keywords>0x8080000000000000</Keywords>\n<TimeCreated SystemTime=\"2024-12-18 00:29:29.362667\"></TimeCreated>\n<EventRecordID>689</EventRecordID>\n<Correlation ActivityID=\"\" RelatedActivityID=\"\"></Correlation>\n<Execution ProcessID=\"436\" ThreadID=\"2320\"></Execution>\n<Channel>System</Channel>\n<Computer>proactive-PC</Computer>\n<Security UserID=\"\"></Security>\n</System>\n<EventData><Data Name=\"param1\">Application Experience</Data>\n<Data Name=\"param2\">stopped</Data>\n<Binary>QQBlAEwAbwBvAGsAdQBwAFMAdgBjAC8AMQAAAA==</Binary>\n</EventData>\n</Event>\n",
    "<Event xmlns=\"http://schemas.microsoft.com/win/2004/08/events/event\"><System><Provider Name=\"Service Control Manager\" Guid=\"{555908d1-a6d7-4695-8e1e-26931d2012f4}\" EventSourceName=\"Service Control Manager\"></Provider>\n<EventID Qualifiers=\"16384\">7036</EventID>\n<Version>0</Version>\n<Level>4</Level>\n<Task>0</Task>\n<Opcode>0</Opcode>\n<Keywords>0x8080000000000000</Keywords>\n<TimeCreated SystemTime=\"2024-12-18 00:47:26.638159\"></TimeCreated>\n<EventRecordID>690</EventRecordID>\n<Correlation ActivityID=\"\" RelatedActivityID=\"\"></Correlation>\n<Execution ProcessID=\"436\" ThreadID=\"2820\"></Execution>\n<Channel>System</Channel>\n<Computer>proactive-PC</Computer>\n<Security UserID=\"\"></Security>\n</System>\n<EventData><Data Name=\"param1\">Disk Defragmenter</Data>\n<Data Name=\"param2\">running</Data>\n<Binary>ZABlAGYAcgBhAGcAcwB2AGMALwA0AAAA</Binary>\n</EventData>\n</Event>\n",
    "<Event xmlns=\"http://schemas.microsoft.com/win/2004/08/events/event\"><System><Provider Name=\"Service Control Manager\" Guid=\"{555908d1-a6d7-4695-8e1e-26931d2012f4}\" EventSourceName=\"Service Control Manager\"></Provider>\n<EventID Qualifiers=\"16384\">7036</EventID>\n<Version>0</Version>\n<Level>4</Level>\n<Task>0</Task>\n<Opcode>0</Opcode>\n<Keywords>0x8080000000000000</Keywords>\n<TimeCreated SystemTime=\"2024-12-18 00:47:27.823761\"></TimeCreated>\n<EventRecordID>691</EventRecordID>\n<Correlation ActivityID=\"\" RelatedActivityID=\"\"></Correlation>\n<Execution ProcessID=\"436\" ThreadID=\"2820\"></Execution>\n<Channel>System</Channel>\n<Computer>proactive-PC</Computer>\n<Security UserID=\"\"></Security>\n</System>\n<EventData><Data Name=\"param1\">Application Experience</Data>\n<Data Name=\"param2\">running</Data>\n<Binary>QQBlAEwAbwBvAGsAdQBwAFMAdgBjAC8ANAAAAA==</Binary>\n</EventData>\n</Event>\n",
    "<Event xmlns=\"http://schemas.microsoft.com/win/2004/08/events/event\"><System><Provider Name=\"Service Control Manager\" Guid=\"{555908d1-a6d7-4695-8e1e-26931d2012f4}\" EventSourceName=\"Service Control Manager\"></Provider>\n<EventID Qualifiers=\"16384\">7036</EventID>\n<Version>0</Version>\n<Level>4</Level>\n<Task>0</Task>\n<Opcode>0</Opcode>\n<Keywords>0x8080000000000000</Keywords>\n<TimeCreated SystemTime=\"2024-12-18 00:47:29.695765\"></TimeCreated>\n<EventRecordID>692</EventRecordID>\n<Correlation ActivityID=\"\" RelatedActivityID=\"\"></Correlation>\n<Execution ProcessID=\"436\" ThreadID=\"2520\"></Execution>\n<Channel>System</Channel>\n<Computer>proactive-PC</Computer>\n<Security UserID=\"\"></Security>\n</System>\n<EventData><Data Name=\"param1\">Multimedia Class Scheduler</Data>\n<Data Name=\"param2\">running</Data>\n<Binary>TQBNAEMAUwBTAC8ANAAAAA==</Binary>\n</EventData>\n</Event>\n",
    "<Event xmlns=\"http://schemas.microsoft.com/win/2004/08/events/event\"><System><Provider Name=\"Service Control Manager\" Guid=\"{555908d1-a6d7-4695-8e1e-26931d2012f4}\" EventSourceName=\"Service Control Manager\"></Provider>\n<EventID Qualifiers=\"16384\">7036</EventID>\n<Version>0</Version>\n<Level>4</Level>\n<Task>0</Task>\n<Opcode>0</Opcode>\n<Keywords>0x8080000000000000</Keywords>\n<TimeCreated SystemTime=\"2024-12-18 00:52:31.033955\"></TimeCreated>\n<EventRecordID>693</EventRecordID>\n<Correlation ActivityID=\"\" RelatedActivityID=\"\"></Correlation>\n<Execution ProcessID=\"436\" ThreadID=\"1408\"></Execution>\n<Channel>System</Channel>\n<Computer>proactive-PC</Computer>\n<Security UserID=\"\"></Security>\n</System>\n<EventData><Data Name=\"param1\">Multimedia Class Scheduler</Data>\n<Data Name=\"param2\">stopped</Data>\n<Binary>TQBNAEMAUwBTAC8AMQAAAA==</Binary>\n</EventData>\n</Event>\n",
    "<Event xmlns=\"http://schemas.microsoft.com/win/2004/08/events/event\"><System><Provider Name=\"Service Control Manager\" Guid=\"{555908d1-a6d7-4695-8e1e-26931d2012f4}\" EventSourceName=\"Service Control Manager\"></Provider>\n<EventID Qualifiers=\"16384\">7036</EventID>\n<Version>0</Version>\n<Level>4</Level>\n<Task>0</Task>\n<Opcode>0</Opcode>\n<Keywords>0x8080000000000000</Keywords>\n<TimeCreated SystemTime=\"2024-12-18 00:52:36.072763\"></TimeCreated>\n<EventRecordID>694</EventRecordID>\n<Correlation ActivityID=\"\" RelatedActivityID=\"\"></Correlation>\n<Execution ProcessID=\"436\" ThreadID=\"2472\"></Execution>\n<Channel>System</Channel>\n<Computer>proactive-PC</Computer>\n<Security UserID=\"\"></Security>\n</System>\n<EventData><Data Name=\"param1\">Disk Defragmenter</Data>\n<Data Name=\"param2\">stopped</Data>\n<Binary>ZABlAGYAcgBhAGcAcwB2AGMALwAxAAAA</Binary>\n</EventData>\n</Event>\n",
    "<Event xmlns=\"http://schemas.microsoft.com/win/2004/08/events/event\"><System><Provider Name=\"Service Control Manager\" Guid=\"{555908d1-a6d7-4695-8e1e-26931d2012f4}\" EventSourceName=\"Service Control Manager\"></Provider>\n<EventID Qualifiers=\"16384\">7036</EventID>\n<Version>0</Version>\n<Level>4</Level>\n<Task>0</Task>\n<Opcode>0</Opcode>\n<Keywords>0x8080000000000000</Keywords>\n<TimeCreated SystemTime=\"2024-12-18 00:57:27.824476\"></TimeCreated>\n<EventRecordID>695</EventRecordID>\n<Correlation ActivityID=\"\" RelatedActivityID=\"\"></Correlation>\n<Execution ProcessID=\"436\" ThreadID=\"2968\"></Execution>\n<Channel>System</Channel>\n<Computer>proactive-PC</Computer>\n<Security UserID=\"\"></Security>\n</System>\n<EventData><Data Name=\"param1\">Application Experience</Data>\n<Data Name=\"param2\">stopped</Data>\n<Binary>QQBlAEwAbwBvAGsAdQBwAFMAdgBjAC8AMQAAAA==</Binary>\n</EventData>\n</Event>\n",
    "<Event xmlns=\"http://schemas.microsoft.com/win/2004/08/events/event\"><System><Provider Name=\"Service Control Manager\" Guid=\"{555908d1-a6d7-4695-8e1e-26931d2012f4}\" EventSourceName=\"Service Control Manager\"></Provider>\n<EventID Qualifiers=\"16384\">7036</EventID>\n<Version>0</Version>\n<Level>4</Level>\n<Task>0</Task>\n<Opcode>0</Opcode>\n<Keywords>0x8080000000000000</Keywords>\n<TimeCreated SystemTime=\"2024-12-18 01:46:20.244709\"></TimeCreated>\n<EventRecordID>696</EventRecordID>\n<Correlation ActivityID=\"\" RelatedActivityID=\"\"></Correlation>\n<Execution ProcessID=\"436\" ThreadID=\"1324\"></Execution>\n<Channel>System</Channel>\n<Computer>proactive-PC</Computer>\n<Security UserID=\"\"></Security>\n</System>\n<EventData><Data Name=\"param1\">Multimedia Class Scheduler</Data>\n<Data Name=\"param2\">running</Data>\n<Binary>TQBNAEMAUwBTAC8ANAAAAA==</Binary>\n</EventData>\n</Event>\n",
    "<Event xmlns=\"http://schemas.microsoft.com/win/2004/08/events/event\"><System><Provider Name=\"Service Control Manager\" Guid=\"{555908d1-a6d7-4695-8e1e-26931d2012f4}\" EventSourceName=\"Service Control Manager\"></Provider>\n<EventID Qualifiers=\"16384\">7036</EventID>\n<Version>0</Version>\n<Level>4</Level>\n<Task>0</Task>\n<Opcode>0</Opcode>\n<Keywords>0x8080000000000000</Keywords>\n<TimeCreated SystemTime=\"2024-12-18 01:46:35.816336\"></TimeCreated>\n<EventRecordID>697</EventRecordID>\n<Correlation ActivityID=\"\" RelatedActivityID=\"\"></Correlation>\n<Execution ProcessID=\"436\" ThreadID=\"1324\"></Execution>\n<Channel>System</Channel>\n<Computer>proactive-PC</Computer>\n<Security UserID=\"\"></Security>\n</System>\n<EventData><Data Name=\"param1\">Application Experience</Data>\n<Data Name=\"param2\">running</Data>\n<Binary>QQBlAEwAbwBvAGsAdQBwAFMAdgBjAC8ANAAAAA==</Binary>\n</EventData>\n</Event>\n"
]