    "<Event xmlns=\"http://schemas.microsoft.com/win/2004/08/events/event\"><System><Provider Name=\"Service Control Manager\" Guid=\"{555908d1-a6d7-4695-8e1e-26931d2012f4}\" EventSourceName=\"Service Control Manager\"></Provider>\n<EventID Qualifiers=\"16384\">7036</EventID>\n<Version>0</Version>\n<Level>4</Level>\n<Task>0</Task>\n<Opcode>0</Opcode>\n<Keywords>0x8080000000000000</Keywords>\n<TimeCreated SystemTime=\"2024-12-18 09:15:47.524408\"></TimeCreated>\n<EventRecordID>587</EventRecordID>\n<Correlation ActivityID=\"\" RelatedActivityID=\"\"></Correlation>\n<Execution ProcessID=\"436\" ThreadID=\"1012\"></Execution>\n<Channel>System</Channel>\n<Computer>proactive-PC</Computer>\n<Security UserID=\"\"></Security>\n</System>\n<EventData><Data Name=\"param1\">Network Connections</Data>\n<Data Name=\"param2\">running</Data>\n<Binary>TgBlAHQAbQBhAG4ALwA0AAAA</Binary>\n</EventData>\n</Event>\n",
    "<Event xmlns=\"http://schemas.microsoft.com/win/2004/08/events/event\"><System><Provider Name=\"Service Control Manager\" Guid=\"{555908d1-a6d7-4695-8e1e-26931d2012f4}\" EventSourceName=\"Service Control Manager\"></Provider>\n<EventID Qualifiers=\"16384\">7036</EventID>\n<Version>0</Version>\n<Level>4</Level>\n<Task>0</Task>\n<Opcode>0</Opcode>\n<Keywords>0x8080000000000000</Keywords>\n<TimeCreated SystemTime=\"2024-12-18 09:17:33.136593\"></TimeCreated>\n<EventRecordID>588</EventRecordID>\n<Correlation ActivityID=\"\" RelatedActivityID=\"\"></Correlation>\n<Execution ProcessID=\"436\" ThreadID=\"2704\"></Execution>\n<Channel>System</Channel>\n<Computer>proactive-PC</Computer>\n<Security UserID=\"\"></Security>\n</System>\n<EventData><Data Name=\"param1\">Portable Device Enumerator Service</Data>\n<Data Name=\"param2\">stopped</Data>\n<Binary>VwBQAEQAQgB1AHMARQBuAHUAbQAvADEAAAA=</Binary>\n</EventData>\n</Event>\n",
    "<Event xmlns=\"http://schemas.microsoft.com/win/2004/08/events/event\"><System><Provider Name=\"Service Control Manager\" Guid=\"{555908d1-a6d7-4695-8e1e-26931d2012f4}\" EventSourceName=\"Service Control Manager\"></Provider>\n<EventID Qualifiers=\"16384\">7036</EventID>\n<Version>0</Version>\n<Level>4</Level>\n<Task>0</Task>\n<Opcode>0</Opcode>\n<Keywords>0x8080000000000000</Keywords>\n<TimeCreated SystemTime=\"2024-12-18 09:19:36.205210\"></TimeCreated>\n<EventRecordID>589</EventRecordID>\n<Correlation ActivityID=\"\" RelatedActivityID=\"\"></Correlation>\n<Execution ProcessID=\"436\" ThreadID=\"2704\"></Execution>\n<Channel>System</Channel>\n<Computer>proactive-PC</Computer>\n<Security UserID=\"\"></Security>\n</System>\n<EventData><Data Name=\"param1\">Windows Time</Data>\n<Data Name=\"param2\">running</Data>\n<Binary>VwAzADIAVABpAG0AZQAvADQAAAA=</Binary>\n</EventData>\n</Event>\n",
    "<Event xmlns=\"http://schemas.microsoft.com/win/2004/08/events/event\"><System><Provider Name=\"Microsoft-Windows-Time-Service\" Guid=\"{06edcfeb-0fd0-4e53-acca-a6f8bbf81bcb}\"></Provider>\n<EventID Qualifiers=\"\">134</EventID>\n<Version>0</Version>\n<Level>3</Level>\n<Task>0</Task>\n<Opcode>0</Opcode>\n<Keywords>0x8000000000000000</Keywords>\n<TimeCreated SystemTime=\"2024-12-18 09:20:00.322851\"></TimeCreated>\n<EventRecordID>590</EventRecordID>\n<Correlation ActivityID=\"\" RelatedActivityID=\"\"></Correlation>\n<Execution ProcessID=\"304\" ThreadID=\"2708\"></Execution>\n<Channel>System</Channel>\n<Computer>proactive-PC</Computer>\n<Security UserID=\"S-1-5-19\"></Security>\n</System>\n<EventData Name=\"TMP_EVENT_MANUAL_PEER_DNS_ERROR\"><Data Name=\"ErrorMessage\">No such host is known. (0x80072AF9)</Data>\n<Data Name=\"RetryMinutes\">3473457</Data>\n<Data Name=\"DomainPeer\"></Data>\n</EventData>\n</Event>\n",
    "<Event xmlns=\"http://schemas.microsoft.com/win/2004/08/events/event\"><System><Provider Name=\"Service Control Manager\" Guid=\"{555908d1-a6d7-4695-8e1e-26931d2012f4}\" EventSourceName=\"Service Control Manager\"></Provider>\n<EventID Qualifiers=\"16384\">7036</EventID>\n<Version>0</Version>\n<Level>4</Level>\n<Task>0</Task>\n<Opcode>0</Opcode>\n<Keywords>0x8080000000000000</Keywords>\n<TimeCreated SystemTime=\"2024-12-18 09:20:42.864126\"></TimeCreated>\n<EventRecordID>591</EventRecordID>\n<Correlation ActivityID=\"\" RelatedActivityID=\"\"></Correlation>\n<Execution ProcessID=\"436\" ThreadID=\"2840\"></Execution>\n<Channel>System</Channel>\n<Computer>proactive-PC</Computer>\n<Security UserID=\"\"></Security>\n</System>\n<EventData><Data Name=\"param1\">Multimedia Class Scheduler</Data>\n<Data Name=\"param2\">stopped</Data>\n<Binary>TQBNAEMAUwBTAC8AMQAAAA==</Binary>\n</EventData>\n</Event>\n",
    "<Event xmlns=\"http://schemas.microsoft.com/win/2004/08/events/event\"><System><Provider Name=\"Service Control Manager\" Guid=\"{555908d1-a6d7-4695-8e1e-26931d2012f4}\" EventSourceName=\"Service Control Manager\"></Provider>\n<EventID Qualifiers=\"16384\">7040</EventID>\n<Version>0</Version>\n<Level>4</Level>\n<Task>0</Task>\n<Opcode>0</Opcode>\n<Keywords>0x8080000000000000</Keywords>\n<TimeCreated SystemTime=\"2024-12-18 09:23:37.693632\"></TimeCreated>\n<EventRecordID>592</EventRecordID>\n<Correlation ActivityID=\"\" RelatedActivityID=\"\"></Correlation>\n<Execution ProcessID=\"436\" ThreadID=\"1724\"></Execution>\n<Channel>System</Channel>\n<Computer>proactive-PC</Computer>\n<Security UserID=\"S-1-5-18\"></Security>\n</System>\n<EventData><Data Name=\"param1\">Windows Modules Installer</Data>\n<Data Name=\"param2\">demand start</Data>\n<Data Name=\"param3\">auto start</Data>\n<Data Name=\"param4\">TrustedInstaller</Data>\n</EventData>\n</Event>\n",
    "<Event xmlns=\"http://schemas.microsoft.com/win/2004/08/events/event\"><System><Provider Name=\"Service Control Manager\" Guid=\"{555908d1-a6d7-4695-8e1e-26931d2012f4}\" EventSourceName=\"Service Control Manager\"></Provider>\n<EventID Qualifiers=\"16384\">7040</EventID>\n<Version>0</Version>\n<Level>4</Level>\n<Task>0</Task>\n<Opcode>0</Opcode>\n<Keywords>0x8080000000000000</Keywords>\n<TimeCreated SystemTime=\"2024-12-18 09:24:42.511747\"></TimeCreated>\n<EventRecordID>593</EventRecordID>\n<Correlation ActivityID=\"\" RelatedActivityID=\"\"></Correlation>\n<Execution ProcessID=\"436\" ThreadID=\"1828\"></Execution>\n<Channel>System</Channel>\n<Computer>proactive-PC</Computer>\n<Security UserID=\"S-1-5-18\"></Security>\n</System>\n<EventData><Data Name=\"param1\">Windows Modules Installer</Data>\n<Data Name=\"param2\">auto start</Data>\n<Data Name=\"param3\">demand start</Data>\n<Data Name=\"param4\">TrustedInstaller</Data>\n</EventData>\n</Event>\n",
    "<Event xmlns=\"http://schemas.microsoft.com/win/2004/08/events/event\"><System><Provider Name=\"Service Control Manager\" Guid=\"{555908d1-a6d7-4695-8e1e-26931d2012f4}\" EventSourceName=\"Service Control Manager\"></Provider>\n<EventID Qualifiers=\"16384\">7036</EventID>\n<Version>0</Version>\n<Level>4</Level>\n<Task>0</Task>\n<Opcode>0</Opcode>\n<Keywords>0x8080000000000000</Keywords>\n<TimeCreated SystemTime=\"2024-12-18 09:24:42.636547\"></TimeCreated>\n<EventRecordID>594</EventRecordID>\n<Correlation ActivityID=\"\" RelatedActivityID=\"\"></Correlation>\n<Execution ProcessID=\"436\" ThreadID=\"1828\"></Execution>\n<Channel>System</Channel>\n<Computer>proactive-PC</Computer>\n<Security UserID=\"\"></Security>\n</System>\n<EventData><Data Name=\"param1\">Windows Modules Installer</Data>\n<Data Name=\"param2\">stopped</Data>\n<Binary>VAByAHUAcwB0AGUAZABJAG4AcwB0AGEAbABsAGUAcgAvADEAAAA=</Binary>\n</EventData>\n</Event>\n",
    "<Event xmlns=\"http://schemas.microsoft.com/win/2004/08/events/event\"><System><Provider Name=\"Service Control Manager\" Guid=\"{555908d1-a6d7-4695-8e1e-26931d2012f4}\" EventSourceName=\"Service Control Manager\"></Provider>\n<EventID Qualifiers=\"16384\">7040</EventID>\n<Version>0</Version>\n<Level>4</Level>\n<Task>0</Task>\n<Opcode>0</Opcode>\n<Keywords>0x8080000000000000</Keywords>\n<TimeCreated SystemTime=\"2024-12-18 09:25:02.386181\"></TimeCreated>\n<EventRecordID>595</EventRecordID>\n<Correlation ActivityID=\"\" RelatedActivityID=\"\"></Correlation>\n<Execution ProcessID=\"436\" ThreadID=\"2348\"></Execution>\n<Channel>System</Channel>\n<Computer>proactive-PC</Computer>\n<Security UserID=\"S-1-5-18\"></Security>\n</System>\n<EventData><Data Name=\"param1\">Microsoft .NET Framework NGEN v2.0.50727_X86</Data>\n<Data Name=\"param2\">auto start</Data>\n<Data Name=\"param3\">demand start</Data>\n<Data Name=\"param4\">clr_optimization_v2.0.50727_32</Data>\n</EventData>\n</Event>\n",
    "<Event xmlns=\"http://schemas.microsoft.com/win/2004/08/events/event\"><System><Provider Name=\"Service Control Manager\" Guid=\"{555908d1-a6d7-4695-8e1e-26931d2012f4}\" EventSourceName=\"Service Control Manager\"></Provider>\n<EventID Qualifiers=\"16384\">7036</EventID>\n<Version>0</Version>\n<Level>4</Level>\n<Task>0</Task>\n<Opcode>0</Opcode>\n<Keywords>0x8080000000000000</Keywords>\n<TimeCreated SystemTime=\"2024-12-18 09:25:02.386181\"></TimeCreated>\n<EventRecordID>596</EventRecordID>\n<Correlation ActivityID=\"\" RelatedActivityID=\"\"></Correlation>\n<Execution ProcessID=\"436\" ThreadID=\"2348\"></Execution>\n<Channel>System</Channel>\n<Computer>proactive-PC</Computer>\n<Security UserID=\"\"></Security>\n</System>\n<EventData><Data Name=\"param1\">Microsoft .NET Framework NGEN v2.0.50727_X86</Data>\n<Data Name=\"param2\">stopped</Data>\n<Binary>YwBsAHIAXwBvAHAAdABpAG0AaQB6AGEAdABpAG8AbgBfAHYAMgAuADAALgA1ADAANwAyADcAXwAzADIALwAxAAAA</Binary>\n</EventData>\n</Event>\n",
    "<Event xmlns=\"http://schemas.microsoft.com/win/2004/08/events/event\"><System><Provider Name=\"Service Control Manager\" Guid=\"{555908d1-a6d7-4695-8e1e-26931d2012f4}\" EventSourceName=\"Service Control Manager\"></Provider>\n<EventID Qualifiers=\"16384\">7040</EventID>\n<Version>0</Version>\n<Level>4</Level>\n<Task>0</Task>\n<Opcode>0</Opcode>\n<Keywords>0x8080000000000000</Keywords>\n<TimeCreated SystemTime=\"2024-12-18 09:25:07.315790\"></TimeCreated>\n<EventRecordID>597</EventRecordID>\n<Correlation ActivityID=\"\" RelatedActivityID=\"\"></Correlation>\n<Execution ProcessID=\"436\" ThreadID=\"2348\"></Execution>\n<Channel>System</Channel>\n<Computer>proactive-PC</Computer>\n<Security UserID=\"S-1-5-18\"></Security>\n</System>\n<EventData><Data Name=\"param1\">Microsoft .NET Framework NGEN v2.0.50727_X64</Data>\n<Data Name=\"param2\">auto start</Data>\n<Data Name=\"param3\">demand start</Data>\n<Data Name=\"param4\">clr_optimization_v2.0.50727_64</Data>\n</EventData>\n</Event>\n",
    "<Event xmlns=\"http://schemas.microsoft.com/win/2004/08/events/event\"><System><Provider Name=\"Service Control Manager\" Guid=\"{555908d1-a6d7-4695-8e1e-26931d2012f4}\" EventSourceName=\"Service Control Manager\"></Provider>\n<EventID Qualifiers=\"16384\">7036</EventID>\n<Version>0</Version>\n<Level>4</Level>\n<Task>0</Task>\n<Opcode>0</Opcode>\n<Keywords>0x8080000000000000</Keywords>\n<TimeCreated SystemTime=\"2024-12-18 09:25:07.315790\"></TimeCreated>\n<EventRecordID>598</EventRecordID>\n<Correlation ActivityID=\"\" RelatedActivityID=\"\"></Correlation>\n<Execution ProcessID=\"436\" ThreadID=\"2348\"></Execution>\n<Channel>System</Channel>\n<Computer>proactive-PC</Computer>\n<Security UserID=\"\"></Security>\n</System>\n<EventData><Data Name=\"param1\">Microsoft .NET Framework NGEN v2.0.50727_X64</Data>\n<Data Name=\"param2\">stopped</Data>\n<Binary>YwBsAHIAXwBvAHAAdABpAG0AaQB6AGEAdABpAG8AbgBfAHYAMgAuADAALgA1ADAANwAyADcAXwA2ADQALwAxAAAA</Binary>\n</EventData>\n</Event>\n",
    "<Event xmlns=\"http://schemas.microsoft.com/win/2004/08/events/event\"><System><Provider Name=\"Service Control Manager\" Guid=\"{555908d1-a6d7-4695-8e1e-26931d2012f4}\" EventSourceName=\"Service Control Manager\"></Provider>\n<EventID Qualifiers=\"16384\">7036</EventID>\n<Version>0</Version>\n<Level>4</Level>\n<Task>0</Task>\n<Opcode>0</Opcode>\n<Keywords>0x8080000000000000</Keywords>\n<TimeCreated SystemTime=\"2024-12-18 09:33:30.884674\"></TimeCreated>\n<EventRecordID>599</EventRecordID>\n<Correlation ActivityID=\"\" RelatedActivityID=\"\"></Correlation>\n<Execution ProcessID=\"436\" ThreadID=\"1548\"></Execution>\n<Channel>System</Channel>\n<Computer>proactive-PC</Computer>\n<Security UserID=\"\"></Security>\n</System>\n<EventData><Data Name=\"param1\">Multimedia Class Scheduler</Data>\n<Data Name=\"param2\">running</Data>\n<Binary>TQBNAEMAUwBTAC8ANAAAAA==</Binary>\n</EventData>\n</Event>\n",
    "<Event xmlns=\"http://schemas.microsoft.com/win/2004/08/events/event\"><System><Provider Name=\"Microsoft-Windows-DNS-Client\" Guid=\"{1c95126e-7eea-49a9-a3fe-a378b03ddb4d}\"></Provider>\n<EventID Qualifiers=\"\">1014</EventID>\n<Version>0</Version>\n<Level>3</Level>\n<Task>0</Task>\n<Opcode>0</Opcode>\n<Keywords>0x4000000000000000</Keywords>\n<TimeCreated SystemTime=\"2024-12-18 09:35:12.387316\"></TimeCreated>\n<EventRecordID>600</EventRecordID>\n<Correlation ActivityID=\"\" RelatedActivityID=\"\"></Correlation>\n<Execution ProcessID=\"512\" ThreadID=\"636\"></Execution>\n<Channel>System</Channel>\n<Computer>proactive-PC</Computer>\n<Security UserID=\"S-1-5-20\"></Security>\n</System>\n<EventData><Data Name=\"QueryName\">time.windows.com</Data>\n<Data Name=\"AddressLength\">16</Data>\n<Data Name=\"Address\">AgAANcCoJQEAAAAAAAAAAA==</Data>\n</EventData>\n</Event>\n",
    "<Event xmlns=\"http://schemas.microsoft.com/win/2004/08/events/event\"><System><Provider Name=\"Microsoft-Windows-UserPnp\" Guid=\"{96f4a050-7e31-453c-88be-9634f4e02139}\"></Provider>\n<EventID Qualifiers=\"\">20003</EventID>\n<Version>0</Version>\n<Level>4</Level>\n<Task>7005</Task>\n<Opcode>0</Opcode>\n<Keywords>0x8000000000000000</Keywords>\n<TimeCreated SystemTime=\"2024-12-18 09:36:31.463856\"></TimeCreated>\n<EventRecordID>601</EventRecordID>\n<Correlation ActivityID=\"\" RelatedActivityID=\"\"></Correlation>\n<Execution ProcessID=\"2916\" ThreadID=\"2256\"></Execution>\n<Channel>System</Channel>\n<Computer>proactive-PC</Computer>\n<Security UserID=\"S-1-5-18\"></Security>\n</System>\n<UserData><AddServiceID xmlns:auto-ns2=\"http://schemas.microsoft.com/win/2004/08/events\" xmlns=\"http://manifests.microsoft.com/win/2004/08/windows/userpnp\"><ServiceName>USBSTOR</ServiceName>\n<DriverFileName>system32\\DRIVERS\\USBSTOR.SYS</DriverFileName>\n<DeviceInstanceID>USB\\VID_090C&amp;PID_1000\\1306070000000404</DeviceInstanceID>\n<PrimaryService>True</PrimaryService>\n<UpdateService>True</UpdateService>\n<AddServiceStatus>0</AddServiceStatus>\n</AddServiceID>\n</UserData>\n</Event>\n",
    "<Event xmlns=\"http://schemas.microsoft.com/win/2004/08/events/event\"><System><Provider Name=\"Microsoft-Windows-UserPnp\" Guid=\"{96f4a050-7e31-453c-88be-9634f4e02139}\"></Provider>\n<EventID Qualifiers=\"\">20001</EventID>\n<Version>0</Version>\n<Level>4</Level>\n<Task>7005</Task>\n<Opcode>0</Opcode>\n<Keywords>0x8000000000000000</Keywords>\n<TimeCreated SystemTime=\"2024-12-18 09:36:31.847055\"></TimeCreated>\n<EventRecordID>602</EventRecordID>\n<Correlation ActivityID=\"\" RelatedActivityID=\"\"></Correlation>\n<Execution ProcessID=\"2916\" ThreadID=\"2256\"></Execution>\n<Channel>System</Channel>\n<Computer>proactive-PC</Computer>\n<Security UserID=\"S-1-5-18\"></Security>\n</System>\n<UserData><InstallDeviceID xmlns:auto-ns2=\"http://schemas.microsoft.com/win/2004/08/events\" xmlns=\"http://manifests.microsoft.com/win/2004/08/windows/userpnp\"><DriverName>FileRepository\\usbstor.inf_amd64_neutral_0725c2806a159a9d\\usbstor.inf</DriverName>\n<DriverVersion>6.1.7601.17514</DriverVersion>\n<DriverProvider>Microsoft</DriverProvider>\n<DeviceInstanceID>USB\\VID_090C&amp;PID_1000\\1306070000000404</DeviceInstanceID>\n<SetupClass>{36fc9e60-c465-11cf-8056-444553540000}</SetupClass>\n<RebootOption>False</RebootOption>\n<UpgradeDevice>False</UpgradeDevice>\n<IsDriverOEM>False</IsDriverOEM>\n<InstallStatus>0x00000000</InstallStatus>\n<DriverDescription>USB Mass Storage Device</DriverDescription>\n</InstallDeviceID>\n</UserData>\n</Event>\n",
    "<Event xmlns=\"http://schemas.microsoft.com/win/2004/08/events/event\"><System><Provider Name=\"Microsoft-Windows-UserPnp\" Guid=\"{96f4a050-7e31-453c-88be-9634f4e02139}\"></Provider>\n<EventID Qualifiers=\"\">20003</EventID>\n<Version>0</Version>\n<Level>4</Level>\n<Task>7005</Task>\n<Opcode>0</Opcode>\n<Keywords>0x8000000000000000</Keywords>\n<TimeCreated SystemTime=\"2024-12-18 09:36:31.947058\"></TimeCreated>\n<EventRecordID>603</EventRecordID>\n<Correlation ActivityID=\"\" RelatedActivityID=\"\"></Correlation>\n<Execution ProcessID=\"2244\" ThreadID=\"1932\"></Execution>\n<Channel>System</Channel>\n<Computer>proactive-PC</Computer>\n<Security UserID=\"S-1-5-18\"></Security>\n</System>\n<UserData><AddServiceID xmlns:auto-ns2=\"http://schemas.microsoft.com/win/2004/08/events\" xmlns=\"http://manifests.microsoft.com/win/2004/08/windows/userpnp\"><ServiceName>disk</ServiceName>\n<DriverFileName>system32\\DRIVERS\\disk.sys</DriverFileName>\n<DeviceInstanceID>USBSTOR\\DISK&amp;VEN_GENERAL&amp;PROD_USB_FLASH_DISK&amp;REV_1100\\1306070000000404&amp;0</DeviceInstanceID>\n<PrimaryService>True</PrimaryService>\n<UpdateService>True</UpdateService>\n<AddServiceStatus>0</AddServiceStatus>\n</AddServiceID>\n</UserData>\n</Event>\n",
    "<Event xmlns=\"http://schemas.microsoft.com/win/2004/08/events/event\"><System><Provider Name=\"Microsoft-Windows-UserPnp\" Guid=\"{96f4a050-7e31-453c-88be-9634f4e02139}\"></Provider>\n<EventID Qualifiers=\"\">20001</EventID>\n<Version>0</Version>\n<Level>4</Level>\n<Task>7005</Task>\n<Opcode>0</Opcode>\n<Keywords>0x8000000000000000</Keywords>\n<TimeCreated SystemTime=\"2024-12-18 09:36:32.070261\"></TimeCreated>\n<EventRecordID>604</EventRecordID>\n<Correlation ActivityID=\"\" RelatedActivityID=\"\"></Correlation>\n<Execution ProcessID=\"2244\" ThreadID=\"1932\"></Execution>\n<Channel>System</Channel>\n<Computer>proactive-PC</Computer>\n<Security UserID=\"S-1-5-18\"></Security>\n</System>\n<UserData><InstallDeviceID xmlns:auto-ns2=\"http://schemas.microsoft.com/win/2004/08/events\" xmlns=\"http://manifests.microsoft.com/win/2004/08/windows/userpnp\"><DriverName>FileRepository\\disk.inf_amd64_neutral_10ce25bbc5a9cc43\\disk.inf</DriverName>\n<DriverVersion>6.1.7600.16385</DriverVersion>\n<DriverProvider>Microsoft</DriverProvider>\n<DeviceInstanceID>USBSTOR\\DISK&amp;VEN_GENERAL&amp;PROD_USB_FLASH_DISK&amp;REV_1100\\1306070000000404&amp;0</DeviceInstanceID>\n<SetupClass>{4d36e967-e325-11ce-bfc1-08002be10318}</SetupClass>\n<RebootOption>False</RebootOption>\n<UpgradeDevice>False</UpgradeDevice>\n<IsDriverOEM>False</IsDriverOEM>\n<InstallStatus>0x00000000</InstallStatus>\n<DriverDescription>Disk drive</DriverDescription>\n</InstallDeviceID>\n</UserData>\n</Event>\n",
    "<Event xmlns=\"http://schemas.microsoft.com/win/2004/08/events/event\"><System><Provider Name=\"Microsoft-Windows-UserPnp\" Guid=\"{96f4a050-7e31-453c-88be-9634f4e02139}\"></Provider>\n<EventID Qualifiers=\"\">20003</EventID>\n<Version>0</Version>\n<Level>4</Level>\n<Task>7005</Task>\n<Opcode>0</Opcode>\n<Keywords>0x8000000000000000</Keywords>\n<TimeCreated SystemTime=\"2024-12-18 09:36:32.148262\"></TimeCreated>\n<EventRecordID>605</EventRecordID>\n<Correlation ActivityID=\"\" RelatedActivityID=\"\"></Correlation>\n<Execution ProcessID=\"1736\" ThreadID=\"2192\"></Execution>\n<Channel>System</Channel>\n<Computer>proactive-PC</Computer>\n<Security UserID=\"S-1-5-18\"></Security>\n</System>\n<UserData><AddServiceID xmlns:auto-ns2=\"http://schemas.microsoft.com/win/2004/08/events\" xmlns=\"http://manifests.microsoft.com/win/2004/08/windows/userpnp\"><ServiceName>volsnap</ServiceName>\n<DriverFileName>system32\\DRIVERS\\volsnap.sys</DriverFileName>\n<DeviceInstanceID>STORAGE\\VOLUME\\_??_USBSTOR#DISK&amp;VEN_GENERAL&amp;PROD_USB_FLASH_DISK&amp;REV_1100#1306070000000404&amp;0#{53F56307-B6BF-11D0-94F2-00A0C91EFB8B}</DeviceInstanceID>\n<PrimaryService>True</PrimaryService>\n<UpdateService>True</UpdateService>\n<AddServiceStatus>0</AddServiceStatus>\n</AddServiceID>\n</UserData>\n</Event>\n",
    "<Event xmlns=\"http://schemas.microsoft.com/win/2004/08/events/event\"><System><Provider Name=\"Microsoft-Windows-UserPnp\" Guid=\"{96f4a050-7e31-453c-88be-9634f4e02139}\"></Provider>\n<EventID Qualifiers=\"\">20001</EventID>\n<Version>0</Version>\n<Level>4</Level>\n<Task>7005</Task>\n<Opcode>0</Opcode>\n<Keywords>0x8000000000000000</Keywords>\n<TimeCreated SystemTime=\"2024-12-18 09:36:32.163862\"></TimeCreated>\n<EventRecordID>606</EventRecordID>\n<Correlation ActivityID=\"\" RelatedActivityID=\"\"></Correlation>\n<Execution ProcessID=\"1736\" ThreadID=\"2192\"></Execution>\n<Channel>System</Channel>\n<Computer>proactive-PC</Computer>\n<Security UserID=\"S-1-5-18\"></Security>\n</System>\n<UserData><InstallDeviceID xmlns:auto-ns2=\"http://schemas.microsoft.com/win/2004/08/events\" xmlns=\"http://manifests.microsoft.com/win/2004/08/windows/userpnp\"><DriverName>FileRepository\\volume.inf_amd64_neutral_df8bea40ac96ca21\\volume.inf</DriverName>\n<DriverVersion>6.1.7601.17514</DriverVersion>\n<DriverProvider>Microsoft</DriverProvider>\n<DeviceInstanceID>STORAGE\\VOLUME\\_??_USBSTOR#DISK&amp;VEN_GENERAL&amp;PROD_USB_FLASH_DISK&amp;REV_1100#1306070000000404&amp;0#{53F56307-B6BF-11D0-94F2-00A0C91EFB8B}</DeviceInstanceID>\n<SetupClass>{71a27cdd-812a-11d0-bec7-08002be2092f}</SetupClass>\n<RebootOption>False</RebootOption>\n<UpgradeDevice>False</UpgradeDevice>\n<IsDriverOEM>False</IsDriverOEM>\n<InstallStatus>0x00000000</InstallStatus>\n<DriverDescription>Generic volume</DriverDescription>\n</InstallDeviceID>\n</UserData>\n</Event>\n",
    "<Event xmlns=\"http://schemas.microsoft.com/win/2004/08/events/event\"><System><Provider Name=\"Microsoft-Windows-WPDClassInstaller\" Guid=\"{AD5162D8-DAF0-4A25-88A7-01CBEB33902E}\" EventSourceName=\"WPDClassInstaller\"></Provider>\n<EventID Qualifiers=\"16385\">24576</EventID>\n<Version>0</Version>\n<Level>4</Level>\n<Task>16</Task>\n<Opcode>0</Opcode>\n<Keywords>0x0080000000000000</Keywords>\n<TimeCreated SystemTime=\"2024-12-18 09:36:33\"></TimeCreated>\n<EventRecordID>607</EventRecordID>\n<Correlation ActivityID=\"\" RelatedActivityID=\"\"></Correlation>\n<Execution ProcessID=\"0\" ThreadID=\"0\"></Execution>\n<Channel>System</Channel>\n<Computer>proactive-PC</Computer>\n<Security UserID=\"\"></Security>\n</System>\n<EventData><Data>&lt;string&gt;&lt;/string&gt;\n</Data>\n<Binary></Binary>\n</EventData>\n</Event>\n",
    "<Event xmlns=\"http://schemas.microsoft.com/win/2004/08/events/event\"><System><Provider Name=\"Microsoft-Windows-WPDClassInstaller\" Guid=\"{AD5162D8-DAF0-4A25-88A7-01CBEB33902E}\" EventSourceName=\"WPDClassInstaller\"></Provider>\n<EventID Qualifiers=\"16385\">24577</EventID>\n<Version>0</Version>\n<Level>4</Level>\n<Task>32</Task>\n<Opcode>0</Opcode>\n<Keywords>0x0080000000000000</Keywords>\n<TimeCreated SystemTime=\"2024-12-18 09:36:33\"></TimeCreated>\n<EventRecordID>608</EventRecordID>\n<Correlation ActivityID=\"\" RelatedActivityID=\"\"></Correlation>\n<Execution ProcessID=\"0\" ThreadID=\"0\"></Execution>\n<Channel>System</Channel>\n<Computer>proactive-PC</Computer>\n<Security UserID=\"\"></Security>\n</System>\n<EventData><Data>&lt;string&gt;0x00000002&lt;/string&gt;\n&lt;string&gt;&lt;/string&gt;\n&lt;string&gt;0x00000002&lt;/string&gt;\n</Data>\n<Binary></Binary>\n</EventData>\n</Event>\n",
    "<Event xmlns=\"http://schemas.microsoft.com/win/2004/08/events/event\"><System><Provider Name=\"Microsoft-Windows-WPDClassInstaller\" Guid=\"{AD5162D8-DAF0-4A25-88A7-01CBEB33902E}\" EventSourceName=\"WPDClassInstaller\"></Provider>\n<EventID Qualifiers=\"16385\">24579</EventID>\n<Version>0</Version>\n<Level>4</Level>\n<Task>32</Task>\n<Opcode>0</Opcode>\n<Keywords>0x0080000000000000</Keywords>\n<TimeCreated SystemTime=\"2024-12-18 09:36:33\"></TimeCreated>\n<EventRecordID>609</EventRecordID>\n<Correlation ActivityID=\"\" RelatedActivityID=\"\"></Correlation>\n<Execution ProcessID=\"0\" ThreadID=\"0\"></Execution>\n<Channel>System</Channel>\n<Computer>proactive-PC</Computer>\n<Security UserID=\"\"></Security>\n</System>\n<EventData><Data>&lt;string&gt;&lt;/string&gt;\n</Data>\n<Binary></Binary>\n</EventData>\n</Event>\n",
    "<Event xmlns=\"http://schemas.microsoft.com/win/2004/08/events/event\"><System><Provider Name=\"Service Control Manager\" Guid=\"{555908d1-a6d7-4695-8e1e-26931d2012f4}\" EventSourceName=\"Service Control Manager\"></Provider>\n<EventID Qualifiers=\"16384\">7036</EventID>\n<Version>0</Version>\n<Level>4</Level>\n<Task>0</Task>\n<Opcode>0</Opcode>\n<Keywords>0x8080000000000000</Keywords>\n<TimeCreated SystemTime=\"2024-12-18 09:36:33.084263\"></TimeCreated>\n<EventRecordID>610</EventRecordID>\n<Correlation ActivityID=\"\" RelatedActivityID=\"\"></Correlation>\n<Execution ProcessID=\"436\" ThreadID=\"1756\"></Execution>\n<Channel>System</Channel>\n<Computer>proactive-PC</Computer>\n<Security UserID=\"\"></Security>\n</System>\n<EventData><Data Name=\"param1\">Portable Device Enumerator Service</Data>\n<Data Name=\"param2\">running</Data>\n<Binary>VwBQAEQAQgB1AHMARQBuAHUAbQAvADQAAAA=</Binary>\n</EventData>\n</Event>\n",
    "<Event xmlns=\"http://schemas.microsoft.com/win/2004/08/events/event\"><System><Provider Name=\"Microsoft-Windows-UserPnp\" Guid=\"{96f4a050-7e31-453c-88be-9634f4e02139}\"></Provider>\n<EventID Qualifiers=\"\">20003</EventID>\n<Version>0</Version>\n<Level>4</Level>\n<Task>7005</Task>\n<Opcode>0</Opcode>\n<Keywords>0x8000000000000000</Keywords>\n<TimeCreated SystemTime=\"2024-12-18 09:36:33.396263\"></TimeCreated>\n<EventRecordID>611</EventRecordID>\n<Correlation ActivityID=\"\" RelatedActivityID=\"\"></Correlation>\n<Execution ProcessID=\"1856\" ThreadID=\"1976\"></Execution>\n<Channel>System</Channel>\n<Computer>proactive-PC</Computer>\n<Security UserID=\"S-1-5-18\"></Security>\n</System>\n<UserData><AddServiceID xmlns:auto-ns2=\"http://schemas.microsoft.com/win/2004/08/events\" xmlns=\"http://manifests.microsoft.com/win/2004/08/windows/userpnp\"><ServiceName>umbus</ServiceName>\n<DriverFileName>system32\\DRIVERS\\umbus.sys</DriverFileName>\n<DeviceInstanceID>UMB\\UMB\\1&amp;841921D&amp;0&amp;WPDBUSENUMROOT</DeviceInstanceID>\n<PrimaryService>True</PrimaryService>\n<UpdateService>True</UpdateService>\n<AddServiceStatus>0</AddServiceStatus>\n</AddServiceID>\n</UserData>\n</Event>\n",
    "<Event xmlns=\"http://schemas.microsoft.com/win/2004/08/events/event\"><System><Provider Name=\"Microsoft-Windows-UserPnp\" Guid=\"{96f4a050-7e31-453c-88be-9634f4e02139}\"></Provider>\n<EventID Qualifiers=\"\">20001</EventID>\n<Version>0</Version>\n<Level>4</Level>\n<Task>7005</Task>\n<Opcode>0</Opcode>\n<Keywords>0x8000000000000000</Keywords>\n<TimeCreated SystemTime=\"2024-12-18 09:36:33.474264\"></TimeCreated>\n<EventRecordID>612</EventRecordID>\n<Correlation ActivityID=\"\" RelatedActivityID=\"\"></Correlation>\n<Execution ProcessID=\"1856\" ThreadID=\"1976\"></Execution>\n<Channel>System</Channel>\n<Computer>proactive-PC</Computer>\n<Security UserID=\"S-1-5-18\"></Security>\n</System>\n<UserData><InstallDeviceID xmlns:auto-ns2=\"http://schemas.microsoft.com/win/2004/08/events\" xmlns=\"http://manifests.microsoft.com/win/2004/08/windows/userpnp\"><DriverName>FileRepository\\umbus.inf_amd64_neutral_2d4257afa2e35253\\umbus.inf</DriverName>\n<DriverVersion>6.1.7601.17514</DriverVersion>\n<DriverProvider>Microsoft</DriverProvider>\n<DeviceInstanceID>UMB\\UMB\\1&amp;841921D&amp;0&amp;WPDBUSENUMROOT</DeviceInstanceID>\n<SetupClass>{4d36e97d-e325-11ce-bfc1-08002be10318}</SetupClass>\n<RebootOption>False</RebootOption>\n<UpgradeDevice>False</UpgradeDevice>\n<IsDriverOEM>False</IsDriverOEM>\n<InstallStatus>0x00000000</InstallStatus>\n<DriverDescription>UMBus Enumerator</DriverDescription>\n</InstallDeviceID>\n</UserData>\n</Event>\n",
    "<Event xmlns=\"http://schemas.microsoft.com/win/2004/08/events/event\"><System><Provider Name=\"Microsoft-Windows-DriverFrameworks-UserMode\" Guid=\"{2e35aaeb-857f-4beb-a418-2e6c0e54d988}\"></Provider>\n<EventID Qualifiers=\"\">10000</EventID>\n<Version>1</Version>\n<Level>4</Level>\n<Task>48</Task>\n<Opcode>1</Opcode>\n<Keywords>0x2000000000000000</Keywords>\n<TimeCreated SystemTime=\"2024-12-18 09:36:33.552263\"></TimeCreated>\n<EventRecordID>613</EventRecordID>\n<Correlation ActivityID=\"\" RelatedActivityID=\"\"></Correlation>\n<Execution ProcessID=\"1916\" ThreadID=\"988\"></Execution>\n<Channel>System</Channel>\n<Computer>proactive-PC</Computer>\n<Security UserID=\"S-1-5-18\"></Security>\n</System>\n<UserData><UMDFDeviceInstallBegin version=\"1.9.0\" xmlns:auto-ns2=\"http://schemas.microsoft.com/win/2004/08/events\" xmlns=\"http://www.microsoft.com/DriverFrameworks/UserMode/Event\"><DeviceId>WPDBUSENUMROOT\\UMB\\2&amp;37C186B&amp;0&amp;STORAGE#VOLUME#_??_USBSTOR#DISK&amp;VEN_GENERAL&amp;PROD_USB_FLASH_DISK&amp;REV_1100#1306070000000404&amp;0#</DeviceId>\n</UMDFDeviceInstallBegin>\n</UserData>\n</Event>\n",
    "<Event xmlns=\"http://schemas.microsoft.com/win/2004/08/events/event\"><System><Provider Name=\"Microsoft-Windows-DriverFrameworks-UserMode\" Guid=\"{2e35aaeb-857f-4beb-a418-2e6c0e54d988}\"></Provider>\n<EventID Qualifiers=\"\">10001</EventID>\n<Version>1</Version>\n<Level>4</Level>\n<Task>48</Task>\n<Opcode>0</Opcode>\n<Keywords>0x2000000000000000</Keywords>\n<TimeCreated SystemTime=\"2024-12-18 09:36:33.552263\"></TimeCreated>\n<EventRecordID>614</EventRecordID>\n<Correlation ActivityID=\"\" RelatedActivityID=\"\"></Correlation>\n<Execution ProcessID=\"1916\" ThreadID=\"988\"></Execution>\n<Channel>System</Channel>\n<Computer>proactive-PC</Computer>\n<Security UserID=\"S-1-5-18\"></Security>\n</System>\n<UserData><UMDFServiceInstall upgrade=\"False\" xmlns:auto-ns2=\"http://schemas.microsoft.com/win/2004/08/events\" xmlns=\"http://www.microsoft.com/DriverFrameworks/UserMode/Event\"><Service clsid=\"{112de495-ac4c-46f8-b663-6a4266c53313}\" name=\"WpdFs\"></Service>\n<MinimumFxVersion>1.9.0</MinimumFxVersion>\n</UMDFServiceInstall>\n</UserData>\n</Event>\n",
    "<Event xmlns=\"http://schemas.microsoft.com/win/2004/08/events/event\"><System><Provider Name=\"Service Control Manager\" Guid=\"{555908d1-a6d7-4695-8e1e-26931d2012f4}\" EventSourceName=\"Service Control Manager\"></Provider>\n<EventID Qualifiers=\"16384\">7040</EventID>\n<Version>0</Version>\n<Level>4</Level>\n<Task>0</Task>\n<Opcode>0</Opcode>\n<Keywords>0x8080000000000000</Keywords>\n<TimeCreated SystemTime=\"2024-12-18 09:36:33.552263\"></TimeCreated>\n<EventRecordID>615</EventRecordID>\n<Correlation ActivityID=\"\" RelatedActivityID=\"\"></Correlation>\n<Execution ProcessID=\"436\" ThreadID=\"1548\"></Execution>\n<Channel>System</Channel>\n<Computer>proactive-PC</Computer>\n<Security UserID=\"S-1-5-18\"></Security>\n</System>\n<EventData><Data Name=\"param1\">Windows Driver Foundation - User-mode Driver Framework</Data>\n<Data Name=\"param2\">demand start</Data>\n<Data Name=\"param3\">auto start</Data>\n<Data Name=\"param4\">wudfsvc</Data>\n</EventData>\n</Event>\n",
    "<Event xmlns=\"http://schemas.microsoft.com/win/2004/08/events/event\"><System><Provider Name=\"Service Control Manager\" Guid=\"{555908d1-a6d7-4695-8e1e-26931d2012f4}\" EventSourceName=\"Service Control Manager\"></Provider>\n<EventID Qualifiers=\"16384\">7036</EventID>\n<Version>0</Version>\n<Level>4</Level>\n<Task>0</Task>\n<Opcode>0</Opcode>\n<Keywords>0x8080000000000000</Keywords>\n<TimeCreated SystemTime=\"2024-12-18 09:36:33.583464\"></TimeCreated>\n<EventRecordID>616</EventRecordID>\n<Correlation ActivityID=\"\" RelatedActivityID=\"\"></Correlation>\n<Execution ProcessID=\"436\" ThreadID=\"1756\"></Execution>\n<Channel>System</Channel>\n<Computer>proactive-PC</Computer>\n<Security UserID=\"\"></Security>\n</System>\n<EventData><Data Name=\"param1\">Windows Driver Foundation - User-mode Driver Framework</Data>\n<Data Name=\"param2\">running</Data>\n<Binary>dwB1AGQAZgBzAHYAYwAvADQAAAA=</Binary>\n</EventData>\n</Event>\n",
    "<Event xmlns=\"http://schemas.microsoft.com/win/2004/08/events/event\"><System><Provider Name=\"Microsoft-Windows-DriverFrameworks-UserMode\" Guid=\"{2e35aaeb-857f-4beb-a418-2e6c0e54d988}\"></Provider>\n<EventID Qualifiers=\"\">10100</EventID>\n<Version>1</Version>\n<Level>4</Level>\n<Task>48</Task>\n<Opcode>2</Opcode>\n<Keywords>0x2000000000000000</Keywords>\n<TimeCreated SystemTime=\"2024-12-18 09:36:33.677063\"></TimeCreated>\n<EventRecordID>617</EventRecordID>\n<Correlation ActivityID=\"\" RelatedActivityID=\"\"></Correlation>\n<Execution ProcessID=\"1916\" ThreadID=\"988\"></Execution>\n<Channel>System</Channel>\n<Computer>proactive-PC</Computer>\n<Security UserID=\"S-1-5-18\"></Security>\n</System>\n<UserData><UMDFDeviceInstallEnd xmlns:auto-ns2=\"http://schemas.microsoft.com/win/2004/08/events\" xmlns=\"http://www.microsoft.com/DriverFrameworks/UserMode/Event\"><FinalStatus>0</FinalStatus>\n</UMDFDeviceInstallEnd>\n</UserData>\n</Event>\n",
    "<Event xmlns=\"http://schemas.microsoft.com/win/2004/08/events/event\"><System><Provider Name=\"Service Control Manager\" Guid=\"{555908d1-a6d7-4695-8e1e-26931d2012f4}\" EventSourceName=\"Service Control Manager\"></Provider>\n<EventID Qualifiers=\"16384\">7045</EventID>\n<Version>0</Version>\n<Level>4</Level>\n<Task>0</Task>\n<Opcode>0</Opcode>\n<Keywords>0x8080000000000000</Keywords>\n<TimeCreated SystemTime=\"2024-12-18 09:36:33.692663\"></TimeCreated>\n<EventRecordID>618</EventRecordID>\n<Correlation ActivityID=\"\" RelatedActivityID=\"\"></Correlation>\n<Execution ProcessID=\"436\" ThreadID=\"1756\"></Execution>\n<Channel>System</Channel>\n<Computer>proactive-PC</Computer>\n<Security UserID=\"S-1-5-18\"></Security>\n</System>\n<EventData><Data Name=\"ServiceName\">WUDFRd</Data>\n<Data Name=\"ImagePath\">system32\\DRIVERS\\WUDFRd.sys</Data>\n<Data Name=\"ServiceType\">kernel mode driver</Data>\n<Data Name=\"StartType\">demand start</Data>\n<Data Name=\"AccountName\"></Data>\n</EventData>\n</Event>\n",
    "<Event xmlns=\"http://schemas.microsoft.com/win/2004/08/events/event\"><System><Provider Name=\"Microsoft-Windows-UserPnp\" Guid=\"{96f4a050-7e31-453c-88be-9634f4e02139}\"></Provider>\n<EventID Qualifiers=\"\">20003</EventID>\n<Version>0</Version>\n<Level>4</Level>\n<Task>7005</Task>\n<Opcode>0</Opcode>\n<Keywords>0x8000000000000000</Keywords>\n<TimeCreated SystemTime=\"2024-12-18 09:36:33.692663\"></TimeCreated>\n<EventRecordID>619</EventRecordID>\n<Correlation ActivityID=\"\" RelatedActivityID=\"\"></Correlation>\n<Execution ProcessID=\"1916\" ThreadID=\"988\"></Execution>\n<Channel>System</Channel>\n<Computer>proactive-PC</Computer>\n<Security UserID=\"S-1-5-18\"></Security>\n</System>\n<UserData><AddServiceID xmlns:auto-ns2=\"http://schemas.microsoft.com/win/2004/08/events\" xmlns=\"http://manifests.microsoft.com/win/2004/08/windows/userpnp\"><ServiceName>WUDFRd</ServiceName>\n<DriverFileName>system32\\DRIVERS\\WUDFRd.sys</DriverFileName>\n<DeviceInstanceID>WPDBUSENUMROOT\\UMB\\2&amp;37C186B&amp;0&amp;STORAGE#VOLUME#_??_USBSTOR#DISK&amp;VEN_GENERAL&amp;PROD_USB_FLASH_DISK&amp;REV_1100#1306070000000404&amp;0#</DeviceInstanceID>\n<PrimaryService>True</PrimaryService>\n<UpdateService>False</UpdateService>\n<AddServiceStatus>0</AddServiceStatus>\n</AddServiceID>\n</UserData>\n</Event>\n",
    "<Event xmlns=\"http://schemas.microsoft.com/win/2004/08/events/event\"><System><Provider Name=\"Microsoft-Windows-UserPnp\" Guid=\"{96f4a050-7e31-453c-88be-9634f4e02139}\"></Provider>\n<EventID Qualifiers=\"\">20001</EventID>\n<Version>0</Version>\n<Level>4</Level>\n<Task>7005</Task>\n<Opcode>0</Opcode>\n<Keywords>0x8000000000000000</Keywords>\n<TimeCreated SystemTime=\"2024-12-18 09:36:33.864265\"></TimeCreated>\n<EventRecordID>620</EventRecordID>\n<Correlation ActivityID=\"\" RelatedActivityID=\"\"></Correlation>\n<Execution ProcessID=\"1916\" ThreadID=\"988\"></Execution>\n<Channel>System</Channel>\n<Computer>proactive-PC</Computer>\n<Security UserID=\"S-1-5-18\"></Security>\n</System>\n<UserData><InstallDeviceID xmlns:auto-ns2=\"http://schemas.microsoft.com/win/2004/08/events\" xmlns=\"http://manifests.microsoft.com/win/2004/08/windows/userpnp\"><DriverName>FileRepository\\wpdfs.inf_amd64_neutral_fc4ebadff3a40ae4\\wpdfs.inf</DriverName>\n<DriverVersion>6.1.7600.16385</DriverVersion>\n<DriverProvider>Microsoft</DriverProvider>\n<DeviceInstanceID>WPDBUSENUMROOT\\UMB\\2&amp;37C186B&amp;0&amp;STORAGE#VOLUME#_??_USBSTOR#DISK&amp;VEN_GENERAL&amp;PROD_USB_FLASH_DISK&amp;REV_1100#1306070000000404&amp;0#</DeviceInstanceID>\n<SetupClass>{eec5ad98-8080-425f-922a-dabf3de3f69a}</SetupClass>\n<RebootOption>False</RebootOption>\n<UpgradeDevice>False</UpgradeDevice>\n<IsDriverOEM>False</IsDriverOEM>\n<InstallStatus>0x00000000</InstallStatus>\n<DriverDescription>WPD FileSystem Volume Driver</DriverDescription>\n</InstallDeviceID>\n</UserData>\n</Event>\n",
    "<Event xmlns=\"http://schemas.microsoft.com/win/2004/08/events/event\"><System><Provider Name=\"Microsoft-Windows-Application-Experience\" Guid=\"{eef54e71-0661-422d-9a98-82fd4940b820}\"></Provider>\n<EventID Qualifiers=\"\">206</EventID>\n<Version>0</Version>\n<Level>4</Level>\n<Task>0</Task>\n<Opcode>0</Opcode>\n<Keywords>0x8000000000000000</Keywords>\n<TimeCreated SystemTime=\"2024-12-18 09:36:56.011503\"></TimeCreated>\n<EventRecordID>621</EventRecordID>\n<Correlation ActivityID=\"\" RelatedActivityID=\"\"></Correlation>\n<Execution ProcessID=\"864\" ThreadID=\"2604\"></Execution>\n<Channel>System</Channel>\n<Computer>proactive-PC</Computer>\n<Security UserID=\"S-1-5-18\"></Security>\n</System>\n<EventData></EventData>\n</Event>\n",
    "<Event xmlns=\"http://schemas.microsoft.com/win/2004/08/events/event\"><System><Provider Name=\"Service Control Manager\" Guid=\"{555908d1-a6d7-4695-8e1e-26931d2012f4}\" EventSourceName=\"Service Control Manager\"></Provider>\n<EventID Qualifiers=\"16384\">7036</EventID>\n<Version>0</Version>\n<Level>4</Level>\n<Task>0</Task>\n<Opcode>0</Opcode>\n<Keywords>0x8080000000000000</Keywords>\n<TimeCreated SystemTime=\"2024-12-18 09:37:29.671988\"></TimeCreated>\n<EventRecordID>622</EventRecordID>\n<Correlation ActivityID=\"\" RelatedActivityID=\"\"></Correlation>\n<Execution ProcessID=\"436\" ThreadID=\"1756\"></Execution>\n<Channel>System</Channel>\n<Computer>proactive-PC</Computer>\n<Security UserID=\"\"></Security>\n</System>\n<EventData><Data Name=\"param1\">Volume Shadow Copy</Data>\n<Data Name=\"param2\">running</Data>\n<Binary>VgBTAFMALwA0AAAA</Binary>\n</EventData>\n</Event>\n",
    "<Event xmlns=\"http://schemas.microsoft.com/win/2004/08/events/event\"><System><Provider Name=\"Service Control Manager\" Guid=\"{555908d1-a6d7-4695-8e1e-26931d2012f4}\" EventSourceName=\"Service Control Manager\"></Provider>\n<EventID Qualifiers=\"16384\">7036</EventID>\n<Version>0</Version>\n<Level>4</Level>\n<Task>0</Task>\n<Opcode>0</Opcode>\n<Keywords>0x8080000000000000</Keywords>\n<TimeCreated SystemTime=\"2024-12-18 09:37:29.703188\"></TimeCreated>\n<EventRecordID>623</EventRecordID>\n<Correlation ActivityID=\"\" RelatedActivityID=\"\"></Correlation>\n<Execution ProcessID=\"436\" ThreadID=\"1756\"></Execution>\n<Channel>System</Channel>\n<Computer>proactive-PC</Computer>\n<Security UserID=\"\"></Security>\n</System>\n<EventData><Data Name=\"param1\">Microsoft Software Shadow Copy Provider</Data>\n<Data Name=\"param2\">running</Data>\n<Binary>cwB3AHAAcgB2AC8ANAAAAA==</Binary>\n</EventData>\n</Event>\n",
    "<Event xmlns=\"http://schemas.microsoft.com/win/2004/08/events/event\"><System><Provider Name=\"Microsoft-Windows-UserPnp\" Guid=\"{96f4a050-7e31-453c-88be-9634f4e02139}\"></Provider>\n<EventID Qualifiers=\"\">20001</EventID>\n<Version>0</Version>\n<Level>4</Level>\n<Task>7005</Task>\n<Opcode>0</Opcode>\n<Keywords>0x8000000000000000</Keywords>\n<TimeCreated SystemTime=\"2024-12-18 09:37:31.294390\"></TimeCreated>\n<EventRecordID>624</EventRecordID>\n<Correlation ActivityID=\"\" RelatedActivityID=\"\"></Correlation>\n<Execution ProcessID=\"1352\" ThreadID=\"2244\"></Execution>\n<Channel>System</Channel>\n<Computer>proactive-PC</Computer>\n<Security UserID=\"S-1-5-18\"></Security>\n</System>\n<UserData><InstallDeviceID xmlns:auto-ns2=\"http://schemas.microsoft.com/win/2004/08/events\" xmlns=\"http://manifests.microsoft.com/win/2004/08/windows/userpnp\"><DriverName>FileRepository\\volsnap.inf_amd64_neutral_7499a4fac85b39fc\\volsnap.inf</DriverName>\n<DriverVersion>6.1.7600.16385</DriverVersion>\n<DriverProvider>Microsoft</DriverProvider>\n<DeviceInstanceID>STORAGE\\VOLUMESNAPSHOT\\HARDDISKVOLUMESNAPSHOT1</DeviceInstanceID>\n<SetupClass>{533c5b84-ec70-11d2-9505-00c04f79deaf}</SetupClass>\n<RebootOption>False</RebootOption>\n<UpgradeDevice>False</UpgradeDevice>\n<IsDriverOEM>False</IsDriverOEM>\n<InstallStatus>0x00000000</InstallStatus>\n<DriverDescription>Generic volume shadow copy</DriverDescription>\n</InstallDeviceID>\n</UserData>\n</Event>\n",
    "<Event xmlns=\"http://schemas.microsoft.com/win/2004/08/events/event\"><System><Provider Name=\"Service Control Manager\" Guid=\"{555908d1-a6d7-4695-8e1e-26931d2012f4}\" EventSourceName=\"Service Control Manager\"></Provider>\n<EventID Qualifiers=\"16384\">7036</EventID>\n<Version>0</Version>\n<Level>4</Level>\n<Task>0</Task>\n<Opcode>0</Opcode>\n<Keywords>0x8080000000000000</Keywords>\n<TimeCreated SystemTime=\"2024-12-18 09:37:33.587595\"></TimeCreated>\n<EventRecordID>625</EventRecordID>\n<Correlation ActivityID=\"\" RelatedActivityID=\"\"></Correlation>\n<Execution ProcessID=\"436\" ThreadID=\"1756\"></Execution>\n<Channel>System</Channel>\n<Computer>proactive-PC</Computer>\n<Security UserID=\"\"></Security>\n</System>\n<EventData><Data Name=\"param1\">Windows Modules Installer</Data>\n<Data Name=\"param2\">running</Data>\n<Binary>VAByAHUAcwB0AGUAZABJAG4AcwB0AGEAbABsAGUAcgAvADQAAAA=</Binary>\n</EventData>\n</Event>\n",
    "<Event xmlns=\"http://schemas.microsoft.com/win/2004/08/events/event\"><System><Provider Name=\"Microsoft-Windows-WindowsUpdateClient\" Guid=\"{945a8954-c147-4acd-923f-40c45405a658}\"></Provider>\n<EventID Qualifiers=\"\">27</EventID>\n<Version>0</Version>\n<Level>4</Level>\n<Task>1</Task>\n<Opcode>16</Opcode>\n<Keywords>0x8000000000000080</Keywords>\n<TimeCreated SystemTime=\"2024-12-18 09:37:34.648396\"></TimeCreated>\n<EventRecordID>626</EventRecordID>\n<Correlation ActivityID=\"\" RelatedActivityID=\"\"></Correlation>\n<Execution ProcessID=\"888\" ThreadID=\"2704\"></Execution>\n<Channel>System</Channel>\n<Computer>proactive-PC</Computer>\n<Security UserID=\"S-1-5-18\"></Security>\n</System>\n<EventData></EventData>\n</Event>\n",
    "<Event xmlns=\"http://schemas.microsoft.com/win/2004/08/events/event\"><System><Provider Name=\"Microsoft-Windows-UserPnp\" Guid=\"{96f4a050-7e31-453c-88be-9634f4e02139}\"></Provider>\n<EventID Qualifiers=\"\">20001</EventID>\n<Version>0</Version>\n<Level>4</Level>\n<Task>7005</Task>\n<Opcode>0</Opcode>\n<Keywords>0x8000000000000000</Keywords>\n<TimeCreated SystemTime=\"2024-12-18 09:37:35.038399\"></TimeCreated>\n<EventRecordID>627</EventRecordID>\n<Correlation ActivityID=\"\" RelatedActivityID=\"\"></Correlation>\n<Execution ProcessID=\"1120\" ThreadID=\"2320\"></Execution>\n<Channel>System</Channel>\n<Computer>proactive-PC</Computer>\n<Security UserID=\"S-1-5-18\"></Security>\n</System>\n<UserData><InstallDeviceID xmlns:auto-ns2=\"http://schemas.microsoft.com/win/2004/08/events\" xmlns=\"http://manifests.microsoft.com/win/2004/08/windows/userpnp\"><DriverName>FileRepository\\volsnap.inf_amd64_neutral_7499a4fac85b39fc\\volsnap.inf</DriverName>\n<DriverVersion>6.1.7600.16385</DriverVersion>\n<DriverProvider>Microsoft</DriverProvider>\n<DeviceInstanceID>STORAGE\\VOLUMESNAPSHOT\\HARDDISKVOLUMESNAPSHOT2</DeviceInstanceID>\n<SetupClass>{533c5b84-ec70-11d2-9505-00c04f79deaf}</SetupClass>\n<RebootOption>False</RebootOption>\n<UpgradeDevice>False</UpgradeDevice>\n<IsDriverOEM>False</IsDriverOEM>\n<InstallStatus>0x00000000</InstallStatus>\n<DriverDescription>Generic volume shadow copy</DriverDescription>\n</InstallDeviceID>\n</UserData>\n</Event>\n",
    "<Event xmlns=\"http://schemas.microsoft.com/win/2004/08/events/event\"><System><Provider Name=\"Service Control Manager\" Guid=\"{555908d1-a6d7-4695-8e1e-26931d2012f4}\" EventSourceName=\"Service Control Manager\"></Provider>\n<EventID Qualifiers=\"16384\">7040</EventID>\n<Version>0</Version>\n<Level>4</Level>\n<Task>0</Task>\n<Opcode>0</Opcode>\n<Keywords>0x8080000000000000</Keywords>\n<TimeCreated SystemTime=\"2024-12-18 09:37:35.865198\"></TimeCreated>\n<EventRecordID>628</EventRecordID>\n<Correlation ActivityID=\"\" RelatedActivityID=\"\"></Correlation>\n<Execution ProcessID=\"436\" ThreadID=\"1548\"></Execution>\n<Channel>System</Channel>\n<Computer>proactive-PC</Computer>\n<Security UserID=\"S-1-5-18\"></Security>\n</System>\n<EventData><Data Name=\"param1\">Windows Modules Installer</Data>\n<Data Name=\"param2\">demand start</Data>\n<Data Name=\"param3\">auto start</Data>\n<Data Name=\"param4\">TrustedInstaller</Data>\n</EventData>\n</Event>\n",
    "<Event xmlns=\"http://schemas.microsoft.com/win/2004/08/events/event\"><System><Provider Name=\"Service Control Manager\" Guid=\"{555908d1-a6d7-4695-8e1e-26931d2012f4}\" EventSourceName=\"Service Control Manager\"></Provider>\n<EventID Qualifiers=\"16384\">7040</EventID>\n<Version>0</Version>\n<Level>4</Level>\n<Task>0</Task>\n<Opcode>0</Opcode>\n<Keywords>0x8080000000000000</Keywords>\n<TimeCreated SystemTime=\"2024-12-18 09:37:37.175600\"></TimeCreated>\n<EventRecordID>629</EventRecordID>\n<Correlation ActivityID=\"\" RelatedActivityID=\"\"></Correlation>\n<Execution ProcessID=\"436\" ThreadID=\"1548\"></Execution>\n<Channel>System</Channel>\n<Computer>proactive-PC</Computer>\n<Security UserID=\"S-1-5-18\"></Security>\n</System>\n<EventData><Data Name=\"param1\">Windows Modules Installer</Data>\n<Data Name=\"param2\">auto start</Data>\n<Data Name=\"param3\">demand start</Data>\n<Data Name=\"param4\">TrustedInstaller</Data>\n</EventData>\n</Event>\n",
    "<Event xmlns=\"http://schemas.microsoft.com/win/2004/08/events/event\"><System><Provider Name=\"Service Control Manager\" Guid=\"{555908d1-a6d7-4695-8e1e-26931d2012f4}\" EventSourceName=\"Service Control Manager\"></Provider>\n<EventID Qualifiers=\"16384\">7036</EventID>\n<Version>0</Version>\n<Level>4</Level>\n<Task>0</Task>\n<Opcode>0</Opcode>\n<Keywords>0x8080000000000000</Keywords>\n<TimeCreated SystemTime=\"2024-12-18 09:37:37.238001\"></TimeCreated>\n<EventRecordID>630</EventRecordID>\n<Correlation ActivityID=\"\" RelatedActivityID=\"\"></Correlation>\n<Execution ProcessID=\"436\" ThreadID=\"1756\"></Execution>\n<Channel>System</Channel>\n<Computer>proactive-PC</Computer>\n<Security UserID=\"\"></Security>\n</System>\n<EventData><Data Name=\"param1\">Windows Installer</Data>\n<Data Name=\"param2\">running</Data>\n<Binary>bQBzAGkAcwBlAHIAdgBlAHIALwA0AAAA</Binary>\n</EventData>\n</Event>\n",
    "<Event xmlns=\"http://schemas.microsoft.com/win/2004/08/events/event\"><System><Provider Name=\"Service Control Manager\" Guid=\"{555908d1-a6d7-4695-8e1e-26931d2012f4}\" EventSourceName=\"Service Control Manager\"></Provider>\n<EventID Qualifiers=\"16384\">7036</EventID>\n<Version>0</Version>\n<Level>4</Level>\n<Task>0</Task>\n<Opcode>0</Opcode>\n<Keywords>0x8080000000000000</Keywords>\n<TimeCreated SystemTime=\"2024-12-18 09:37:37.269201\"></TimeCreated>\n<EventRecordID>631</EventRecordID>\n<Correlation ActivityID=\"\" RelatedActivityID=\"\"></Correlation>\n<Execution ProcessID=\"436\" ThreadID=\"1548\"></Execution>\n<Channel>System</Channel>\n<Computer>proactive-PC</Computer>\n<Security UserID=\"\"></Security>\n</System>\n<EventData><Data Name=\"param1\">WinHTTP Web Proxy Auto-Discovery Service</Data>\n<Data Name=\"param2\">running</Data>\n<Binary>VwBpAG4ASAB0AHQAcABBAHUAdABvAFAAcgBvAHgAeQBTAHYAYwAvADQAAAA=</Binary>\n</EventData>\n</Event>\n",
    "<Event xmlns=\"http://schemas.microsoft.com/win/2004/08/events/event\"><System><Provider Name=\"Microsoft-Windows-WindowsUpdateClient\" Guid=\"{945a8954-c147-4acd-923f-40c45405a658}\"></Provider>\n<EventID Qualifiers=\"\">19</EventID>\n<Version>0</Version>\n<Level>4</Level>\n<Task>1</Task>\n<Opcode>13</Opcode>\n<Keywords>0x8000000000000018</Keywords>\n<TimeCreated SystemTime=\"2024-12-18 09:37:42.198809\"></TimeCreated>\n<EventRecordID>632</EventRecordID>\n<Correlation ActivityID=\"\" RelatedActivityID=\"\"></Correlation>\n<Execution ProcessID=\"888\" ThreadID=\"2704\"></Execution>\n<Channel>System</Channel>\n<Computer>proactive-PC</Computer>\n<Security UserID=\"S-1-5-18\"></Security>\n</System>\n<EventData><Data Name=\"updateTitle\">Update for Windows (KB2999226)</Data>\n<Data Name=\"updateGuid\">{c325619b-2c11-4527-b602-431b918e8fb0}</Data>\n<Data Name=\"updateRevisionNumber\">501</Data>\n</EventData>\n</Event>\n",
    "<Event xmlns=\"http://schemas.microsoft.com/win/2004/08/events/event\"><System><Provider Name=\"Service Control Manager\" Guid=\"{555908d1-a6d7-4695-8e1e-26931d2012f4}\" EventSourceName=\"Service Control Manager\"></Provider>\n<EventID Qualifiers=\"16384\">7042</EventID>\n<Version>0</Version>\n<Level>4</Level>\n<Task>0</Task>\n<Opcode>0</Opcode>\n<Keywords>0x8080000000000000</Keywords>\n<TimeCreated SystemTime=\"2024-12-18 09:37:59.096842\"></TimeCreated>\n<EventRecordID>633</EventRecordID>\n<Correlation ActivityID=\"\" RelatedActivityID=\"\"></Correlation>\n<Execution ProcessID=\"436\" ThreadID=\"1756\"></Execution>\n<Channel>System</Channel>\n<Computer>proactive-PC</Computer>\n<Security UserID=\"S-1-5-18\"></Security>\n</System>\n<EventData><Data Name=\"param1\">TCP/IP NetBIOS Helper</Data>\n<Data Name=\"param2\">stop</Data>\n<Data Name=\"param3\">0x40030011</Data>\n<Data Name=\"param4\">Operating System: Network Connectivity (Planned)</Data>\n<Data Name=\"param5\">None</Data>\n</EventData>\n</Event>\n",
