    "<Event xmlns=\"http://schemas.microsoft.com/win/2004/08/events/event\"><System><Provider Name=\"Microsoft-Windows-UserPnp\" Guid=\"{96f4a050-7e31-453c-88be-9634f4e02139}\"></Provider>\n<EventID Qualifiers=\"\">20003</EventID>\n<Version>0</Version>\n<Level>4</Level>\n<Task>7005</Task>\n<Opcode>0</Opcode>\n<Keywords>0x8000000000000000</Keywords>\n<TimeCreated SystemTime=\"2024-12-18 09:11:48.100477\"></TimeCreated>\n<EventRecordID>257</EventRecordID>\n<Correlation ActivityID=\"\" RelatedActivityID=\"\"></Correlation>\n<Execution ProcessID=\"1964\" ThreadID=\"1856\"></Execution>\n<Channel>System</Channel>\n<Computer>37L4247F27-25</Computer>\n<Security UserID=\"S-1-5-18\"></Security>\n</System>\n<UserData><AddServiceID xmlns:auto-ns2=\"http://schemas.microsoft.com/win/2004/08/events\" xmlns=\"http://manifests.microsoft.com/win/2004/08/windows/userpnp\"><ServiceName>pci</ServiceName>\n<DriverFileName>system32\\DRIVERS\\pci.sys</DriverFileName>\n<DeviceInstanceID>PCI\\VEN_15AD&amp;DEV_07A0&amp;SUBSYS_07A015AD&amp;REV_01\\3&amp;2B8E0B4B&amp;0&amp;AA</DeviceInstanceID>\n<PrimaryService>True</PrimaryService>\n<UpdateService>True</UpdateService>\n<AddServiceStatus>0</AddServiceStatus>\n</AddServiceID>\n</UserData>\n</Event>\n",
    "<Event xmlns=\"http://schemas.microsoft.com/win/2004/08/events/event\"><System><Provider Name=\"Microsoft-Windows-UserPnp\" Guid=\"{96f4a050-7e31-453c-88be-9634f4e02139}\"></Provider>\n<EventID Qualifiers=\"\">20001</EventID>\n<Version>0</Version>\n<Level>4</Level>\n<Task>7005</Task>\n<Opcode>0</Opcode>\n<Keywords>0x8000000000000000</Keywords>\n<TimeCreated SystemTime=\"2024-12-18 09:11:48.240877\"></TimeCreated>\n<EventRecordID>258</EventRecordID>\n<Correlation ActivityID=\"\" RelatedActivityID=\"\"></Correlation>\n<Execution ProcessID=\"1964\" ThreadID=\"1856\"></Execution>\n<Channel>System</Channel>\n<Computer>37L4247F27-25</Computer>\n<Security UserID=\"S-1-5-18\"></Security>\n</System>\n<UserData><InstallDeviceID xmlns:auto-ns2=\"http://schemas.microsoft.com/win/2004/08/events\" xmlns=\"http://manifests.microsoft.com/win/2004/08/windows/userpnp\"><DriverName>FileRepository\\machine.inf_amd64_neutral_a2f120466549d68b\\machine.inf</DriverName>\n<DriverVersion>6.1.7601.17514</DriverVersion>\n<DriverProvider>Microsoft</DriverProvider>\n<DeviceInstanceID>PCI\\VEN_15AD&amp;DEV_07A0&amp;SUBSYS_07A015AD&amp;REV_01\\3&amp;2B8E0B4B&amp;0&amp;AA</DeviceInstanceID>\n<SetupClass>{4d36e97d-e325-11ce-bfc1-08002be10318}</SetupClass>\n<RebootOption>False</RebootOption>\n<UpgradeDevice>False</UpgradeDevice>\n<IsDriverOEM>False</IsDriverOEM>\n<InstallStatus>0x00000000</InstallStatus>\n<DriverDescription>PCI Express standard Root Port</DriverDescription>\n</InstallDeviceID>\n</UserData>\n</Event>\n",
    "<Event xmlns=\"http://schemas.microsoft.com/win/2004/08/events/event\"><System><Provider Name=\"Microsoft-Windows-UserPnp\" Guid=\"{96f4a050-7e31-453c-88be-9634f4e02139}\"></Provider>\n<EventID Qualifiers=\"\">20001</EventID>\n<Version>0</Version>\n<Level>4</Level>\n<Task>7005</Task>\n<Opcode>0</Opcode>\n<Keywords>0x8000000000000000</Keywords>\n<TimeCreated SystemTime=\"2024-12-18 09:11:48.428078\"></TimeCreated>\n<EventRecordID>259</EventRecordID>\n<Correlation ActivityID=\"\" RelatedActivityID=\"\"></Correlation>\n<Execution ProcessID=\"236\" ThreadID=\"2044\"></Execution>\n<Channel>System</Channel>\n<Computer>37L4247F27-25</Computer>\n<Security UserID=\"S-1-5-18\"></Security>\n</System>\n<UserData><InstallDeviceID xmlns:auto-ns2=\"http://schemas.microsoft.com/win/2004/08/events\" xmlns=\"http://manifests.microsoft.com/win/2004/08/windows/userpnp\"><DriverName>FileRepository\\machine.inf_amd64_neutral_a2f120466549d68b\\machine.inf</DriverName>\n<DriverVersion>6.1.7601.17514</DriverVersion>\n<DriverProvider>Microsoft</DriverProvider>\n<DeviceInstanceID>ACPI\\PNP0A05\\22</DeviceInstanceID>\n<SetupClass>{4d36e97d-e325-11ce-bfc1-08002be10318}</SetupClass>\n<RebootOption>False</RebootOption>\n<UpgradeDevice>False</UpgradeDevice>\n<IsDriverOEM>False</IsDriverOEM>\n<InstallStatus>0x00000000</InstallStatus>\n<DriverDescription>Generic Bus</DriverDescription>\n</InstallDeviceID>\n</UserData>\n</Event>\n",
    "<Event xmlns=\"http://schemas.microsoft.com/win/2004/08/events/event\"><System><Provider Name=\"Microsoft-Windows-UserPnp\" Guid=\"{96f4a050-7e31-453c-88be-9634f4e02139}\"></Provider>\n<EventID Qualifiers=\"\">20003</EventID>\n<Version>0</Version>\n<Level>4</Level>\n<Task>7005</Task>\n<Opcode>0</Opcode>\n<Keywords>0x8000000000000000</Keywords>\n<TimeCreated SystemTime=\"2024-12-18 09:11:48.459278\"></TimeCreated>\n<EventRecordID>260</EventRecordID>\n<Correlation ActivityID=\"\" RelatedActivityID=\"\"></Correlation>\n<Execution ProcessID=\"1860\" ThreadID=\"1060\"></Execution>\n<Channel>System</Channel>\n<Computer>37L4247F27-25</Computer>\n<Security UserID=\"S-1-5-18\"></Security>\n</System>\n<UserData><AddServiceID xmlns:auto-ns2=\"http://schemas.microsoft.com/win/2004/08/events\" xmlns=\"http://manifests.microsoft.com/win/2004/08/windows/userpnp\"><ServiceName>pci</ServiceName>\n<DriverFileName>system32\\DRIVERS\\pci.sys</DriverFileName>\n<DeviceInstanceID>PCI\\VEN_15AD&amp;DEV_07A0&amp;SUBSYS_07A015AD&amp;REV_01\\3&amp;2B8E0B4B&amp;0&amp;BA</DeviceInstanceID>\n<PrimaryService>True</PrimaryService>\n<UpdateService>True</UpdateService>\n<AddServiceStatus>0</AddServiceStatus>\n</AddServiceID>\n</UserData>\n</Event>\n",
    "<Event xmlns=\"http://schemas.microsoft.com/win/2004/08/events/event\"><System><Provider Name=\"Microsoft-Windows-UserPnp\" Guid=\"{96f4a050-7e31-453c-88be-9634f4e02139}\"></Provider>\n<EventID Qualifiers=\"\">20001</EventID>\n<Version>0</Version>\n<Level>4</Level>\n<Task>7005</Task>\n<Opcode>0</Opcode>\n<Keywords>0x8000000000000000</Keywords>\n<TimeCreated SystemTime=\"2024-12-18 09:11:48.677679\"></TimeCreated>\n<EventRecordID>261</EventRecordID>\n<Correlation ActivityID=\"\" RelatedActivityID=\"\"></Correlation>\n<Execution ProcessID=\"1860\" ThreadID=\"1060\"></Execution>\n<Channel>System</Channel>\n<Computer>37L4247F27-25</Computer>\n<Security UserID=\"S-1-5-18\"></Security>\n</System>\n<UserData><InstallDeviceID xmlns:auto-ns2=\"http://schemas.microsoft.com/win/2004/08/events\" xmlns=\"http://manifests.microsoft.com/win/2004/08/windows/userpnp\"><DriverName>FileRepository\\machine.inf_amd64_neutral_a2f120466549d68b\\machine.inf</DriverName>\n<DriverVersion>6.1.7601.17514</DriverVersion>\n<DriverProvider>Microsoft</DriverProvider>\n<DeviceInstanceID>PCI\\VEN_15AD&amp;DEV_07A0&amp;SUBSYS_07A015AD&amp;REV_01\\3&amp;2B8E0B4B&amp;0&amp;BA</DeviceInstanceID>\n<SetupClass>{4d36e97d-e325-11ce-bfc1-08002be10318}</SetupClass>\n<RebootOption>False</RebootOption>\n<UpgradeDevice>False</UpgradeDevice>\n<IsDriverOEM>False</IsDriverOEM>\n<InstallStatus>0x00000000</InstallStatus>\n<DriverDescription>PCI Express standard Root Port</DriverDescription>\n</InstallDeviceID>\n</UserData>\n</Event>\n",
    "<Event xmlns=\"http://schemas.microsoft.com/win/2004/08/events/event\"><System><Provider Name=\"Microsoft-Windows-UserPnp\" Guid=\"{96f4a050-7e31-453c-88be-9634f4e02139}\"></Provider>\n<EventID Qualifiers=\"\">20001</EventID>\n<Version>0</Version>\n<Level>4</Level>\n<Task>7005</Task>\n<Opcode>0</Opcode>\n<Keywords>0x8000000000000000</Keywords>\n<TimeCreated SystemTime=\"2024-12-18 09:11:48.880480\"></TimeCreated>\n<EventRecordID>262</EventRecordID>\n<Correlation ActivityID=\"\" RelatedActivityID=\"\"></Correlation>\n<Execution ProcessID=\"1056\" ThreadID=\"1148\"></Execution>\n<Channel>System</Channel>\n<Computer>37L4247F27-25</Computer>\n<Security UserID=\"S-1-5-18\"></Security>\n</System>\n<UserData><InstallDeviceID xmlns:auto-ns2=\"http://schemas.microsoft.com/win/2004/08/events\" xmlns=\"http://manifests.microsoft.com/win/2004/08/windows/userpnp\"><DriverName>FileRepository\\machine.inf_amd64_neutral_a2f120466549d68b\\machine.inf</DriverName>\n<DriverVersion>6.1.7601.17514</DriverVersion>\n<DriverProvider>Microsoft</DriverProvider>\n<DeviceInstanceID>ACPI\\PNP0A05\\23</DeviceInstanceID>\n<SetupClass>{4d36e97d-e325-11ce-bfc1-08002be10318}</SetupClass>\n<RebootOption>False</RebootOption>\n<UpgradeDevice>False</UpgradeDevice>\n<IsDriverOEM>False</IsDriverOEM>\n<InstallStatus>0x00000000</InstallStatus>\n<DriverDescription>Generic Bus</DriverDescription>\n</InstallDeviceID>\n</UserData>\n</Event>\n",
    "<Event xmlns=\"http://schemas.microsoft.com/win/2004/08/events/event\"><System><Provider Name=\"Microsoft-Windows-UserPnp\" Guid=\"{96f4a050-7e31-453c-88be-9634f4e02139}\"></Provider>\n<EventID Qualifiers=\"\">20003</EventID>\n<Version>0</Version>\n<Level>4</Level>\n<Task>7005</Task>\n<Opcode>0</Opcode>\n<Keywords>0x8000000000000000</Keywords>\n<TimeCreated SystemTime=\"2024-12-18 09:11:49.036480\"></TimeCreated>\n<EventRecordID>263</EventRecordID>\n<Correlation ActivityID=\"\" RelatedActivityID=\"\"></Correlation>\n<Execution ProcessID=\"1132\" ThreadID=\"1344\"></Execution>\n<Channel>System</Channel>\n<Computer>37L4247F27-25</Computer>\n<Security UserID=\"S-1-5-18\"></Security>\n</System>\n<UserData><AddServiceID xmlns:auto-ns2=\"http://schemas.microsoft.com/win/2004/08/events\" xmlns=\"http://manifests.microsoft.com/win/2004/08/windows/userpnp\"><ServiceName>vga</ServiceName>\n<DriverFileName>system32\\DRIVERS\\vgapnp.sys</DriverFileName>\n<DeviceInstanceID>PCI\\VEN_15AD&amp;DEV_0405&amp;SUBSYS_040515AD&amp;REV_00\\3&amp;2B8E0B4B&amp;0&amp;78</DeviceInstanceID>\n<PrimaryService>True</PrimaryService>\n<UpdateService>True</UpdateService>\n<AddServiceStatus>0</AddServiceStatus>\n</AddServiceID>\n</UserData>\n</Event>\n",
    "<Event xmlns=\"http://schemas.microsoft.com/win/2004/08/events/event\"><System><Provider Name=\"Microsoft-Windows-UserPnp\" Guid=\"{96f4a050-7e31-453c-88be-9634f4e02139}\"></Provider>\n<EventID Qualifiers=\"\">20001</EventID>\n<Version>0</Version>\n<Level>4</Level>\n<Task>7005</Task>\n<Opcode>0</Opcode>\n<Keywords>0x8000000000000000</Keywords>\n<TimeCreated SystemTime=\"2024-12-18 09:11:49.426479\"></TimeCreated>\n<EventRecordID>264</EventRecordID>\n<Correlation ActivityID=\"\" RelatedActivityID=\"\"></Correlation>\n<Execution ProcessID=\"1132\" ThreadID=\"1344\"></Execution>\n<Channel>System</Channel>\n<Computer>37L4247F27-25</Computer>\n<Security UserID=\"S-1-5-18\"></Security>\n</System>\n<UserData><InstallDeviceID xmlns:auto-ns2=\"http://schemas.microsoft.com/win/2004/08/events\" xmlns=\"http://manifests.microsoft.com/win/2004/08/windows/userpnp\"><DriverName>FileRepository\\display.inf_amd64_neutral_ea1c8215e52777a6\\display.inf</DriverName>\n<DriverVersion>6.1.7600.16385</DriverVersion>\n<DriverProvider>Microsoft</DriverProvider>\n<DeviceInstanceID>PCI\\VEN_15AD&amp;DEV_0405&amp;SUBSYS_040515AD&amp;REV_00\\3&amp;2B8E0B4B&amp;0&amp;78</DeviceInstanceID>\n<SetupClass>{4d36e968-e325-11ce-bfc1-08002be10318}</SetupClass>\n<RebootOption>False</RebootOption>\n<UpgradeDevice>False</UpgradeDevice>\n<IsDriverOEM>False</IsDriverOEM>\n<InstallStatus>0x00000000</InstallStatus>\n<DriverDescription>Standard VGA Graphics Adapter</DriverDescription>\n</InstallDeviceID>\n</UserData>\n</Event>\n",
    "<Event xmlns=\"http://schemas.microsoft.com/win/2004/08/events/event\"><System><Provider Name=\"Microsoft-Windows-UserPnp\" Guid=\"{96f4a050-7e31-453c-88be-9634f4e02139}\"></Provider>\n<EventID Qualifiers=\"\">20003</EventID>\n<Version>0</Version>\n<Level>4</Level>\n<Task>7005</Task>\n<Opcode>0</Opcode>\n<Keywords>0x8000000000000000</Keywords>\n<TimeCreated SystemTime=\"2024-12-18 09:11:49.457680\"></TimeCreated>\n<EventRecordID>265</EventRecordID>\n<Correlation ActivityID=\"\" RelatedActivityID=\"\"></Correlation>\n<Execution ProcessID=\"2032\" ThreadID=\"1976\"></Execution>\n<Channel>System</Channel>\n<Computer>37L4247F27-25</Computer>\n<Security UserID=\"S-1-5-18\"></Security>\n</System>\n<UserData><AddServiceID xmlns:auto-ns2=\"http://schemas.microsoft.com/win/2004/08/events\" xmlns=\"http://manifests.microsoft.com/win/2004/08/windows/userpnp\"><ServiceName>pci</ServiceName>\n<DriverFileName>system32\\DRIVERS\\pci.sys</DriverFileName>\n<DeviceInstanceID>PCI\\VEN_15AD&amp;DEV_07A0&amp;SUBSYS_07A015AD&amp;REV_01\\3&amp;2B8E0B4B&amp;0&amp;C2</DeviceInstanceID>\n<PrimaryService>True</PrimaryService>\n<UpdateService>True</UpdateService>\n<AddServiceStatus>0</AddServiceStatus>\n</AddServiceID>\n</UserData>\n</Event>\n",
    "<Event xmlns=\"http://schemas.microsoft.com/win/2004/08/events/event\"><System><Provider Name=\"Microsoft-Windows-UserPnp\" Guid=\"{96f4a050-7e31-453c-88be-9634f4e02139}\"></Provider>\n<EventID Qualifiers=\"\">20001</EventID>\n<Version>0</Version>\n<Level>4</Level>\n<Task>7005</Task>\n<Opcode>0</Opcode>\n<Keywords>0x8000000000000000</Keywords>\n<TimeCreated SystemTime=\"2024-12-18 09:11:49.676081\"></TimeCreated>\n<EventRecordID>266</EventRecordID>\n<Correlation ActivityID=\"\" RelatedActivityID=\"\"></Correlation>\n<Execution ProcessID=\"2032\" ThreadID=\"1976\"></Execution>\n<Channel>System</Channel>\n<Computer>37L4247F27-25</Computer>\n<Security UserID=\"S-1-5-18\"></Security>\n</System>\n<UserData><InstallDeviceID xmlns:auto-ns2=\"http://schemas.microsoft.com/win/2004/08/events\" xmlns=\"http://manifests.microsoft.com/win/2004/08/windows/userpnp\"><DriverName>FileRepository\\machine.inf_amd64_neutral_a2f120466549d68b\\machine.inf</DriverName>\n<DriverVersion>6.1.7601.17514</DriverVersion>\n<DriverProvider>Microsoft</DriverProvider>\n<DeviceInstanceID>PCI\\VEN_15AD&amp;DEV_07A0&amp;SUBSYS_07A015AD&amp;REV_01\\3&amp;2B8E0B4B&amp;0&amp;C2</DeviceInstanceID>\n<SetupClass>{4d36e97d-e325-11ce-bfc1-08002be10318}</SetupClass>\n<RebootOption>False</RebootOption>\n<UpgradeDevice>False</UpgradeDevice>\n<IsDriverOEM>False</IsDriverOEM>\n<InstallStatus>0x00000000</InstallStatus>\n<DriverDescription>PCI Express standard Root Port</DriverDescription>\n</InstallDeviceID>\n</UserData>\n</Event>\n",
    "<Event xmlns=\"http://schemas.microsoft.com/win/2004/08/events/event\"><System><Provider Name=\"Microsoft-Windows-UserPnp\" Guid=\"{96f4a050-7e31-453c-88be-9634f4e02139}\"></Provider>\n<EventID Qualifiers=\"\">20001</EventID>\n<Version>0</Version>\n<Level>4</Level>\n<Task>7005</Task>\n<Opcode>0</Opcode>\n<Keywords>0x8000000000000000</Keywords>\n<TimeCreated SystemTime=\"2024-12-18 09:11:49.847681\"></TimeCreated>\n<EventRecordID>267</EventRecordID>\n<Correlation ActivityID=\"\" RelatedActivityID=\"\"></Correlation>\n<Execution ProcessID=\"1872\" ThreadID=\"1368\"></Execution>\n<Channel>System</Channel>\n<Computer>37L4247F27-25</Computer>\n<Security UserID=\"S-1-5-18\"></Security>\n</System>\n<UserData><InstallDeviceID xmlns:auto-ns2=\"http://schemas.microsoft.com/win/2004/08/events\" xmlns=\"http://manifests.microsoft.com/win/2004/08/windows/userpnp\"><DriverName>FileRepository\\machine.inf_amd64_neutral_a2f120466549d68b\\machine.inf</DriverName>\n<DriverVersion>6.1.7601.17514</DriverVersion>\n<DriverProvider>Microsoft</DriverProvider>\n<DeviceInstanceID>ACPI\\PNP0A05\\25</DeviceInstanceID>\n<SetupClass>{4d36e97d-e325-11ce-bfc1-08002be10318}</SetupClass>\n<RebootOption>False</RebootOption>\n<UpgradeDevice>False</UpgradeDevice>\n<IsDriverOEM>False</IsDriverOEM>\n<InstallStatus>0x00000000</InstallStatus>\n<DriverDescription>Generic Bus</DriverDescription>\n</InstallDeviceID>\n</UserData>\n</Event>\n",
    "<Event xmlns=\"http://schemas.microsoft.com/win/2004/08/events/event\"><System><Provider Name=\"Microsoft-Windows-UserPnp\" Guid=\"{96f4a050-7e31-453c-88be-9634f4e02139}\"></Provider>\n<EventID Qualifiers=\"\">20001</EventID>\n<Version>0</Version>\n<Level>4</Level>\n<Task>7005</Task>\n<Opcode>0</Opcode>\n<Keywords>0x8000000000000000</Keywords>\n<TimeCreated SystemTime=\"2024-12-18 09:11:50.019281\"></TimeCreated>\n<EventRecordID>268</EventRecordID>\n<Correlation ActivityID=\"\" RelatedActivityID=\"\"></Correlation>\n<Execution ProcessID=\"2040\" ThreadID=\"1928\"></Execution>\n<Channel>System</Channel>\n<Computer>37L4247F27-25</Computer>\n<Security UserID=\"S-1-5-18\"></Security>\n</System>\n<UserData><InstallDeviceID xmlns:auto-ns2=\"http://schemas.microsoft.com/win/2004/08/events\" xmlns=\"http://manifests.microsoft.com/win/2004/08/windows/userpnp\"><DriverName>FileRepository\\machine.inf_amd64_neutral_a2f120466549d68b\\machine.inf</DriverName>\n<DriverVersion>6.1.7601.17514</DriverVersion>\n<DriverProvider>Microsoft</DriverProvider>\n<DeviceInstanceID>ACPI\\PNP0A05\\24</DeviceInstanceID>\n<SetupClass>{4d36e97d-e325-11ce-bfc1-08002be10318}</SetupClass>\n<RebootOption>False</RebootOption>\n<UpgradeDevice>False</UpgradeDevice>\n<IsDriverOEM>False</IsDriverOEM>\n<InstallStatus>0x00000000</InstallStatus>\n<DriverDescription>Generic Bus</DriverDescription>\n</InstallDeviceID>\n</UserData>\n</Event>\n",
    "<Event xmlns=\"http://schemas.microsoft.com/win/2004/08/events/event\"><System><Provider Name=\"Microsoft-Windows-UserPnp\" Guid=\"{96f4a050-7e31-453c-88be-9634f4e02139}\"></Provider>\n<EventID Qualifiers=\"\">20003</EventID>\n<Version>0</Version>\n<Level>4</Level>\n<Task>7005</Task>\n<Opcode>0</Opcode>\n<Keywords>0x8000000000000000</Keywords>\n<TimeCreated SystemTime=\"2024-12-18 09:11:50.175282\"></TimeCreated>\n<EventRecordID>269</EventRecordID>\n<Correlation ActivityID=\"\" RelatedActivityID=\"\"></Correlation>\n<Execution ProcessID=\"1560\" ThreadID=\"1584\"></Execution>\n<Channel>System</Channel>\n<Computer>37L4247F27-25</Computer>\n<Security UserID=\"S-1-5-18\"></Security>\n</System>\n<UserData><AddServiceID xmlns:auto-ns2=\"http://schemas.microsoft.com/win/2004/08/events\" xmlns=\"http://manifests.microsoft.com/win/2004/08/windows/userpnp\"><ServiceName>pci</ServiceName>\n<DriverFileName>system32\\DRIVERS\\pci.sys</DriverFileName>\n<DeviceInstanceID>PCI\\VEN_15AD&amp;DEV_07A0&amp;SUBSYS_07A015AD&amp;REV_01\\3&amp;2B8E0B4B&amp;0&amp;AB</DeviceInstanceID>\n<PrimaryService>True</PrimaryService>\n<UpdateService>True</UpdateService>\n<AddServiceStatus>0</AddServiceStatus>\n</AddServiceID>\n</UserData>\n</Event>\n",
    "<Event xmlns=\"http://schemas.microsoft.com/win/2004/08/events/event\"><System><Provider Name=\"Microsoft-Windows-UserPnp\" Guid=\"{96f4a050-7e31-453c-88be-9634f4e02139}\"></Provider>\n<EventID Qualifiers=\"\">20001</EventID>\n<Version>0</Version>\n<Level>4</Level>\n<Task>7005</Task>\n<Opcode>0</Opcode>\n<Keywords>0x8000000000000000</Keywords>\n<TimeCreated SystemTime=\"2024-12-18 09:11:50.393682\"></TimeCreated>\n<EventRecordID>270</EventRecordID>\n<Correlation ActivityID=\"\" RelatedActivityID=\"\"></Correlation>\n<Execution ProcessID=\"1560\" ThreadID=\"1584\"></Execution>\n<Channel>System</Channel>\n<Computer>37L4247F27-25</Computer>\n<Security UserID=\"S-1-5-18\"></Security>\n</System>\n<UserData><InstallDeviceID xmlns:auto-ns2=\"http://schemas.microsoft.com/win/2004/08/events\" xmlns=\"http://manifests.microsoft.com/win/2004/08/windows/userpnp\"><DriverName>FileRepository\\machine.inf_amd64_neutral_a2f120466549d68b\\machine.inf</DriverName>\n<DriverVersion>6.1.7601.17514</DriverVersion>\n<DriverProvider>Microsoft</DriverProvider>\n<DeviceInstanceID>PCI\\VEN_15AD&amp;DEV_07A0&amp;SUBSYS_07A015AD&amp;REV_01\\3&amp;2B8E0B4B&amp;0&amp;AB</DeviceInstanceID>\n<SetupClass>{4d36e97d-e325-11ce-bfc1-08002be10318}</SetupClass>\n<RebootOption>False</RebootOption>\n<UpgradeDevice>False</UpgradeDevice>\n<IsDriverOEM>False</IsDriverOEM>\n<InstallStatus>0x00000000</InstallStatus>\n<DriverDescription>PCI Express standard Root Port</DriverDescription>\n</InstallDeviceID>\n</UserData>\n</Event>\n",
    "<Event xmlns=\"http://schemas.microsoft.com/win/2004/08/events/event\"><System><Provider Name=\"Microsoft-Windows-UserPnp\" Guid=\"{96f4a050-7e31-453c-88be-9634f4e02139}\"></Provider>\n<EventID Qualifiers=\"\">20003</EventID>\n<Version>0</Version>\n<Level>4</Level>\n<Task>7005</Task>\n<Opcode>0</Opcode>\n<Keywords>0x8000000000000000</Keywords>\n<TimeCreated SystemTime=\"2024-12-18 09:11:50.424883\"></TimeCreated>\n<EventRecordID>271</EventRecordID>\n<Correlation ActivityID=\"\" RelatedActivityID=\"\"></Correlation>\n<Execution ProcessID=\"1784\" ThreadID=\"1688\"></Execution>\n<Channel>System</Channel>\n<Computer>37L4247F27-25</Computer>\n<Security UserID=\"S-1-5-18\"></Security>\n</System>\n<UserData><AddServiceID xmlns:auto-ns2=\"http://schemas.microsoft.com/win/2004/08/events\" xmlns=\"http://manifests.microsoft.com/win/2004/08/windows/userpnp\"><ServiceName>pci</ServiceName>\n<DriverFileName>system32\\DRIVERS\\pci.sys</DriverFileName>\n<DeviceInstanceID>PCI\\VEN_15AD&amp;DEV_07A0&amp;SUBSYS_07A015AD&amp;REV_01\\3&amp;2B8E0B4B&amp;0&amp;B3</DeviceInstanceID>\n<PrimaryService>True</PrimaryService>\n<UpdateService>True</UpdateService>\n<AddServiceStatus>0</AddServiceStatus>\n</AddServiceID>\n</UserData>\n</Event>\n",
    "<Event xmlns=\"http://schemas.microsoft.com/win/2004/08/events/event\"><System><Provider Name=\"Microsoft-Windows-UserPnp\" Guid=\"{96f4a050-7e31-453c-88be-9634f4e02139}\"></Provider>\n<EventID Qualifiers=\"\">20001</EventID>\n<Version>0</Version>\n<Level>4</Level>\n<Task>7005</Task>\n<Opcode>0</Opcode>\n<Keywords>0x8000000000000000</Keywords>\n<TimeCreated SystemTime=\"2024-12-18 09:11:50.643282\"></TimeCreated>\n<EventRecordID>272</EventRecordID>\n<Correlation ActivityID=\"\" RelatedActivityID=\"\"></Correlation>\n<Execution ProcessID=\"1784\" ThreadID=\"1688\"></Execution>\n<Channel>System</Channel>\n<Computer>37L4247F27-25</Computer>\n<Security UserID=\"S-1-5-18\"></Security>\n</System>\n<UserData><InstallDeviceID xmlns:auto-ns2=\"http://schemas.microsoft.com/win/2004/08/events\" xmlns=\"http://manifests.microsoft.com/win/2004/08/windows/userpnp\"><DriverName>FileRepository\\machine.inf_amd64_neutral_a2f120466549d68b\\machine.inf</DriverName>\n<DriverVersion>6.1.7601.17514</DriverVersion>\n<DriverProvider>Microsoft</DriverProvider>\n<DeviceInstanceID>PCI\\VEN_15AD&amp;DEV_07A0&amp;SUBSYS_07A015AD&amp;REV_01\\3&amp;2B8E0B4B&amp;0&amp;B3</DeviceInstanceID>\n<SetupClass>{4d36e97d-e325-11ce-bfc1-08002be10318}</SetupClass>\n<RebootOption>False</RebootOption>\n<UpgradeDevice>False</UpgradeDevice>\n<IsDriverOEM>False</IsDriverOEM>\n<InstallStatus>0x00000000</InstallStatus>\n<DriverDescription>PCI Express standard Root Port</DriverDescription>\n</InstallDeviceID>\n</UserData>\n</Event>\n",
    "<Event xmlns=\"http://schemas.microsoft.com/win/2004/08/events/event\"><System><Provider Name=\"Microsoft-Windows-UserPnp\" Guid=\"{96f4a050-7e31-453c-88be-9634f4e02139}\"></Provider>\n<EventID Qualifiers=\"\">20001</EventID>\n<Version>0</Version>\n<Level>4</Level>\n<Task>7005</Task>\n<Opcode>0</Opcode>\n<Keywords>0x8000000000000000</Keywords>\n<TimeCreated SystemTime=\"2024-12-18 09:11:50.814882\"></TimeCreated>\n<EventRecordID>273</EventRecordID>\n<Correlation ActivityID=\"\" RelatedActivityID=\"\"></Correlation>\n<Execution ProcessID=\"1580\" ThreadID=\"1648\"></Execution>\n<Channel>System</Channel>\n<Computer>37L4247F27-25</Computer>\n<Security UserID=\"S-1-5-18\"></Security>\n</System>\n<UserData><InstallDeviceID xmlns:auto-ns2=\"http://schemas.microsoft.com/win/2004/08/events\" xmlns=\"http://manifests.microsoft.com/win/2004/08/windows/userpnp\"><DriverName>FileRepository\\machine.inf_amd64_neutral_a2f120466549d68b\\machine.inf</DriverName>\n<DriverVersion>6.1.7601.17514</DriverVersion>\n<DriverProvider>Microsoft</DriverProvider>\n<DeviceInstanceID>ACPI\\PNP0A05\\26</DeviceInstanceID>\n<SetupClass>{4d36e97d-e325-11ce-bfc1-08002be10318}</SetupClass>\n<RebootOption>False</RebootOption>\n<UpgradeDevice>False</UpgradeDevice>\n<IsDriverOEM>False</IsDriverOEM>\n<InstallStatus>0x00000000</InstallStatus>\n<DriverDescription>Generic Bus</DriverDescription>\n</InstallDeviceID>\n</UserData>\n</Event>\n",
    "<Event xmlns=\"http://schemas.microsoft.com/win/2004/08/events/event\"><System><Provider Name=\"Microsoft-Windows-UserPnp\" Guid=\"{96f4a050-7e31-453c-88be-9634f4e02139}\"></Provider>\n<EventID Qualifiers=\"\">20003</EventID>\n<Version>0</Version>\n<Level>4</Level>\n<Task>7005</Task>\n<Opcode>0</Opcode>\n<Keywords>0x8000000000000000</Keywords>\n<TimeCreated SystemTime=\"2024-12-18 09:11:50.846083\"></TimeCreated>\n<EventRecordID>274</EventRecordID>\n<Correlation ActivityID=\"\" RelatedActivityID=\"\"></Correlation>\n<Execution ProcessID=\"1388\" ThreadID=\"1392\"></Execution>\n<Channel>System</Channel>\n<Computer>37L4247F27-25</Computer>\n<Security UserID=\"S-1-5-18\"></Security>\n</System>\n<UserData><AddServiceID xmlns:auto-ns2=\"http://schemas.microsoft.com/win/2004/08/events\" xmlns=\"http://manifests.microsoft.com/win/2004/08/windows/userpnp\"><ServiceName>pci</ServiceName>\n<DriverFileName>system32\\DRIVERS\\pci.sys</DriverFileName>\n<DeviceInstanceID>PCI\\VEN_15AD&amp;DEV_07A0&amp;SUBSYS_07A015AD&amp;REV_01\\3&amp;2B8E0B4B&amp;0&amp;BB</DeviceInstanceID>\n<PrimaryService>True</PrimaryService>\n<UpdateService>True</UpdateService>\n<AddServiceStatus>0</AddServiceStatus>\n</AddServiceID>\n</UserData>\n</Event>\n",
    "<Event xmlns=\"http://schemas.microsoft.com/win/2004/08/events/event\"><System><Provider Name=\"Microsoft-Windows-UserPnp\" Guid=\"{96f4a050-7e31-453c-88be-9634f4e02139}\"></Provider>\n<EventID Qualifiers=\"\">20001</EventID>\n<Version>0</Version>\n<Level>4</Level>\n<Task>7005</Task>\n<Opcode>0</Opcode>\n<Keywords>0x8000000000000000</Keywords>\n<TimeCreated SystemTime=\"2024-12-18 09:11:51.064482\"></TimeCreated>\n<EventRecordID>275</EventRecordID>\n<Correlation ActivityID=\"\" RelatedActivityID=\"\"></Correlation>\n<Execution ProcessID=\"1388\" ThreadID=\"1392\"></Execution>\n<Channel>System</Channel>\n<Computer>37L4247F27-25</Computer>\n<Security UserID=\"S-1-5-18\"></Security>\n</System>\n<UserData><InstallDeviceID xmlns:auto-ns2=\"http://schemas.microsoft.com/win/2004/08/events\" xmlns=\"http://manifests.microsoft.com/win/2004/08/windows/userpnp\"><DriverName>FileRepository\\machine.inf_amd64_neutral_a2f120466549d68b\\machine.inf</DriverName>\n<DriverVersion>6.1.7601.17514</DriverVersion>\n<DriverProvider>Microsoft</DriverProvider>\n<DeviceInstanceID>PCI\\VEN_15AD&amp;DEV_07A0&amp;SUBSYS_07A015AD&amp;REV_01\\3&amp;2B8E0B4B&amp;0&amp;BB</DeviceInstanceID>\n<SetupClass>{4d36e97d-e325-11ce-bfc1-08002be10318}</SetupClass>\n<RebootOption>False</RebootOption>\n<UpgradeDevice>False</UpgradeDevice>\n<IsDriverOEM>False</IsDriverOEM>\n<InstallStatus>0x00000000</InstallStatus>\n<DriverDescription>PCI Express standard Root Port</DriverDescription>\n</InstallDeviceID>\n</UserData>\n</Event>\n",
    "<Event xmlns=\"http://schemas.microsoft.com/win/2004/08/events/event\"><System><Provider Name=\"Microsoft-Windows-UserPnp\" Guid=\"{96f4a050-7e31-453c-88be-9634f4e02139}\"></Provider>\n<EventID Qualifiers=\"\">20003</EventID>\n<Version>0</Version>\n<Level>4</Level>\n<Task>7005</Task>\n<Opcode>0</Opcode>\n<Keywords>0x8000000000000000</Keywords>\n<TimeCreated SystemTime=\"2024-12-18 09:11:51.126883\"></TimeCreated>\n<EventRecordID>276</EventRecordID>\n<Correlation ActivityID=\"\" RelatedActivityID=\"\"></Correlation>\n<Execution ProcessID=\"1472\" ThreadID=\"1820\"></Execution>\n<Channel>System</Channel>\n<Computer>37L4247F27-25</Computer>\n<Security UserID=\"S-1-5-18\"></Security>\n</System>\n<UserData><AddServiceID xmlns:auto-ns2=\"http://schemas.microsoft.com/win/2004/08/events\" xmlns=\"http://manifests.microsoft.com/win/2004/08/windows/userpnp\"><ServiceName>pci</ServiceName>\n<DriverFileName>system32\\DRIVERS\\pci.sys</DriverFileName>\n<DeviceInstanceID>PCI\\VEN_15AD&amp;DEV_07A0&amp;SUBSYS_07A015AD&amp;REV_01\\3&amp;2B8E0B4B&amp;0&amp;C3</DeviceInstanceID>\n<PrimaryService>True</PrimaryService>\n<UpdateService>True</UpdateService>\n<AddServiceStatus>0</AddServiceStatus>\n</AddServiceID>\n</UserData>\n</Event>\n",
    "<Event xmlns=\"http://schemas.microsoft.com/win/2004/08/events/event\"><System><Provider Name=\"Microsoft-Windows-UserPnp\" Guid=\"{96f4a050-7e31-453c-88be-9634f4e02139}\"></Provider>\n<EventID Qualifiers=\"\">20001</EventID>\n<Version>0</Version>\n<Level>4</Level>\n<Task>7005</Task>\n<Opcode>0</Opcode>\n<Keywords>0x8000000000000000</Keywords>\n<TimeCreated SystemTime=\"2024-12-18 09:11:51.345284\"></TimeCreated>\n<EventRecordID>277</EventRecordID>\n<Correlation ActivityID=\"\" RelatedActivityID=\"\"></Correlation>\n<Execution ProcessID=\"1472\" ThreadID=\"1820\"></Execution>\n<Channel>System</Channel>\n<Computer>37L4247F27-25</Computer>\n<Security UserID=\"S-1-5-18\"></Security>\n</System>\n<UserData><InstallDeviceID xmlns:auto-ns2=\"http://schemas.microsoft.com/win/2004/08/events\" xmlns=\"http://manifests.microsoft.com/win/2004/08/windows/userpnp\"><DriverName>FileRepository\\machine.inf_amd64_neutral_a2f120466549d68b\\machine.inf</DriverName>\n<DriverVersion>6.1.7601.17514</DriverVersion>\n<DriverProvider>Microsoft</DriverProvider>\n<DeviceInstanceID>PCI\\VEN_15AD&amp;DEV_07A0&amp;SUBSYS_07A015AD&amp;REV_01\\3&amp;2B8E0B4B&amp;0&amp;C3</DeviceInstanceID>\n<SetupClass>{4d36e97d-e325-11ce-bfc1-08002be10318}</SetupClass>\n<RebootOption>False</RebootOption>\n<UpgradeDevice>False</UpgradeDevice>\n<IsDriverOEM>False</IsDriverOEM>\n<InstallStatus>0x00000000</InstallStatus>\n<DriverDescription>PCI Express standard Root Port</DriverDescription>\n</InstallDeviceID>\n</UserData>\n</Event>\n",
    "<Event xmlns=\"http://schemas.microsoft.com/win/2004/08/events/event\"><System><Provider Name=\"Microsoft-Windows-UserPnp\" Guid=\"{96f4a050-7e31-453c-88be-9634f4e02139}\"></Provider>\n<EventID Qualifiers=\"\">20003</EventID>\n<Version>0</Version>\n<Level>4</Level>\n<Task>7005</Task>\n<Opcode>0</Opcode>\n<Keywords>0x8000000000000000</Keywords>\n<TimeCreated SystemTime=\"2024-12-18 09:11:51.423285\"></TimeCreated>\n<EventRecordID>278</EventRecordID>\n<Correlation ActivityID=\"\" RelatedActivityID=\"\"></Correlation>\n<Execution ProcessID=\"1760\" ThreadID=\"1740\"></Execution>\n<Channel>System</Channel>\n<Computer>37L4247F27-25</Computer>\n<Security UserID=\"S-1-5-18\"></Security>\n</System>\n<UserData><AddServiceID xmlns:auto-ns2=\"http://schemas.microsoft.com/win/2004/08/events\" xmlns=\"http://manifests.microsoft.com/win/2004/08/windows/userpnp\"><ServiceName>pci</ServiceName>\n<DriverFileName>system32\\DRIVERS\\pci.sys</DriverFileName>\n<DeviceInstanceID>PCI\\VEN_15AD&amp;DEV_07A0&amp;SUBSYS_07A015AD&amp;REV_01\\3&amp;2B8E0B4B&amp;0&amp;AC</DeviceInstanceID>\n<PrimaryService>True</PrimaryService>\n<UpdateService>True</UpdateService>\n<AddServiceStatus>0</AddServiceStatus>\n</AddServiceID>\n</UserData>\n</Event>\n",
    "<Event xmlns=\"http://schemas.microsoft.com/win/2004/08/events/event\"><System><Provider Name=\"Microsoft-Windows-UserPnp\" Guid=\"{96f4a050-7e31-453c-88be-9634f4e02139}\"></Provider>\n<EventID Qualifiers=\"\">20001</EventID>\n<Version>0</Version>\n<Level>4</Level>\n<Task>7005</Task>\n<Opcode>0</Opcode>\n<Keywords>0x8000000000000000</Keywords>\n<TimeCreated SystemTime=\"2024-12-18 09:11:51.657284\"></TimeCreated>\n<EventRecordID>279</EventRecordID>\n<Correlation ActivityID=\"\" RelatedActivityID=\"\"></Correlation>\n<Execution ProcessID=\"1760\" ThreadID=\"1740\"></Execution>\n<Channel>System</Channel>\n<Computer>37L4247F27-25</Computer>\n<Security UserID=\"S-1-5-18\"></Security>\n</System>\n<UserData><InstallDeviceID xmlns:auto-ns2=\"http://schemas.microsoft.com/win/2004/08/events\" xmlns=\"http://manifests.microsoft.com/win/2004/08/windows/userpnp\"><DriverName>FileRepository\\machine.inf_amd64_neutral_a2f120466549d68b\\machine.inf</DriverName>\n<DriverVersion>6.1.7601.17514</DriverVersion>\n<DriverProvider>Microsoft</DriverProvider>\n<DeviceInstanceID>PCI\\VEN_15AD&amp;DEV_07A0&amp;SUBSYS_07A015AD&amp;REV_01\\3&amp;2B8E0B4B&amp;0&amp;AC</DeviceInstanceID>\n<SetupClass>{4d36e97d-e325-11ce-bfc1-08002be10318}</SetupClass>\n<RebootOption>False</RebootOption>\n<UpgradeDevice>False</UpgradeDevice>\n<IsDriverOEM>False</IsDriverOEM>\n<InstallStatus>0x00000000</InstallStatus>\n<DriverDescription>PCI Express standard Root Port</DriverDescription>\n</InstallDeviceID>\n</UserData>\n</Event>\n",
    "<Event xmlns=\"http://schemas.microsoft.com/win/2004/08/events/event\"><System><Provider Name=\"Microsoft-Windows-UserPnp\" Guid=\"{96f4a050-7e31-453c-88be-9634f4e02139}\"></Provider>\n<EventID Qualifiers=\"\">20003</EventID>\n<Version>0</Version>\n<Level>4</Level>\n<Task>7005</Task>\n<Opcode>0</Opcode>\n<Keywords>0x8000000000000000</Keywords>\n<TimeCreated SystemTime=\"2024-12-18 09:11:51.766483\"></TimeCreated>\n<EventRecordID>280</EventRecordID>\n<Correlation ActivityID=\"\" RelatedActivityID=\"\"></Correlation>\n<Execution ProcessID=\"1400\" ThreadID=\"1800\"></Execution>\n<Channel>System</Channel>\n<Computer>37L4247F27-25</Computer>\n<Security UserID=\"S-1-5-18\"></Security>\n</System>\n<UserData><AddServiceID xmlns:auto-ns2=\"http://schemas.microsoft.com/win/2004/08/events\" xmlns=\"http://manifests.microsoft.com/win/2004/08/windows/userpnp\"><ServiceName>pci</ServiceName>\n<DriverFileName>system32\\DRIVERS\\pci.sys</DriverFileName>\n<DeviceInstanceID>PCI\\VEN_15AD&amp;DEV_07A0&amp;SUBSYS_07A015AD&amp;REV_01\\3&amp;2B8E0B4B&amp;0&amp;B4</DeviceInstanceID>\n<PrimaryService>True</PrimaryService>\n<UpdateService>True</UpdateService>\n<AddServiceStatus>0</AddServiceStatus>\n</AddServiceID>\n</UserData>\n</Event>\n",
    "<Event xmlns=\"http://schemas.microsoft.com/win/2004/08/events/event\"><System><Provider Name=\"Microsoft-Windows-UserPnp\" Guid=\"{96f4a050-7e31-453c-88be-9634f4e02139}\"></Provider>\n<EventID Qualifiers=\"\">20001</EventID>\n<Version>0</Version>\n<Level>4</Level>\n<Task>7005</Task>\n<Opcode>0</Opcode>\n<Keywords>0x8000000000000000</Keywords>\n<TimeCreated SystemTime=\"2024-12-18 09:11:51.984884\"></TimeCreated>\n<EventRecordID>281</EventRecordID>\n<Correlation ActivityID=\"\" RelatedActivityID=\"\"></Correlation>\n<Execution ProcessID=\"1400\" ThreadID=\"1800\"></Execution>\n<Channel>System</Channel>\n<Computer>37L4247F27-25</Computer>\n<Security UserID=\"S-1-5-18\"></Security>\n</System>\n<UserData><InstallDeviceID xmlns:auto-ns2=\"http://schemas.microsoft.com/win/2004/08/events\" xmlns=\"http://manifests.microsoft.com/win/2004/08/windows/userpnp\"><DriverName>FileRepository\\machine.inf_amd64_neutral_a2f120466549d68b\\machine.inf</DriverName>\n<DriverVersion>6.1.7601.17514</DriverVersion>\n<DriverProvider>Microsoft</DriverProvider>\n<DeviceInstanceID>PCI\\VEN_15AD&amp;DEV_07A0&amp;SUBSYS_07A015AD&amp;REV_01\\3&amp;2B8E0B4B&amp;0&amp;B4</DeviceInstanceID>\n<SetupClass>{4d36e97d-e325-11ce-bfc1-08002be10318}</SetupClass>\n<RebootOption>False</RebootOption>\n<UpgradeDevice>False</UpgradeDevice>\n<IsDriverOEM>False</IsDriverOEM>\n<InstallStatus>0x00000000</InstallStatus>\n<DriverDescription>PCI Express standard Root Port</DriverDescription>\n</InstallDeviceID>\n</UserData>\n</Event>\n",
    "<Event xmlns=\"http://schemas.microsoft.com/win/2004/08/events/event\"><System><Provider Name=\"Microsoft-Windows-UserPnp\" Guid=\"{96f4a050-7e31-453c-88be-9634f4e02139}\"></Provider>\n<EventID Qualifiers=\"\">20003</EventID>\n<Version>0</Version>\n<Level>4</Level>\n<Task>7005</Task>\n<Opcode>0</Opcode>\n<Keywords>0x8000000000000000</Keywords>\n<TimeCreated SystemTime=\"2024-12-18 09:11:52.078484\"></TimeCreated>\n<EventRecordID>282</EventRecordID>\n<Correlation ActivityID=\"\" RelatedActivityID=\"\"></Correlation>\n<Execution ProcessID=\"1796\" ThreadID=\"1676\"></Execution>\n<Channel>System</Channel>\n<Computer>37L4247F27-25</Computer>\n<Security UserID=\"S-1-5-18\"></Security>\n</System>\n<UserData><AddServiceID xmlns:auto-ns2=\"http://schemas.microsoft.com/win/2004/08/events\" xmlns=\"http://manifests.microsoft.com/win/2004/08/windows/userpnp\"><ServiceName>msisadrv</ServiceName>\n<DriverFileName>system32\\DRIVERS\\msisadrv.sys</DriverFileName>\n<DeviceInstanceID>PCI\\VEN_8086&amp;DEV_7110&amp;SUBSYS_197615AD&amp;REV_08\\3&amp;2B8E0B4B&amp;0&amp;38</DeviceInstanceID>\n<PrimaryService>True</PrimaryService>\n<UpdateService>True</UpdateService>\n<AddServiceStatus>0</AddServiceStatus>\n</AddServiceID>\n</UserData>\n</Event>\n",
    "<Event xmlns=\"http://schemas.microsoft.com/win/2004/08/events/event\"><System><Provider Name=\"Microsoft-Windows-UserPnp\" Guid=\"{96f4a050-7e31-453c-88be-9634f4e02139}\"></Provider>\n<EventID Qualifiers=\"\">20001</EventID>\n<Version>0</Version>\n<Level>4</Level>\n<Task>7005</Task>\n<Opcode>0</Opcode>\n<Keywords>0x8000000000000000</Keywords>\n<TimeCreated SystemTime=\"2024-12-18 09:11:52.156485\"></TimeCreated>\n<EventRecordID>283</EventRecordID>\n<Correlation ActivityID=\"\" RelatedActivityID=\"\"></Correlation>\n<Execution ProcessID=\"1796\" ThreadID=\"1676\"></Execution>\n<Channel>System</Channel>\n<Computer>37L4247F27-25</Computer>\n<Security UserID=\"S-1-5-18\"></Security>\n</System>\n<UserData><InstallDeviceID xmlns:auto-ns2=\"http://schemas.microsoft.com/win/2004/08/events\" xmlns=\"http://manifests.microsoft.com/win/2004/08/windows/userpnp\"><DriverName>FileRepository\\machine.inf_amd64_neutral_a2f120466549d68b\\machine.inf</DriverName>\n<DriverVersion>6.1.7601.17514</DriverVersion>\n<DriverProvider>Microsoft</DriverProvider>\n<DeviceInstanceID>PCI\\VEN_8086&amp;DEV_7110&amp;SUBSYS_197615AD&amp;REV_08\\3&amp;2B8E0B4B&amp;0&amp;38</DeviceInstanceID>\n<SetupClass>{4d36e97d-e325-11ce-bfc1-08002be10318}</SetupClass>\n<RebootOption>True</RebootOption>\n<UpgradeDevice>False</UpgradeDevice>\n<IsDriverOEM>False</IsDriverOEM>\n<InstallStatus>0x00000000</InstallStatus>\n<DriverDescription>Intel 82371AB/EB PCI to ISA bridge (ISA mode)</DriverDescription>\n</InstallDeviceID>\n</UserData>\n</Event>\n",
    "<Event xmlns=\"http://schemas.microsoft.com/win/2004/08/events/event\"><System><Provider Name=\"Microsoft-Windows-UserPnp\" Guid=\"{96f4a050-7e31-453c-88be-9634f4e02139}\"></Provider>\n<EventID Qualifiers=\"\">20001</EventID>\n<Version>0</Version>\n<Level>4</Level>\n<Task>7005</Task>\n<Opcode>0</Opcode>\n<Keywords>0x8000000000000000</Keywords>\n<TimeCreated SystemTime=\"2024-12-18 09:11:52.328085\"></TimeCreated>\n<EventRecordID>284</EventRecordID>\n<Correlation ActivityID=\"\" RelatedActivityID=\"\"></Correlation>\n<Execution ProcessID=\"1832\" ThreadID=\"1728\"></Execution>\n<Channel>System</Channel>\n<Computer>37L4247F27-25</Computer>\n<Security UserID=\"S-1-5-18\"></Security>\n</System>\n<UserData><InstallDeviceID xmlns:auto-ns2=\"http://schemas.microsoft.com/win/2004/08/events\" xmlns=\"http://manifests.microsoft.com/win/2004/08/windows/userpnp\"><DriverName>FileRepository\\machine.inf_amd64_neutral_a2f120466549d68b\\machine.inf</DriverName>\n<DriverVersion>6.1.7601.17514</DriverVersion>\n<DriverProvider>Microsoft</DriverProvider>\n<DeviceInstanceID>ACPI\\PNP0A05\\27</DeviceInstanceID>\n<SetupClass>{4d36e97d-e325-11ce-bfc1-08002be10318}</SetupClass>\n<RebootOption>False</RebootOption>\n<UpgradeDevice>False</UpgradeDevice>\n<IsDriverOEM>False</IsDriverOEM>\n<InstallStatus>0x00000000</InstallStatus>\n<DriverDescription>Generic Bus</DriverDescription>\n</InstallDeviceID>\n</UserData>\n</Event>\n",
    "<Event xmlns=\"http://schemas.microsoft.com/win/2004/08/events/event\"><System><Provider Name=\"Microsoft-Windows-UserPnp\" Guid=\"{96f4a050-7e31-453c-88be-9634f4e02139}\"></Provider>\n<EventID Qualifiers=\"\">20001</EventID>\n<Version>0</Version>\n<Level>4</Level>\n<Task>7005</Task>\n<Opcode>0</Opcode>\n<Keywords>0x8000000000000000</Keywords>\n<TimeCreated SystemTime=\"2024-12-18 09:11:52.437286\"></TimeCreated>\n<EventRecordID>285</EventRecordID>\n<Correlation ActivityID=\"\" RelatedActivityID=\"\"></Correlation>\n<Execution ProcessID=\"1596\" ThreadID=\"1776\"></Execution>\n<Channel>System</Channel>\n<Computer>37L4247F27-25</Computer>\n<Security UserID=\"S-1-5-18\"></Security>\n</System>\n<UserData><InstallDeviceID xmlns:auto-ns2=\"http://schemas.microsoft.com/win/2004/08/events\" xmlns=\"http://manifests.microsoft.com/win/2004/08/windows/userpnp\"><DriverName>NULL Driver</DriverName>\n<DriverVersion>0</DriverVersion>\n<DriverProvider></DriverProvider>\n<DeviceInstanceID>PCI\\VEN_15AD&amp;DEV_0740&amp;SUBSYS_074015AD&amp;REV_10\\3&amp;2B8E0B4B&amp;0&amp;3F</DeviceInstanceID>\n<SetupClass>{00000000-0000-0000-0000-000000000000}</SetupClass>\n<RebootOption>False</RebootOption>\n<UpgradeDevice>False</UpgradeDevice>\n<IsDriverOEM>False</IsDriverOEM>\n<InstallStatus>0x00000000</InstallStatus>\n<DriverDescription></DriverDescription>\n</InstallDeviceID>\n</UserData>\n</Event>\n",
    "<Event xmlns=\"http://schemas.microsoft.com/win/2004/08/events/event\"><System><Provider Name=\"Microsoft-Windows-UserPnp\" Guid=\"{96f4a050-7e31-453c-88be-9634f4e02139}\"></Provider>\n<EventID Qualifiers=\"\">20003</EventID>\n<Version>0</Version>\n<Level>4</Level>\n<Task>7005</Task>\n<Opcode>0</Opcode>\n<Keywords>0x8000000000000000</Keywords>\n<TimeCreated SystemTime=\"2024-12-18 09:11:52.468485\"></TimeCreated>\n<EventRecordID>286</EventRecordID>\n<Correlation ActivityID=\"\" RelatedActivityID=\"\"></Correlation>\n<Execution ProcessID=\"1952\" ThreadID=\"1720\"></Execution>\n<Channel>System</Channel>\n<Computer>37L4247F27-25</Computer>\n<Security UserID=\"S-1-5-18\"></Security>\n</System>\n<UserData><AddServiceID xmlns:auto-ns2=\"http://schemas.microsoft.com/win/2004/08/events\" xmlns=\"http://manifests.microsoft.com/win/2004/08/windows/userpnp\"><ServiceName>pci</ServiceName>\n<DriverFileName>system32\\DRIVERS\\pci.sys</DriverFileName>\n<DeviceInstanceID>PCI\\VEN_15AD&amp;DEV_07A0&amp;SUBSYS_07A015AD&amp;REV_01\\3&amp;2B8E0B4B&amp;0&amp;BC</DeviceInstanceID>\n<PrimaryService>True</PrimaryService>\n<UpdateService>True</UpdateService>\n<AddServiceStatus>0</AddServiceStatus>\n</AddServiceID>\n</UserData>\n</Event>\n",
    "<Event xmlns=\"http://schemas.microsoft.com/win/2004/08/events/event\"><System><Provider Name=\"Microsoft-Windows-UserPnp\" Guid=\"{96f4a050-7e31-453c-88be-9634f4e02139}\"></Provider>\n<EventID Qualifiers=\"\">20001</EventID>\n<Version>0</Version>\n<Level>4</Level>\n<Task>7005</Task>\n<Opcode>0</Opcode>\n<Keywords>0x8000000000000000</Keywords>\n<TimeCreated SystemTime=\"2024-12-18 09:11:52.686886\"></TimeCreated>\n<EventRecordID>287</EventRecordID>\n<Correlation ActivityID=\"\" RelatedActivityID=\"\"></Correlation>\n<Execution ProcessID=\"1952\" ThreadID=\"1720\"></Execution>\n<Channel>System</Channel>\n<Computer>37L4247F27-25</Computer>\n<Security UserID=\"S-1-5-18\"></Security>\n</System>\n<UserData><InstallDeviceID xmlns:auto-ns2=\"http://schemas.microsoft.com/win/2004/08/events\" xmlns=\"http://manifests.microsoft.com/win/2004/08/windows/userpnp\"><DriverName>FileRepository\\machine.inf_amd64_neutral_a2f120466549d68b\\machine.inf</DriverName>\n<DriverVersion>6.1.7601.17514</DriverVersion>\n<DriverProvider>Microsoft</DriverProvider>\n<DeviceInstanceID>PCI\\VEN_15AD&amp;DEV_07A0&amp;SUBSYS_07A015AD&amp;REV_01\\3&amp;2B8E0B4B&amp;0&amp;BC</DeviceInstanceID>\n<SetupClass>{4d36e97d-e325-11ce-bfc1-08002be10318}</SetupClass>\n<RebootOption>False</RebootOption>\n<UpgradeDevice>False</UpgradeDevice>\n<IsDriverOEM>False</IsDriverOEM>\n<InstallStatus>0x00000000</InstallStatus>\n<DriverDescription>PCI Express standard Root Port</DriverDescription>\n</InstallDeviceID>\n</UserData>\n</Event>\n",
    "<Event xmlns=\"http://schemas.microsoft.com/win/2004/08/events/event\"><System><Provider Name=\"Microsoft-Windows-UserPnp\" Guid=\"{96f4a050-7e31-453c-88be-9634f4e02139}\"></Provider>\n<EventID Qualifiers=\"\">20001</EventID>\n<Version>0</Version>\n<Level>4</Level>\n<Task>7005</Task>\n<Opcode>0</Opcode>\n<Keywords>0x8000000000000000</Keywords>\n<TimeCreated SystemTime=\"2024-12-18 09:11:52.811686\"></TimeCreated>\n<EventRecordID>288</EventRecordID>\n<Correlation ActivityID=\"\" RelatedActivityID=\"\"></Correlation>\n<Execution ProcessID=\"1844\" ThreadID=\"2000\"></Execution>\n<Channel>System</Channel>\n<Computer>37L4247F27-25</Computer>\n<Security UserID=\"S-1-5-18\"></Security>\n</System>\n<UserData><InstallDeviceID xmlns:auto-ns2=\"http://schemas.microsoft.com/win/2004/08/events\" xmlns=\"http://manifests.microsoft.com/win/2004/08/windows/userpnp\"><DriverName>FileRepository\\machine.inf_amd64_neutral_a2f120466549d68b\\machine.inf</DriverName>\n<DriverVersion>6.1.7601.17514</DriverVersion>\n<DriverProvider>Microsoft</DriverProvider>\n<DeviceInstanceID>ACPI\\PNP0C02\\4</DeviceInstanceID>\n<SetupClass>{4d36e97d-e325-11ce-bfc1-08002be10318}</SetupClass>\n<RebootOption>False</RebootOption>\n<UpgradeDevice>False</UpgradeDevice>\n<IsDriverOEM>False</IsDriverOEM>\n<InstallStatus>0x00000000</InstallStatus>\n<DriverDescription>Motherboard resources</DriverDescription>\n</InstallDeviceID>\n</UserData>\n</Event>\n",
    "<Event xmlns=\"http://schemas.microsoft.com/win/2004/08/events/event\"><System><Provider Name=\"Microsoft-Windows-UserPnp\" Guid=\"{96f4a050-7e31-453c-88be-9634f4e02139}\"></Provider>\n<EventID Qualifiers=\"\">20003</EventID>\n<Version>0</Version>\n<Level>4</Level>\n<Task>7005</Task>\n<Opcode>0</Opcode>\n<Keywords>0x8000000000000000</Keywords>\n<TimeCreated SystemTime=\"2024-12-18 09:11:52.936485\"></TimeCreated>\n<EventRecordID>289</EventRecordID>\n<Correlation ActivityID=\"\" RelatedActivityID=\"\"></Correlation>\n<Execution ProcessID=\"1956\" ThreadID=\"752\"></Execution>\n<Channel>System</Channel>\n<Computer>37L4247F27-25</Computer>\n<Security UserID=\"S-1-5-18\"></Security>\n</System>\n<UserData><AddServiceID xmlns:auto-ns2=\"http://schemas.microsoft.com/win/2004/08/events\" xmlns=\"http://manifests.microsoft.com/win/2004/08/windows/userpnp\"><ServiceName>pci</ServiceName>\n<DriverFileName>system32\\DRIVERS\\pci.sys</DriverFileName>\n<DeviceInstanceID>PCI\\VEN_15AD&amp;DEV_07A0&amp;SUBSYS_07A015AD&amp;REV_01\\3&amp;2B8E0B4B&amp;0&amp;AD</DeviceInstanceID>\n<PrimaryService>True</PrimaryService>\n<UpdateService>True</UpdateService>\n<AddServiceStatus>0</AddServiceStatus>\n</AddServiceID>\n</UserData>\n</Event>\n",
    "<Event xmlns=\"http://schemas.microsoft.com/win/2004/08/events/event\"><System><Provider Name=\"Microsoft-Windows-UserPnp\" Guid=\"{96f4a050-7e31-453c-88be-9634f4e02139}\"></Provider>\n<EventID Qualifiers=\"\">20001</EventID>\n<Version>0</Version>\n<Level>4</Level>\n<Task>7005</Task>\n<Opcode>0</Opcode>\n<Keywords>0x8000000000000000</Keywords>\n<TimeCreated SystemTime=\"2024-12-18 09:11:53.170486\"></TimeCreated>\n<EventRecordID>290</EventRecordID>\n<Correlation ActivityID=\"\" RelatedActivityID=\"\"></Correlation>\n<Execution ProcessID=\"1956\" ThreadID=\"752\"></Execution>\n<Channel>System</Channel>\n<Computer>37L4247F27-25</Computer>\n<Security UserID=\"S-1-5-18\"></Security>\n</System>\n<UserData><InstallDeviceID xmlns:auto-ns2=\"http://schemas.microsoft.com/win/2004/08/events\" xmlns=\"http://manifests.microsoft.com/win/2004/08/windows/userpnp\"><DriverName>FileRepository\\machine.inf_amd64_neutral_a2f120466549d68b\\machine.inf</DriverName>\n<DriverVersion>6.1.7601.17514</DriverVersion>\n<DriverProvider>Microsoft</DriverProvider>\n<DeviceInstanceID>PCI\\VEN_15AD&amp;DEV_07A0&amp;SUBSYS_07A015AD&amp;REV_01\\3&amp;2B8E0B4B&amp;0&amp;AD</DeviceInstanceID>\n<SetupClass>{4d36e97d-e325-11ce-bfc1-08002be10318}</SetupClass>\n<RebootOption>False</RebootOption>\n<UpgradeDevice>False</UpgradeDevice>\n<IsDriverOEM>False</IsDriverOEM>\n<InstallStatus>0x00000000</InstallStatus>\n<DriverDescription>PCI Express standard Root Port</DriverDescription>\n</InstallDeviceID>\n</UserData>\n</Event>\n",
    "<Event xmlns=\"http://schemas.microsoft.com/win/2004/08/events/event\"><System><Provider Name=\"Microsoft-Windows-UserPnp\" Guid=\"{96f4a050-7e31-453c-88be-9634f4e02139}\"></Provider>\n<EventID Qualifiers=\"\">20003</EventID>\n<Version>0</Version>\n<Level>4</Level>\n<Task>7005</Task>\n<Opcode>0</Opcode>\n<Keywords>0x8000000000000000</Keywords>\n<TimeCreated SystemTime=\"2024-12-18 09:11:53.279688\"></TimeCreated>\n<EventRecordID>291</EventRecordID>\n<Correlation ActivityID=\"\" RelatedActivityID=\"\"></Correlation>\n<Execution ProcessID=\"1916\" ThreadID=\"1940\"></Execution>\n<Channel>System</Channel>\n<Computer>37L4247F27-25</Computer>\n<Security UserID=\"S-1-5-18\"></Security>\n</System>\n<UserData><AddServiceID xmlns:auto-ns2=\"http://schemas.microsoft.com/win/2004/08/events\" xmlns=\"http://manifests.microsoft.com/win/2004/08/windows/userpnp\"><ServiceName>pci</ServiceName>\n<DriverFileName>system32\\DRIVERS\\pci.sys</DriverFileName>\n<DeviceInstanceID>PCI\\VEN_15AD&amp;DEV_07A0&amp;SUBSYS_07A015AD&amp;REV_01\\3&amp;2B8E0B4B&amp;0&amp;C4</DeviceInstanceID>\n<PrimaryService>True</PrimaryService>\n<UpdateService>True</UpdateService>\n<AddServiceStatus>0</AddServiceStatus>\n</AddServiceID>\n</UserData>\n</Event>\n",
